<?xml version="1.0" encoding="UTF-8"?>
<testsuite xmlns:xsi="http://www.w3.org/2001/XMLSchema-instance" xsi:noNamespaceSchemaLocation="https://maven.apache.org/surefire/maven-surefire-plugin/xsd/surefire-test-report.xsd" name="TestSuite" time="13.476" tests="431" errors="0" skipped="386" failures="45">
  <properties>
    <property name="sun.desktop" value="windows"/>
    <property name="awt.toolkit" value="sun.awt.windows.WToolkit"/>
    <property name="java.specification.version" value="9"/>
    <property name="file.encoding.pkg" value="sun.io"/>
    <property name="sun.cpu.isalist" value="amd64"/>
    <property name="sun.jnu.encoding" value="Cp1252"/>
    <property name="java.class.path" value="D:\SirionSelenide\target\test-classes;D:\SirionSelenide\target\classes;C:\Users\naveen.gupta\.m2\repository\org\jsoup\jsoup\1.10.2\jsoup-1.10.2.jar;C:\Users\naveen.gupta\.m2\repository\sax\sax\2.0.1\sax-2.0.1.jar;C:\Users\naveen.gupta\.m2\repository\org\apache\maven\plugins\maven-site-plugin\3.7\maven-site-plugin-3.7.jar;C:\Users\naveen.gupta\.m2\repository\org\apache\maven\reporting\maven-reporting-exec\1.4\maven-reporting-exec-1.4.jar;C:\Users\naveen.gupta\.m2\repository\org\sonatype\aether\aether-util\1.7\aether-util-1.7.jar;C:\Users\naveen.gupta\.m2\repository\org\eclipse\aether\aether-util\0.9.0.M2\aether-util-0.9.0.M2.jar;C:\Users\naveen.gupta\.m2\repository\org\apache\maven\shared\maven-shared-utils\3.1.0\maven-shared-utils-3.1.0.jar;C:\Users\naveen.gupta\.m2\repository\org\apache\maven\maven-core\3.0\maven-core-3.0.jar;C:\Users\naveen.gupta\.m2\repository\org\apache\maven\maven-model-builder\3.0\maven-model-builder-3.0.jar;C:\Users\naveen.gupta\.m2\repository\org\apache\maven\maven-aether-provider\3.0\maven-aether-provider-3.0.jar;C:\Users\naveen.gupta\.m2\repository\org\sonatype\aether\aether-impl\1.7\aether-impl-1.7.jar;C:\Users\naveen.gupta\.m2\repository\org\sonatype\aether\aether-spi\1.7\aether-spi-1.7.jar;C:\Users\naveen.gupta\.m2\repository\org\sonatype\aether\aether-api\1.7\aether-api-1.7.jar;C:\Users\naveen.gupta\.m2\repository\org\codehaus\plexus\plexus-interpolation\1.14\plexus-interpolation-1.14.jar;C:\Users\naveen.gupta\.m2\repository\org\sonatype\plexus\plexus-sec-dispatcher\1.3\plexus-sec-dispatcher-1.3.jar;C:\Users\naveen.gupta\.m2\repository\org\sonatype\plexus\plexus-cipher\1.4\plexus-cipher-1.4.jar;C:\Users\naveen.gupta\.m2\repository\org\apache\maven\maven-model\3.0\maven-model-3.0.jar;C:\Users\naveen.gupta\.m2\repository\org\apache\maven\maven-plugin-api\3.0\maven-plugin-api-3.0.jar;C:\Users\naveen.gupta\.m2\repository\org\apache\maven\maven-settings\3.0\maven-settings-3.0.jar;C:\Users\naveen.gupta\.m2\repository\org\apache\maven\maven-settings-builder\3.0\maven-settings-builder-3.0.jar;C:\Users\naveen.gupta\.m2\repository\org\apache\maven\maven-archiver\3.1.1\maven-archiver-3.1.1.jar;C:\Users\naveen.gupta\.m2\repository\org\sonatype\sisu\sisu-inject-plexus\1.4.2\sisu-inject-plexus-1.4.2.jar;C:\Users\naveen.gupta\.m2\repository\org\sonatype\sisu\sisu-inject-bean\1.4.2\sisu-inject-bean-1.4.2.jar;C:\Users\naveen.gupta\.m2\repository\org\sonatype\sisu\sisu-guice\2.1.7\sisu-guice-2.1.7-noaop.jar;C:\Users\naveen.gupta\.m2\repository\org\codehaus\plexus\plexus-archiver\3.4\plexus-archiver-3.4.jar;C:\Users\naveen.gupta\.m2\repository\org\apache\commons\commons-compress\1.11\commons-compress-1.11.jar;C:\Users\naveen.gupta\.m2\repository\org\iq80\snappy\snappy\0.4\snappy-0.4.jar;C:\Users\naveen.gupta\.m2\repository\org\tukaani\xz\1.5\xz-1.5.jar;C:\Users\naveen.gupta\.m2\repository\org\codehaus\plexus\plexus-i18n\1.0-beta-10\plexus-i18n-1.0-beta-10.jar;C:\Users\naveen.gupta\.m2\repository\org\codehaus\plexus\plexus-utils\3.0.24\plexus-utils-3.0.24.jar;C:\Users\naveen.gupta\.m2\repository\org\codehaus\plexus\plexus-classworlds\2.5.2\plexus-classworlds-2.5.2.jar;C:\Users\naveen.gupta\.m2\repository\org\apache\maven\doxia\doxia-sink-api\1.8\doxia-sink-api-1.8.jar;C:\Users\naveen.gupta\.m2\repository\org\apache\maven\doxia\doxia-logging-api\1.8\doxia-logging-api-1.8.jar;C:\Users\naveen.gupta\.m2\repository\org\apache\maven\doxia\doxia-module-xhtml\1.8\doxia-module-xhtml-1.8.jar;C:\Users\naveen.gupta\.m2\repository\org\apache\maven\doxia\doxia-core\1.8\doxia-core-1.8.jar;C:\Users\naveen.gupta\.m2\repository\org\apache\maven\doxia\doxia-module-apt\1.8\doxia-module-apt-1.8.jar;C:\Users\naveen.gupta\.m2\repository\org\apache\maven\doxia\doxia-module-xdoc\1.8\doxia-module-xdoc-1.8.jar;C:\Users\naveen.gupta\.m2\repository\org\apache\maven\doxia\doxia-module-fml\1.8\doxia-module-fml-1.8.jar;C:\Users\naveen.gupta\.m2\repository\org\apache\maven\doxia\doxia-module-markdown\1.8\doxia-module-markdown-1.8.jar;C:\Users\naveen.gupta\.m2\repository\com\vladsch\flexmark\flexmark-all\0.18.4\flexmark-all-0.18.4.jar;C:\Users\naveen.gupta\.m2\repository\com\vladsch\flexmark\flexmark\0.18.4\flexmark-0.18.4.jar;C:\Users\naveen.gupta\.m2\repository\com\vladsch\flexmark\flexmark-ext-abbreviation\0.18.4\flexmark-ext-abbreviation-0.18.4.jar;C:\Users\naveen.gupta\.m2\repository\com\vladsch\flexmark\flexmark-ext-anchorlink\0.18.4\flexmark-ext-anchorlink-0.18.4.jar;C:\Users\naveen.gupta\.m2\repository\com\vladsch\flexmark\flexmark-ext-aside\0.18.4\flexmark-ext-aside-0.18.4.jar;C:\Users\naveen.gupta\.m2\repository\com\vladsch\flexmark\flexmark-ext-autolink\0.18.4\flexmark-ext-autolink-0.18.4.jar;C:\Users\naveen.gupta\.m2\repository\org\nibor\autolink\autolink\0.6.0\autolink-0.6.0.jar;C:\Users\naveen.gupta\.m2\repository\com\vladsch\flexmark\flexmark-ext-definition\0.18.4\flexmark-ext-definition-0.18.4.jar;C:\Users\naveen.gupta\.m2\repository\com\vladsch\flexmark\flexmark-ext-emoji\0.18.4\flexmark-ext-emoji-0.18.4.jar;C:\Users\naveen.gupta\.m2\repository\com\vladsch\flexmark\flexmark-ext-escaped-character\0.18.4\flexmark-ext-escaped-character-0.18.4.jar;C:\Users\naveen.gupta\.m2\repository\com\vladsch\flexmark\flexmark-ext-footnotes\0.18.4\flexmark-ext-footnotes-0.18.4.jar;C:\Users\naveen.gupta\.m2\repository\com\vladsch\flexmark\flexmark-ext-gfm-strikethrough\0.18.4\flexmark-ext-gfm-strikethrough-0.18.4.jar;C:\Users\naveen.gupta\.m2\repository\com\vladsch\flexmark\flexmark-ext-gfm-tables\0.18.4\flexmark-ext-gfm-tables-0.18.4.jar;C:\Users\naveen.gupta\.m2\repository\com\vladsch\flexmark\flexmark-ext-gfm-tasklist\0.18.4\flexmark-ext-gfm-tasklist-0.18.4.jar;C:\Users\naveen.gupta\.m2\repository\com\vladsch\flexmark\flexmark-ext-jekyll-front-matter\0.18.4\flexmark-ext-jekyll-front-matter-0.18.4.jar;C:\Users\naveen.gupta\.m2\repository\com\vladsch\flexmark\flexmark-ext-jekyll-tag\0.18.4\flexmark-ext-jekyll-tag-0.18.4.jar;C:\Users\naveen.gupta\.m2\repository\com\vladsch\flexmark\flexmark-ext-ins\0.18.4\flexmark-ext-ins-0.18.4.jar;C:\Users\naveen.gupta\.m2\repository\com\vladsch\flexmark\flexmark-ext-xwiki-macros\0.18.4\flexmark-ext-xwiki-macros-0.18.4.jar;C:\Users\naveen.gupta\.m2\repository\com\vladsch\flexmark\flexmark-ext-spec-example\0.18.4\flexmark-ext-spec-example-0.18.4.jar;C:\Users\naveen.gupta\.m2\repository\com\vladsch\flexmark\flexmark-test-util\0.18.4\flexmark-test-util-0.18.4.jar;C:\Users\naveen.gupta\.m2\repository\com\vladsch\flexmark\flexmark-ext-superscript\0.18.4\flexmark-ext-superscript-0.18.4.jar;C:\Users\naveen.gupta\.m2\repository\com\vladsch\flexmark\flexmark-ext-tables\0.18.4\flexmark-ext-tables-0.18.4.jar;C:\Users\naveen.gupta\.m2\repository\com\vladsch\flexmark\flexmark-ext-toc\0.18.4\flexmark-ext-toc-0.18.4.jar;C:\Users\naveen.gupta\.m2\repository\com\vladsch\flexmark\flexmark-ext-typographic\0.18.4\flexmark-ext-typographic-0.18.4.jar;C:\Users\naveen.gupta\.m2\repository\com\vladsch\flexmark\flexmark-ext-wikilink\0.18.4\flexmark-ext-wikilink-0.18.4.jar;C:\Users\naveen.gupta\.m2\repository\com\vladsch\flexmark\flexmark-ext-yaml-front-matter\0.18.4\flexmark-ext-yaml-front-matter-0.18.4.jar;C:\Users\naveen.gupta\.m2\repository\com\vladsch\flexmark\flexmark-formatter\0.18.4\flexmark-formatter-0.18.4.jar;C:\Users\naveen.gupta\.m2\repository\com\vladsch\flexmark\flexmark-html-parser\0.18.4\flexmark-html-parser-0.18.4.jar;C:\Users\naveen.gupta\.m2\repository\com\vladsch\flexmark\flexmark-jira-converter\0.18.4\flexmark-jira-converter-0.18.4.jar;C:\Users\naveen.gupta\.m2\repository\com\vladsch\flexmark\flexmark-pdf-converter\0.18.4\flexmark-pdf-converter-0.18.4.jar;C:\Users\naveen.gupta\.m2\repository\com\openhtmltopdf\openhtmltopdf-core\0.0.1-RC9\openhtmltopdf-core-0.0.1-RC9.jar;C:\Users\naveen.gupta\.m2\repository\com\openhtmltopdf\openhtmltopdf-pdfbox\0.0.1-RC9\openhtmltopdf-pdfbox-0.0.1-RC9.jar;C:\Users\naveen.gupta\.m2\repository\org\apache\pdfbox\pdfbox\2.0.4\pdfbox-2.0.4.jar;C:\Users\naveen.gupta\.m2\repository\org\apache\pdfbox\fontbox\2.0.4\fontbox-2.0.4.jar;C:\Users\naveen.gupta\.m2\repository\com\openhtmltopdf\openhtmltopdf-rtl-support\0.0.1-RC9\openhtmltopdf-rtl-support-0.0.1-RC9.jar;C:\Users\naveen.gupta\.m2\repository\com\ibm\icu\icu4j\58.1\icu4j-58.1.jar;C:\Users\naveen.gupta\.m2\repository\com\openhtmltopdf\openhtmltopdf-jsoup-dom-converter\0.0.1-RC9\openhtmltopdf-jsoup-dom-converter-0.0.1-RC9.jar;C:\Users\naveen.gupta\.m2\repository\com\vladsch\flexmark\flexmark-profile-pegdown\0.18.4\flexmark-profile-pegdown-0.18.4.jar;C:\Users\naveen.gupta\.m2\repository\com\vladsch\flexmark\flexmark-util\0.18.4\flexmark-util-0.18.4.jar;C:\Users\naveen.gupta\.m2\repository\com\vladsch\flexmark\flexmark-youtrack-converter\0.18.4\flexmark-youtrack-converter-0.18.4.jar;C:\Users\naveen.gupta\.m2\repository\javax\servlet\servlet-api\2.5\servlet-api-2.5.jar;C:\Users\naveen.gupta\.m2\repository\org\apache\maven\doxia\doxia-decoration-model\1.8\doxia-decoration-model-1.8.jar;C:\Users\naveen.gupta\.m2\repository\org\apache\maven\doxia\doxia-site-renderer\1.8\doxia-site-renderer-1.8.jar;C:\Users\naveen.gupta\.m2\repository\org\apache\maven\doxia\doxia-skin-model\1.8\doxia-skin-model-1.8.jar;C:\Users\naveen.gupta\.m2\repository\org\codehaus\plexus\plexus-container-default\1.0-alpha-30\plexus-container-default-1.0-alpha-30.jar;C:\Users\naveen.gupta\.m2\repository\org\codehaus\plexus\plexus-velocity\1.2\plexus-velocity-1.2.jar;C:\Users\naveen.gupta\.m2\repository\org\apache\velocity\velocity\1.7\velocity-1.7.jar;C:\Users\naveen.gupta\.m2\repository\org\apache\velocity\velocity-tools\2.0\velocity-tools-2.0.jar;C:\Users\naveen.gupta\.m2\repository\commons-beanutils\commons-beanutils\1.7.0\commons-beanutils-1.7.0.jar;C:\Users\naveen.gupta\.m2\repository\commons-digester\commons-digester\1.8\commons-digester-1.8.jar;C:\Users\naveen.gupta\.m2\repository\commons-chain\commons-chain\1.1\commons-chain-1.1.jar;C:\Users\naveen.gupta\.m2\repository\dom4j\dom4j\1.1\dom4j-1.1.jar;C:\Users\naveen.gupta\.m2\repository\oro\oro\2.0.8\oro-2.0.8.jar;C:\Users\naveen.gupta\.m2\repository\sslext\sslext\1.2-0\sslext-1.2-0.jar;C:\Users\naveen.gupta\.m2\repository\org\apache\struts\struts-core\1.3.8\struts-core-1.3.8.jar;C:\Users\naveen.gupta\.m2\repository\antlr\antlr\2.7.2\antlr-2.7.2.jar;C:\Users\naveen.gupta\.m2\repository\org\apache\struts\struts-taglib\1.3.8\struts-taglib-1.3.8.jar;C:\Users\naveen.gupta\.m2\repository\org\apache\struts\struts-tiles\1.3.8\struts-tiles-1.3.8.jar;C:\Users\naveen.gupta\.m2\repository\org\apache\maven\doxia\doxia-integration-tools\1.8\doxia-integration-tools-1.8.jar;C:\Users\naveen.gupta\.m2\repository\org\apache\maven\wagon\wagon-provider-api\1.0\wagon-provider-api-1.0.jar;C:\Users\naveen.gupta\.m2\repository\org\mortbay\jetty\jetty\6.1.25\jetty-6.1.25.jar;C:\Users\naveen.gupta\.m2\repository\org\mortbay\jetty\servlet-api\2.5-20081211\servlet-api-2.5-20081211.jar;C:\Users\naveen.gupta\.m2\repository\org\mortbay\jetty\jetty-util\6.1.25\jetty-util-6.1.25.jar;C:\Users\naveen.gupta\.m2\repository\org\apache\poi\poi\3.17\poi-3.17.jar;C:\Users\naveen.gupta\.m2\repository\commons-codec\commons-codec\1.10\commons-codec-1.10.jar;C:\Users\naveen.gupta\.m2\repository\org\apache\commons\commons-collections4\4.1\commons-collections4-4.1.jar;C:\Users\naveen.gupta\.m2\repository\com\jcraft\jzlib\1.0.7\jzlib-1.0.7.jar;C:\Users\naveen.gupta\.m2\repository\org\apache\maven\plugins\maven-dependency-plugin\3.1.0\maven-dependency-plugin-3.1.0.jar;C:\Users\naveen.gupta\.m2\repository\org\apache\maven\maven-artifact\3.0\maven-artifact-3.0.jar;C:\Users\naveen.gupta\.m2\repository\org\apache\maven\maven-repository-metadata\3.0\maven-repository-metadata-3.0.jar;C:\Users\naveen.gupta\.m2\repository\org\apache\maven\reporting\maven-reporting-api\3.0\maven-reporting-api-3.0.jar;C:\Users\naveen.gupta\.m2\repository\org\apache\maven\reporting\maven-reporting-impl\2.3\maven-reporting-impl-2.3.jar;C:\Users\naveen.gupta\.m2\repository\commons-validator\commons-validator\1.3.1\commons-validator-1.3.1.jar;C:\Users\naveen.gupta\.m2\repository\org\apache\maven\shared\file-management\1.2.1\file-management-1.2.1.jar;C:\Users\naveen.gupta\.m2\repository\org\apache\maven\shared\maven-shared-io\1.1\maven-shared-io-1.1.jar;C:\Users\naveen.gupta\.m2\repository\org\codehaus\plexus\plexus-io\3.0.0\plexus-io-3.0.0.jar;C:\Users\naveen.gupta\.m2\repository\org\apache\maven\shared\maven-dependency-analyzer\1.9\maven-dependency-analyzer-1.9.jar;C:\Users\naveen.gupta\.m2\repository\org\ow2\asm\asm\6.1\asm-6.1.jar;C:\Users\naveen.gupta\.m2\repository\org\apache\maven\shared\maven-dependency-tree\3.0.1\maven-dependency-tree-3.0.1.jar;C:\Users\naveen.gupta\.m2\repository\org\apache\maven\shared\maven-common-artifact-filters\3.0.1\maven-common-artifact-filters-3.0.1.jar;C:\Users\naveen.gupta\.m2\repository\org\apache\maven\shared\maven-artifact-transfer\0.9.1\maven-artifact-transfer-0.9.1.jar;C:\Users\naveen.gupta\.m2\repository\commons-lang\commons-lang\2.6\commons-lang-2.6.jar;C:\Users\naveen.gupta\.m2\repository\commons-collections\commons-collections\3.2.2\commons-collections-3.2.2.jar;C:\Users\naveen.gupta\.m2\repository\classworlds\classworlds\1.1\classworlds-1.1.jar;C:\Users\naveen.gupta\.m2\repository\org\apache\poi\poi-ooxml\3.17\poi-ooxml-3.17.jar;C:\Users\naveen.gupta\.m2\repository\org\apache\poi\poi-ooxml-schemas\3.17\poi-ooxml-schemas-3.17.jar;C:\Users\naveen.gupta\.m2\repository\org\apache\xmlbeans\xmlbeans\2.6.0\xmlbeans-2.6.0.jar;C:\Users\naveen.gupta\.m2\repository\stax\stax-api\1.0.1\stax-api-1.0.1.jar;C:\Users\naveen.gupta\.m2\repository\com\github\virtuald\curvesapi\1.04\curvesapi-1.04.jar;C:\Users\naveen.gupta\.m2\repository\org\apache\logging\log4j\log4j-api\2.9.1\log4j-api-2.9.1.jar;C:\Users\naveen.gupta\.m2\repository\commons-io\commons-io\2.4\commons-io-2.4.jar;C:\Users\naveen.gupta\.m2\repository\org\apache\commons\commons-lang3\3.6\commons-lang3-3.6.jar;C:\Users\naveen.gupta\.m2\repository\org\testng\testng\6.14.3\testng-6.14.3.jar;C:\Users\naveen.gupta\.m2\repository\com\beust\jcommander\1.72\jcommander-1.72.jar;C:\Users\naveen.gupta\.m2\repository\org\apache-extras\beanshell\bsh\2.0b6\bsh-2.0b6.jar;C:\Users\naveen.gupta\.m2\repository\com\testlink\client\testlink-api-client\2.0\testlink-api-client-2.0.jar;C:\Users\naveen.gupta\.m2\repository\postgresql\postgresql\9.1-901-1.jdbc4\postgresql-9.1-901-1.jdbc4.jar;C:\Users\naveen.gupta\.m2\repository\javax\mail\javax.mail-api\1.6.0\javax.mail-api-1.6.0.jar;C:\Users\naveen.gupta\.m2\repository\com\sun\mail\javax.mail\1.6.0\javax.mail-1.6.0.jar;C:\Users\naveen.gupta\.m2\repository\javax\activation\activation\1.1\activation-1.1.jar;C:\Users\naveen.gupta\.m2\repository\org\uncommons\reportng\1.1.4\reportng-1.1.4.jar;C:\Users\naveen.gupta\.m2\repository\velocity\velocity\1.4\velocity-1.4.jar;C:\Users\naveen.gupta\.m2\repository\velocity\velocity-dep\1.4\velocity-dep-1.4.jar;C:\Users\naveen.gupta\.m2\repository\com\google\inject\guice\3.0\guice-3.0.jar;C:\Users\naveen.gupta\.m2\repository\javax\inject\javax.inject\1\javax.inject-1.jar;C:\Users\naveen.gupta\.m2\repository\aopalliance\aopalliance\1.0\aopalliance-1.0.jar;C:\Users\naveen.gupta\.m2\repository\org\apache\maven\plugins\maven-surefire-report-plugin\2.21.0\maven-surefire-report-plugin-2.21.0.jar;C:\Users\naveen.gupta\.m2\repository\org\apache\maven\maven-project\2.2.1\maven-project-2.2.1.jar;C:\Users\naveen.gupta\.m2\repository\org\apache\maven\maven-profile\2.2.1\maven-profile-2.2.1.jar;C:\Users\naveen.gupta\.m2\repository\org\apache\maven\maven-artifact-manager\2.2.1\maven-artifact-manager-2.2.1.jar;C:\Users\naveen.gupta\.m2\repository\backport-util-concurrent\backport-util-concurrent\3.1\backport-util-concurrent-3.1.jar;C:\Users\naveen.gupta\.m2\repository\org\apache\maven\maven-plugin-registry\2.2.1\maven-plugin-registry-2.2.1.jar;C:\Users\naveen.gupta\.m2\repository\org\apache\maven\plugin-tools\maven-plugin-annotations\3.5\maven-plugin-annotations-3.5.jar;C:\Users\naveen.gupta\.m2\repository\org\apache\maven\surefire\surefire-report-parser\2.21.0\surefire-report-parser-2.21.0.jar;C:\Users\naveen.gupta\.m2\repository\org\apache\maven\surefire\surefire-logger-api\2.21.0\surefire-logger-api-2.21.0.jar;C:\Users\naveen.gupta\.m2\repository\org\seleniumhq\selenium\selenium-support\3.141.59\selenium-support-3.141.59.jar;C:\Users\naveen.gupta\.m2\repository\org\seleniumhq\selenium\selenium-remote-driver\3.141.59\selenium-remote-driver-3.141.59.jar;C:\Users\naveen.gupta\.m2\repository\net\bytebuddy\byte-buddy\1.8.15\byte-buddy-1.8.15.jar;C:\Users\naveen.gupta\.m2\repository\org\apache\commons\commons-exec\1.3\commons-exec-1.3.jar;C:\Users\naveen.gupta\.m2\repository\com\squareup\okhttp3\okhttp\3.11.0\okhttp-3.11.0.jar;C:\Users\naveen.gupta\.m2\repository\com\squareup\okio\okio\1.14.0\okio-1.14.0.jar;C:\Users\naveen.gupta\.m2\repository\org\json\json\20170516\json-20170516.jar;C:\Users\naveen.gupta\.m2\repository\com\github\detro\ghostdriver\2.1.0\ghostdriver-2.1.0.jar;C:\Users\naveen.gupta\.m2\repository\com\jcraft\jsch\0.1.50\jsch-0.1.50.jar;C:\Users\naveen.gupta\.m2\repository\ru\yandex\qatools\ashot\ashot\1.4.12\ashot-1.4.12.jar;C:\Users\naveen.gupta\.m2\repository\org\hamcrest\hamcrest-all\1.3\hamcrest-all-1.3.jar;C:\Users\naveen.gupta\.m2\repository\com\googlecode\lambdaj\lambdaj\2.3.3\lambdaj-2.3.3.jar;C:\Users\naveen.gupta\.m2\repository\org\objenesis\objenesis\1.2\objenesis-1.2.jar;C:\Users\naveen.gupta\.m2\repository\cglib\cglib-nodep\2.2\cglib-nodep-2.2.jar;C:\Users\naveen.gupta\.m2\repository\com\codepine\api\testrail-api-java-client\2.0.1\testrail-api-java-client-2.0.1.jar;C:\Users\naveen.gupta\.m2\repository\log4j\log4j\1.2.17\log4j-1.2.17.jar;C:\Users\naveen.gupta\.m2\repository\com\github\skwakman\nodejs-maven-plugin\nodejs-maven-plugin\1.0.2\nodejs-maven-plugin-1.0.2.jar;C:\Users\naveen.gupta\.m2\repository\junit\junit\4.12\junit-4.12.jar;C:\Users\naveen.gupta\.m2\repository\org\hamcrest\hamcrest-core\1.3\hamcrest-core-1.3.jar;C:\Users\naveen.gupta\.m2\repository\org\apache\httpcomponents\httpcore\4.4\httpcore-4.4.jar;C:\Users\naveen.gupta\.m2\repository\org\seleniumhq\selenium\selenium-api\3.141.59\selenium-api-3.141.59.jar;C:\Users\naveen.gupta\.m2\repository\org\apache\httpcomponents\httpclient\4.5.3\httpclient-4.5.3.jar;C:\Users\naveen.gupta\.m2\repository\commons-logging\commons-logging\1.2\commons-logging-1.2.jar;C:\Users\naveen.gupta\.m2\repository\com\google\guava\guava\27.1-jre\guava-27.1-jre.jar;C:\Users\naveen.gupta\.m2\repository\com\google\guava\failureaccess\1.0.1\failureaccess-1.0.1.jar;C:\Users\naveen.gupta\.m2\repository\com\google\guava\listenablefuture\9999.0-empty-to-avoid-conflict-with-guava\listenablefuture-9999.0-empty-to-avoid-conflict-with-guava.jar;C:\Users\naveen.gupta\.m2\repository\com\google\code\findbugs\jsr305\3.0.2\jsr305-3.0.2.jar;C:\Users\naveen.gupta\.m2\repository\org\checkerframework\checker-qual\2.5.2\checker-qual-2.5.2.jar;C:\Users\naveen.gupta\.m2\repository\com\google\errorprone\error_prone_annotations\2.2.0\error_prone_annotations-2.2.0.jar;C:\Users\naveen.gupta\.m2\repository\com\google\j2objc\j2objc-annotations\1.1\j2objc-annotations-1.1.jar;C:\Users\naveen.gupta\.m2\repository\org\codehaus\mojo\animal-sniffer-annotations\1.17\animal-sniffer-annotations-1.17.jar;C:\Users\naveen.gupta\.m2\repository\org\seleniumhq\selenium\selenium-java\3.141.59\selenium-java-3.141.59.jar;C:\Users\naveen.gupta\.m2\repository\org\seleniumhq\selenium\selenium-chrome-driver\3.141.59\selenium-chrome-driver-3.141.59.jar;C:\Users\naveen.gupta\.m2\repository\org\seleniumhq\selenium\selenium-edge-driver\3.141.59\selenium-edge-driver-3.141.59.jar;C:\Users\naveen.gupta\.m2\repository\org\seleniumhq\selenium\selenium-firefox-driver\3.141.59\selenium-firefox-driver-3.141.59.jar;C:\Users\naveen.gupta\.m2\repository\org\seleniumhq\selenium\selenium-ie-driver\3.141.59\selenium-ie-driver-3.141.59.jar;C:\Users\naveen.gupta\.m2\repository\org\seleniumhq\selenium\selenium-opera-driver\3.141.59\selenium-opera-driver-3.141.59.jar;C:\Users\naveen.gupta\.m2\repository\org\seleniumhq\selenium\selenium-safari-driver\3.141.59\selenium-safari-driver-3.141.59.jar;C:\Users\naveen.gupta\.m2\repository\io\github\bonigarcia\webdrivermanager\3.3.0\webdrivermanager-3.3.0.jar;C:\Users\naveen.gupta\.m2\repository\org\slf4j\slf4j-api\1.7.25\slf4j-api-1.7.25.jar;C:\Users\naveen.gupta\.m2\repository\org\rauschig\jarchivelib\1.0.0\jarchivelib-1.0.0.jar;C:\Users\naveen.gupta\.m2\repository\org\seleniumhq\selenium\htmlunit-driver\2.34.0\htmlunit-driver-2.34.0.jar;C:\Users\naveen.gupta\.m2\repository\net\sourceforge\htmlunit\htmlunit\2.34.1\htmlunit-2.34.1.jar;C:\Users\naveen.gupta\.m2\repository\xalan\xalan\2.7.2\xalan-2.7.2.jar;C:\Users\naveen.gupta\.m2\repository\xalan\serializer\2.7.2\serializer-2.7.2.jar;C:\Users\naveen.gupta\.m2\repository\org\apache\commons\commons-text\1.6\commons-text-1.6.jar;C:\Users\naveen.gupta\.m2\repository\org\apache\httpcomponents\httpmime\4.5.7\httpmime-4.5.7.jar;C:\Users\naveen.gupta\.m2\repository\net\sourceforge\htmlunit\htmlunit-core-js\2.34.0\htmlunit-core-js-2.34.0.jar;C:\Users\naveen.gupta\.m2\repository\net\sourceforge\htmlunit\neko-htmlunit\2.34.0\neko-htmlunit-2.34.0.jar;C:\Users\naveen.gupta\.m2\repository\xerces\xercesImpl\2.12.0\xercesImpl-2.12.0.jar;C:\Users\naveen.gupta\.m2\repository\xml-apis\xml-apis\1.4.01\xml-apis-1.4.01.jar;C:\Users\naveen.gupta\.m2\repository\net\sourceforge\htmlunit\htmlunit-cssparser\1.3.0\htmlunit-cssparser-1.3.0.jar;C:\Users\naveen.gupta\.m2\repository\commons-net\commons-net\3.6\commons-net-3.6.jar;C:\Users\naveen.gupta\.m2\repository\org\eclipse\jetty\websocket\websocket-client\9.4.15.v20190215\websocket-client-9.4.15.v20190215.jar;C:\Users\naveen.gupta\.m2\repository\org\eclipse\jetty\jetty-client\9.4.15.v20190215\jetty-client-9.4.15.v20190215.jar;C:\Users\naveen.gupta\.m2\repository\org\eclipse\jetty\jetty-http\9.4.15.v20190215\jetty-http-9.4.15.v20190215.jar;C:\Users\naveen.gupta\.m2\repository\org\eclipse\jetty\jetty-xml\9.4.15.v20190215\jetty-xml-9.4.15.v20190215.jar;C:\Users\naveen.gupta\.m2\repository\org\eclipse\jetty\jetty-util\9.4.15.v20190215\jetty-util-9.4.15.v20190215.jar;C:\Users\naveen.gupta\.m2\repository\org\eclipse\jetty\jetty-io\9.4.15.v20190215\jetty-io-9.4.15.v20190215.jar;C:\Users\naveen.gupta\.m2\repository\org\eclipse\jetty\websocket\websocket-common\9.4.15.v20190215\websocket-common-9.4.15.v20190215.jar;C:\Users\naveen.gupta\.m2\repository\org\eclipse\jetty\websocket\websocket-api\9.4.15.v20190215\websocket-api-9.4.15.v20190215.jar;C:\Users\naveen.gupta\.m2\repository\com\fasterxml\jackson\core\jackson-databind\2.9.8\jackson-databind-2.9.8.jar;C:\Users\naveen.gupta\.m2\repository\com\fasterxml\jackson\core\jackson-annotations\2.9.0\jackson-annotations-2.9.0.jar;C:\Users\naveen.gupta\.m2\repository\com\fasterxml\jackson\core\jackson-core\2.9.8\jackson-core-2.9.8.jar;C:\Users\naveen.gupta\.m2\repository\org\apache\maven\shared\maven-invoker\3.0.1\maven-invoker-3.0.1.jar;C:\Users\naveen.gupta\.m2\repository\org\codehaus\plexus\plexus-component-annotations\1.7.1\plexus-component-annotations-1.7.1.jar;C:\Users\naveen.gupta\.m2\repository\com\google\code\gson\gson\2.8.5\gson-2.8.5.jar;C:\Users\naveen.gupta\.m2\repository\mysql\mysql-connector-java\8.0.17\mysql-connector-java-8.0.17.jar;C:\Users\naveen.gupta\.m2\repository\com\google\protobuf\protobuf-java\3.6.1\protobuf-java-3.6.1.jar;C:\Users\naveen.gupta\.m2\repository\org\eclipse\jgit\org.eclipse.jgit\4.7.0.201704051617-r\org.eclipse.jgit-4.7.0.201704051617-r.jar;C:\Users\naveen.gupta\.m2\repository\com\googlecode\javaewah\JavaEWAH\1.1.6\JavaEWAH-1.1.6.jar;C:\Users\naveen.gupta\.m2\repository\org\apache\maven\surefire\surefire-testng-utils\2.20.1\surefire-testng-utils-2.20.1.jar;C:\Users\naveen.gupta\.m2\repository\org\apache\maven\surefire\surefire-grouper\2.20.1\surefire-grouper-2.20.1.jar;"/>
    <property name="java.vm.vendor" value="Oracle Corporation"/>
    <property name="sun.arch.data.model" value="64"/>
    <property name="user.variant" value=""/>
    <property name="java.vendor.url" value="http://java.oracle.com/"/>
    <property name="user.timezone" value=""/>
    <property name="java.vm.specification.version" value="9"/>
    <property name="os.name" value="Windows 10"/>
    <property name="sun.java.launcher" value="SUN_STANDARD"/>
    <property name="user.country" value="IN"/>
    <property name="sun.boot.library.path" value="C:\Program Files\Java\jdk9\bin"/>
    <property name="sun.java.command" value="C:\Users\NAVEEN~1.GUP\AppData\Local\Temp\surefire1830424442342312696\surefirebooter13100531456022388816.jar C:\Users\naveen.gupta\AppData\Local\Temp\surefire1830424442342312696 2020-04-20T16-37-54_847-jvmRun1 surefire11378125477258534980tmp surefire_08555239868767189068tmp"/>
    <property name="jdk.debug" value="release"/>
    <property name="surefire.test.class.path" value="D:\SirionSelenide\target\test-classes;D:\SirionSelenide\target\classes;C:\Users\naveen.gupta\.m2\repository\org\jsoup\jsoup\1.10.2\jsoup-1.10.2.jar;C:\Users\naveen.gupta\.m2\repository\sax\sax\2.0.1\sax-2.0.1.jar;C:\Users\naveen.gupta\.m2\repository\org\apache\maven\plugins\maven-site-plugin\3.7\maven-site-plugin-3.7.jar;C:\Users\naveen.gupta\.m2\repository\org\apache\maven\reporting\maven-reporting-exec\1.4\maven-reporting-exec-1.4.jar;C:\Users\naveen.gupta\.m2\repository\org\sonatype\aether\aether-util\1.7\aether-util-1.7.jar;C:\Users\naveen.gupta\.m2\repository\org\eclipse\aether\aether-util\0.9.0.M2\aether-util-0.9.0.M2.jar;C:\Users\naveen.gupta\.m2\repository\org\apache\maven\shared\maven-shared-utils\3.1.0\maven-shared-utils-3.1.0.jar;C:\Users\naveen.gupta\.m2\repository\org\apache\maven\maven-core\3.0\maven-core-3.0.jar;C:\Users\naveen.gupta\.m2\repository\org\apache\maven\maven-model-builder\3.0\maven-model-builder-3.0.jar;C:\Users\naveen.gupta\.m2\repository\org\apache\maven\maven-aether-provider\3.0\maven-aether-provider-3.0.jar;C:\Users\naveen.gupta\.m2\repository\org\sonatype\aether\aether-impl\1.7\aether-impl-1.7.jar;C:\Users\naveen.gupta\.m2\repository\org\sonatype\aether\aether-spi\1.7\aether-spi-1.7.jar;C:\Users\naveen.gupta\.m2\repository\org\sonatype\aether\aether-api\1.7\aether-api-1.7.jar;C:\Users\naveen.gupta\.m2\repository\org\codehaus\plexus\plexus-interpolation\1.14\plexus-interpolation-1.14.jar;C:\Users\naveen.gupta\.m2\repository\org\sonatype\plexus\plexus-sec-dispatcher\1.3\plexus-sec-dispatcher-1.3.jar;C:\Users\naveen.gupta\.m2\repository\org\sonatype\plexus\plexus-cipher\1.4\plexus-cipher-1.4.jar;C:\Users\naveen.gupta\.m2\repository\org\apache\maven\maven-model\3.0\maven-model-3.0.jar;C:\Users\naveen.gupta\.m2\repository\org\apache\maven\maven-plugin-api\3.0\maven-plugin-api-3.0.jar;C:\Users\naveen.gupta\.m2\repository\org\apache\maven\maven-settings\3.0\maven-settings-3.0.jar;C:\Users\naveen.gupta\.m2\repository\org\apache\maven\maven-settings-builder\3.0\maven-settings-builder-3.0.jar;C:\Users\naveen.gupta\.m2\repository\org\apache\maven\maven-archiver\3.1.1\maven-archiver-3.1.1.jar;C:\Users\naveen.gupta\.m2\repository\org\sonatype\sisu\sisu-inject-plexus\1.4.2\sisu-inject-plexus-1.4.2.jar;C:\Users\naveen.gupta\.m2\repository\org\sonatype\sisu\sisu-inject-bean\1.4.2\sisu-inject-bean-1.4.2.jar;C:\Users\naveen.gupta\.m2\repository\org\sonatype\sisu\sisu-guice\2.1.7\sisu-guice-2.1.7-noaop.jar;C:\Users\naveen.gupta\.m2\repository\org\codehaus\plexus\plexus-archiver\3.4\plexus-archiver-3.4.jar;C:\Users\naveen.gupta\.m2\repository\org\apache\commons\commons-compress\1.11\commons-compress-1.11.jar;C:\Users\naveen.gupta\.m2\repository\org\iq80\snappy\snappy\0.4\snappy-0.4.jar;C:\Users\naveen.gupta\.m2\repository\org\tukaani\xz\1.5\xz-1.5.jar;C:\Users\naveen.gupta\.m2\repository\org\codehaus\plexus\plexus-i18n\1.0-beta-10\plexus-i18n-1.0-beta-10.jar;C:\Users\naveen.gupta\.m2\repository\org\codehaus\plexus\plexus-utils\3.0.24\plexus-utils-3.0.24.jar;C:\Users\naveen.gupta\.m2\repository\org\codehaus\plexus\plexus-classworlds\2.5.2\plexus-classworlds-2.5.2.jar;C:\Users\naveen.gupta\.m2\repository\org\apache\maven\doxia\doxia-sink-api\1.8\doxia-sink-api-1.8.jar;C:\Users\naveen.gupta\.m2\repository\org\apache\maven\doxia\doxia-logging-api\1.8\doxia-logging-api-1.8.jar;C:\Users\naveen.gupta\.m2\repository\org\apache\maven\doxia\doxia-module-xhtml\1.8\doxia-module-xhtml-1.8.jar;C:\Users\naveen.gupta\.m2\repository\org\apache\maven\doxia\doxia-core\1.8\doxia-core-1.8.jar;C:\Users\naveen.gupta\.m2\repository\org\apache\maven\doxia\doxia-module-apt\1.8\doxia-module-apt-1.8.jar;C:\Users\naveen.gupta\.m2\repository\org\apache\maven\doxia\doxia-module-xdoc\1.8\doxia-module-xdoc-1.8.jar;C:\Users\naveen.gupta\.m2\repository\org\apache\maven\doxia\doxia-module-fml\1.8\doxia-module-fml-1.8.jar;C:\Users\naveen.gupta\.m2\repository\org\apache\maven\doxia\doxia-module-markdown\1.8\doxia-module-markdown-1.8.jar;C:\Users\naveen.gupta\.m2\repository\com\vladsch\flexmark\flexmark-all\0.18.4\flexmark-all-0.18.4.jar;C:\Users\naveen.gupta\.m2\repository\com\vladsch\flexmark\flexmark\0.18.4\flexmark-0.18.4.jar;C:\Users\naveen.gupta\.m2\repository\com\vladsch\flexmark\flexmark-ext-abbreviation\0.18.4\flexmark-ext-abbreviation-0.18.4.jar;C:\Users\naveen.gupta\.m2\repository\com\vladsch\flexmark\flexmark-ext-anchorlink\0.18.4\flexmark-ext-anchorlink-0.18.4.jar;C:\Users\naveen.gupta\.m2\repository\com\vladsch\flexmark\flexmark-ext-aside\0.18.4\flexmark-ext-aside-0.18.4.jar;C:\Users\naveen.gupta\.m2\repository\com\vladsch\flexmark\flexmark-ext-autolink\0.18.4\flexmark-ext-autolink-0.18.4.jar;C:\Users\naveen.gupta\.m2\repository\org\nibor\autolink\autolink\0.6.0\autolink-0.6.0.jar;C:\Users\naveen.gupta\.m2\repository\com\vladsch\flexmark\flexmark-ext-definition\0.18.4\flexmark-ext-definition-0.18.4.jar;C:\Users\naveen.gupta\.m2\repository\com\vladsch\flexmark\flexmark-ext-emoji\0.18.4\flexmark-ext-emoji-0.18.4.jar;C:\Users\naveen.gupta\.m2\repository\com\vladsch\flexmark\flexmark-ext-escaped-character\0.18.4\flexmark-ext-escaped-character-0.18.4.jar;C:\Users\naveen.gupta\.m2\repository\com\vladsch\flexmark\flexmark-ext-footnotes\0.18.4\flexmark-ext-footnotes-0.18.4.jar;C:\Users\naveen.gupta\.m2\repository\com\vladsch\flexmark\flexmark-ext-gfm-strikethrough\0.18.4\flexmark-ext-gfm-strikethrough-0.18.4.jar;C:\Users\naveen.gupta\.m2\repository\com\vladsch\flexmark\flexmark-ext-gfm-tables\0.18.4\flexmark-ext-gfm-tables-0.18.4.jar;C:\Users\naveen.gupta\.m2\repository\com\vladsch\flexmark\flexmark-ext-gfm-tasklist\0.18.4\flexmark-ext-gfm-tasklist-0.18.4.jar;C:\Users\naveen.gupta\.m2\repository\com\vladsch\flexmark\flexmark-ext-jekyll-front-matter\0.18.4\flexmark-ext-jekyll-front-matter-0.18.4.jar;C:\Users\naveen.gupta\.m2\repository\com\vladsch\flexmark\flexmark-ext-jekyll-tag\0.18.4\flexmark-ext-jekyll-tag-0.18.4.jar;C:\Users\naveen.gupta\.m2\repository\com\vladsch\flexmark\flexmark-ext-ins\0.18.4\flexmark-ext-ins-0.18.4.jar;C:\Users\naveen.gupta\.m2\repository\com\vladsch\flexmark\flexmark-ext-xwiki-macros\0.18.4\flexmark-ext-xwiki-macros-0.18.4.jar;C:\Users\naveen.gupta\.m2\repository\com\vladsch\flexmark\flexmark-ext-spec-example\0.18.4\flexmark-ext-spec-example-0.18.4.jar;C:\Users\naveen.gupta\.m2\repository\com\vladsch\flexmark\flexmark-test-util\0.18.4\flexmark-test-util-0.18.4.jar;C:\Users\naveen.gupta\.m2\repository\com\vladsch\flexmark\flexmark-ext-superscript\0.18.4\flexmark-ext-superscript-0.18.4.jar;C:\Users\naveen.gupta\.m2\repository\com\vladsch\flexmark\flexmark-ext-tables\0.18.4\flexmark-ext-tables-0.18.4.jar;C:\Users\naveen.gupta\.m2\repository\com\vladsch\flexmark\flexmark-ext-toc\0.18.4\flexmark-ext-toc-0.18.4.jar;C:\Users\naveen.gupta\.m2\repository\com\vladsch\flexmark\flexmark-ext-typographic\0.18.4\flexmark-ext-typographic-0.18.4.jar;C:\Users\naveen.gupta\.m2\repository\com\vladsch\flexmark\flexmark-ext-wikilink\0.18.4\flexmark-ext-wikilink-0.18.4.jar;C:\Users\naveen.gupta\.m2\repository\com\vladsch\flexmark\flexmark-ext-yaml-front-matter\0.18.4\flexmark-ext-yaml-front-matter-0.18.4.jar;C:\Users\naveen.gupta\.m2\repository\com\vladsch\flexmark\flexmark-formatter\0.18.4\flexmark-formatter-0.18.4.jar;C:\Users\naveen.gupta\.m2\repository\com\vladsch\flexmark\flexmark-html-parser\0.18.4\flexmark-html-parser-0.18.4.jar;C:\Users\naveen.gupta\.m2\repository\com\vladsch\flexmark\flexmark-jira-converter\0.18.4\flexmark-jira-converter-0.18.4.jar;C:\Users\naveen.gupta\.m2\repository\com\vladsch\flexmark\flexmark-pdf-converter\0.18.4\flexmark-pdf-converter-0.18.4.jar;C:\Users\naveen.gupta\.m2\repository\com\openhtmltopdf\openhtmltopdf-core\0.0.1-RC9\openhtmltopdf-core-0.0.1-RC9.jar;C:\Users\naveen.gupta\.m2\repository\com\openhtmltopdf\openhtmltopdf-pdfbox\0.0.1-RC9\openhtmltopdf-pdfbox-0.0.1-RC9.jar;C:\Users\naveen.gupta\.m2\repository\org\apache\pdfbox\pdfbox\2.0.4\pdfbox-2.0.4.jar;C:\Users\naveen.gupta\.m2\repository\org\apache\pdfbox\fontbox\2.0.4\fontbox-2.0.4.jar;C:\Users\naveen.gupta\.m2\repository\com\openhtmltopdf\openhtmltopdf-rtl-support\0.0.1-RC9\openhtmltopdf-rtl-support-0.0.1-RC9.jar;C:\Users\naveen.gupta\.m2\repository\com\ibm\icu\icu4j\58.1\icu4j-58.1.jar;C:\Users\naveen.gupta\.m2\repository\com\openhtmltopdf\openhtmltopdf-jsoup-dom-converter\0.0.1-RC9\openhtmltopdf-jsoup-dom-converter-0.0.1-RC9.jar;C:\Users\naveen.gupta\.m2\repository\com\vladsch\flexmark\flexmark-profile-pegdown\0.18.4\flexmark-profile-pegdown-0.18.4.jar;C:\Users\naveen.gupta\.m2\repository\com\vladsch\flexmark\flexmark-util\0.18.4\flexmark-util-0.18.4.jar;C:\Users\naveen.gupta\.m2\repository\com\vladsch\flexmark\flexmark-youtrack-converter\0.18.4\flexmark-youtrack-converter-0.18.4.jar;C:\Users\naveen.gupta\.m2\repository\javax\servlet\servlet-api\2.5\servlet-api-2.5.jar;C:\Users\naveen.gupta\.m2\repository\org\apache\maven\doxia\doxia-decoration-model\1.8\doxia-decoration-model-1.8.jar;C:\Users\naveen.gupta\.m2\repository\org\apache\maven\doxia\doxia-site-renderer\1.8\doxia-site-renderer-1.8.jar;C:\Users\naveen.gupta\.m2\repository\org\apache\maven\doxia\doxia-skin-model\1.8\doxia-skin-model-1.8.jar;C:\Users\naveen.gupta\.m2\repository\org\codehaus\plexus\plexus-container-default\1.0-alpha-30\plexus-container-default-1.0-alpha-30.jar;C:\Users\naveen.gupta\.m2\repository\org\codehaus\plexus\plexus-velocity\1.2\plexus-velocity-1.2.jar;C:\Users\naveen.gupta\.m2\repository\org\apache\velocity\velocity\1.7\velocity-1.7.jar;C:\Users\naveen.gupta\.m2\repository\org\apache\velocity\velocity-tools\2.0\velocity-tools-2.0.jar;C:\Users\naveen.gupta\.m2\repository\commons-beanutils\commons-beanutils\1.7.0\commons-beanutils-1.7.0.jar;C:\Users\naveen.gupta\.m2\repository\commons-digester\commons-digester\1.8\commons-digester-1.8.jar;C:\Users\naveen.gupta\.m2\repository\commons-chain\commons-chain\1.1\commons-chain-1.1.jar;C:\Users\naveen.gupta\.m2\repository\dom4j\dom4j\1.1\dom4j-1.1.jar;C:\Users\naveen.gupta\.m2\repository\oro\oro\2.0.8\oro-2.0.8.jar;C:\Users\naveen.gupta\.m2\repository\sslext\sslext\1.2-0\sslext-1.2-0.jar;C:\Users\naveen.gupta\.m2\repository\org\apache\struts\struts-core\1.3.8\struts-core-1.3.8.jar;C:\Users\naveen.gupta\.m2\repository\antlr\antlr\2.7.2\antlr-2.7.2.jar;C:\Users\naveen.gupta\.m2\repository\org\apache\struts\struts-taglib\1.3.8\struts-taglib-1.3.8.jar;C:\Users\naveen.gupta\.m2\repository\org\apache\struts\struts-tiles\1.3.8\struts-tiles-1.3.8.jar;C:\Users\naveen.gupta\.m2\repository\org\apache\maven\doxia\doxia-integration-tools\1.8\doxia-integration-tools-1.8.jar;C:\Users\naveen.gupta\.m2\repository\org\apache\maven\wagon\wagon-provider-api\1.0\wagon-provider-api-1.0.jar;C:\Users\naveen.gupta\.m2\repository\org\mortbay\jetty\jetty\6.1.25\jetty-6.1.25.jar;C:\Users\naveen.gupta\.m2\repository\org\mortbay\jetty\servlet-api\2.5-20081211\servlet-api-2.5-20081211.jar;C:\Users\naveen.gupta\.m2\repository\org\mortbay\jetty\jetty-util\6.1.25\jetty-util-6.1.25.jar;C:\Users\naveen.gupta\.m2\repository\org\apache\poi\poi\3.17\poi-3.17.jar;C:\Users\naveen.gupta\.m2\repository\commons-codec\commons-codec\1.10\commons-codec-1.10.jar;C:\Users\naveen.gupta\.m2\repository\org\apache\commons\commons-collections4\4.1\commons-collections4-4.1.jar;C:\Users\naveen.gupta\.m2\repository\com\jcraft\jzlib\1.0.7\jzlib-1.0.7.jar;C:\Users\naveen.gupta\.m2\repository\org\apache\maven\plugins\maven-dependency-plugin\3.1.0\maven-dependency-plugin-3.1.0.jar;C:\Users\naveen.gupta\.m2\repository\org\apache\maven\maven-artifact\3.0\maven-artifact-3.0.jar;C:\Users\naveen.gupta\.m2\repository\org\apache\maven\maven-repository-metadata\3.0\maven-repository-metadata-3.0.jar;C:\Users\naveen.gupta\.m2\repository\org\apache\maven\reporting\maven-reporting-api\3.0\maven-reporting-api-3.0.jar;C:\Users\naveen.gupta\.m2\repository\org\apache\maven\reporting\maven-reporting-impl\2.3\maven-reporting-impl-2.3.jar;C:\Users\naveen.gupta\.m2\repository\commons-validator\commons-validator\1.3.1\commons-validator-1.3.1.jar;C:\Users\naveen.gupta\.m2\repository\org\apache\maven\shared\file-management\1.2.1\file-management-1.2.1.jar;C:\Users\naveen.gupta\.m2\repository\org\apache\maven\shared\maven-shared-io\1.1\maven-shared-io-1.1.jar;C:\Users\naveen.gupta\.m2\repository\org\codehaus\plexus\plexus-io\3.0.0\plexus-io-3.0.0.jar;C:\Users\naveen.gupta\.m2\repository\org\apache\maven\shared\maven-dependency-analyzer\1.9\maven-dependency-analyzer-1.9.jar;C:\Users\naveen.gupta\.m2\repository\org\ow2\asm\asm\6.1\asm-6.1.jar;C:\Users\naveen.gupta\.m2\repository\org\apache\maven\shared\maven-dependency-tree\3.0.1\maven-dependency-tree-3.0.1.jar;C:\Users\naveen.gupta\.m2\repository\org\apache\maven\shared\maven-common-artifact-filters\3.0.1\maven-common-artifact-filters-3.0.1.jar;C:\Users\naveen.gupta\.m2\repository\org\apache\maven\shared\maven-artifact-transfer\0.9.1\maven-artifact-transfer-0.9.1.jar;C:\Users\naveen.gupta\.m2\repository\commons-lang\commons-lang\2.6\commons-lang-2.6.jar;C:\Users\naveen.gupta\.m2\repository\commons-collections\commons-collections\3.2.2\commons-collections-3.2.2.jar;C:\Users\naveen.gupta\.m2\repository\classworlds\classworlds\1.1\classworlds-1.1.jar;C:\Users\naveen.gupta\.m2\repository\org\apache\poi\poi-ooxml\3.17\poi-ooxml-3.17.jar;C:\Users\naveen.gupta\.m2\repository\org\apache\poi\poi-ooxml-schemas\3.17\poi-ooxml-schemas-3.17.jar;C:\Users\naveen.gupta\.m2\repository\org\apache\xmlbeans\xmlbeans\2.6.0\xmlbeans-2.6.0.jar;C:\Users\naveen.gupta\.m2\repository\stax\stax-api\1.0.1\stax-api-1.0.1.jar;C:\Users\naveen.gupta\.m2\repository\com\github\virtuald\curvesapi\1.04\curvesapi-1.04.jar;C:\Users\naveen.gupta\.m2\repository\org\apache\logging\log4j\log4j-api\2.9.1\log4j-api-2.9.1.jar;C:\Users\naveen.gupta\.m2\repository\commons-io\commons-io\2.4\commons-io-2.4.jar;C:\Users\naveen.gupta\.m2\repository\org\apache\commons\commons-lang3\3.6\commons-lang3-3.6.jar;C:\Users\naveen.gupta\.m2\repository\org\testng\testng\6.14.3\testng-6.14.3.jar;C:\Users\naveen.gupta\.m2\repository\com\beust\jcommander\1.72\jcommander-1.72.jar;C:\Users\naveen.gupta\.m2\repository\org\apache-extras\beanshell\bsh\2.0b6\bsh-2.0b6.jar;C:\Users\naveen.gupta\.m2\repository\com\testlink\client\testlink-api-client\2.0\testlink-api-client-2.0.jar;C:\Users\naveen.gupta\.m2\repository\postgresql\postgresql\9.1-901-1.jdbc4\postgresql-9.1-901-1.jdbc4.jar;C:\Users\naveen.gupta\.m2\repository\javax\mail\javax.mail-api\1.6.0\javax.mail-api-1.6.0.jar;C:\Users\naveen.gupta\.m2\repository\com\sun\mail\javax.mail\1.6.0\javax.mail-1.6.0.jar;C:\Users\naveen.gupta\.m2\repository\javax\activation\activation\1.1\activation-1.1.jar;C:\Users\naveen.gupta\.m2\repository\org\uncommons\reportng\1.1.4\reportng-1.1.4.jar;C:\Users\naveen.gupta\.m2\repository\velocity\velocity\1.4\velocity-1.4.jar;C:\Users\naveen.gupta\.m2\repository\velocity\velocity-dep\1.4\velocity-dep-1.4.jar;C:\Users\naveen.gupta\.m2\repository\com\google\inject\guice\3.0\guice-3.0.jar;C:\Users\naveen.gupta\.m2\repository\javax\inject\javax.inject\1\javax.inject-1.jar;C:\Users\naveen.gupta\.m2\repository\aopalliance\aopalliance\1.0\aopalliance-1.0.jar;C:\Users\naveen.gupta\.m2\repository\org\apache\maven\plugins\maven-surefire-report-plugin\2.21.0\maven-surefire-report-plugin-2.21.0.jar;C:\Users\naveen.gupta\.m2\repository\org\apache\maven\maven-project\2.2.1\maven-project-2.2.1.jar;C:\Users\naveen.gupta\.m2\repository\org\apache\maven\maven-profile\2.2.1\maven-profile-2.2.1.jar;C:\Users\naveen.gupta\.m2\repository\org\apache\maven\maven-artifact-manager\2.2.1\maven-artifact-manager-2.2.1.jar;C:\Users\naveen.gupta\.m2\repository\backport-util-concurrent\backport-util-concurrent\3.1\backport-util-concurrent-3.1.jar;C:\Users\naveen.gupta\.m2\repository\org\apache\maven\maven-plugin-registry\2.2.1\maven-plugin-registry-2.2.1.jar;C:\Users\naveen.gupta\.m2\repository\org\apache\maven\plugin-tools\maven-plugin-annotations\3.5\maven-plugin-annotations-3.5.jar;C:\Users\naveen.gupta\.m2\repository\org\apache\maven\surefire\surefire-report-parser\2.21.0\surefire-report-parser-2.21.0.jar;C:\Users\naveen.gupta\.m2\repository\org\apache\maven\surefire\surefire-logger-api\2.21.0\surefire-logger-api-2.21.0.jar;C:\Users\naveen.gupta\.m2\repository\org\seleniumhq\selenium\selenium-support\3.141.59\selenium-support-3.141.59.jar;C:\Users\naveen.gupta\.m2\repository\org\seleniumhq\selenium\selenium-remote-driver\3.141.59\selenium-remote-driver-3.141.59.jar;C:\Users\naveen.gupta\.m2\repository\net\bytebuddy\byte-buddy\1.8.15\byte-buddy-1.8.15.jar;C:\Users\naveen.gupta\.m2\repository\org\apache\commons\commons-exec\1.3\commons-exec-1.3.jar;C:\Users\naveen.gupta\.m2\repository\com\squareup\okhttp3\okhttp\3.11.0\okhttp-3.11.0.jar;C:\Users\naveen.gupta\.m2\repository\com\squareup\okio\okio\1.14.0\okio-1.14.0.jar;C:\Users\naveen.gupta\.m2\repository\org\json\json\20170516\json-20170516.jar;C:\Users\naveen.gupta\.m2\repository\com\github\detro\ghostdriver\2.1.0\ghostdriver-2.1.0.jar;C:\Users\naveen.gupta\.m2\repository\com\jcraft\jsch\0.1.50\jsch-0.1.50.jar;C:\Users\naveen.gupta\.m2\repository\ru\yandex\qatools\ashot\ashot\1.4.12\ashot-1.4.12.jar;C:\Users\naveen.gupta\.m2\repository\org\hamcrest\hamcrest-all\1.3\hamcrest-all-1.3.jar;C:\Users\naveen.gupta\.m2\repository\com\googlecode\lambdaj\lambdaj\2.3.3\lambdaj-2.3.3.jar;C:\Users\naveen.gupta\.m2\repository\org\objenesis\objenesis\1.2\objenesis-1.2.jar;C:\Users\naveen.gupta\.m2\repository\cglib\cglib-nodep\2.2\cglib-nodep-2.2.jar;C:\Users\naveen.gupta\.m2\repository\com\codepine\api\testrail-api-java-client\2.0.1\testrail-api-java-client-2.0.1.jar;C:\Users\naveen.gupta\.m2\repository\log4j\log4j\1.2.17\log4j-1.2.17.jar;C:\Users\naveen.gupta\.m2\repository\com\github\skwakman\nodejs-maven-plugin\nodejs-maven-plugin\1.0.2\nodejs-maven-plugin-1.0.2.jar;C:\Users\naveen.gupta\.m2\repository\junit\junit\4.12\junit-4.12.jar;C:\Users\naveen.gupta\.m2\repository\org\hamcrest\hamcrest-core\1.3\hamcrest-core-1.3.jar;C:\Users\naveen.gupta\.m2\repository\org\apache\httpcomponents\httpcore\4.4\httpcore-4.4.jar;C:\Users\naveen.gupta\.m2\repository\org\seleniumhq\selenium\selenium-api\3.141.59\selenium-api-3.141.59.jar;C:\Users\naveen.gupta\.m2\repository\org\apache\httpcomponents\httpclient\4.5.3\httpclient-4.5.3.jar;C:\Users\naveen.gupta\.m2\repository\commons-logging\commons-logging\1.2\commons-logging-1.2.jar;C:\Users\naveen.gupta\.m2\repository\com\google\guava\guava\27.1-jre\guava-27.1-jre.jar;C:\Users\naveen.gupta\.m2\repository\com\google\guava\failureaccess\1.0.1\failureaccess-1.0.1.jar;C:\Users\naveen.gupta\.m2\repository\com\google\guava\listenablefuture\9999.0-empty-to-avoid-conflict-with-guava\listenablefuture-9999.0-empty-to-avoid-conflict-with-guava.jar;C:\Users\naveen.gupta\.m2\repository\com\google\code\findbugs\jsr305\3.0.2\jsr305-3.0.2.jar;C:\Users\naveen.gupta\.m2\repository\org\checkerframework\checker-qual\2.5.2\checker-qual-2.5.2.jar;C:\Users\naveen.gupta\.m2\repository\com\google\errorprone\error_prone_annotations\2.2.0\error_prone_annotations-2.2.0.jar;C:\Users\naveen.gupta\.m2\repository\com\google\j2objc\j2objc-annotations\1.1\j2objc-annotations-1.1.jar;C:\Users\naveen.gupta\.m2\repository\org\codehaus\mojo\animal-sniffer-annotations\1.17\animal-sniffer-annotations-1.17.jar;C:\Users\naveen.gupta\.m2\repository\org\seleniumhq\selenium\selenium-java\3.141.59\selenium-java-3.141.59.jar;C:\Users\naveen.gupta\.m2\repository\org\seleniumhq\selenium\selenium-chrome-driver\3.141.59\selenium-chrome-driver-3.141.59.jar;C:\Users\naveen.gupta\.m2\repository\org\seleniumhq\selenium\selenium-edge-driver\3.141.59\selenium-edge-driver-3.141.59.jar;C:\Users\naveen.gupta\.m2\repository\org\seleniumhq\selenium\selenium-firefox-driver\3.141.59\selenium-firefox-driver-3.141.59.jar;C:\Users\naveen.gupta\.m2\repository\org\seleniumhq\selenium\selenium-ie-driver\3.141.59\selenium-ie-driver-3.141.59.jar;C:\Users\naveen.gupta\.m2\repository\org\seleniumhq\selenium\selenium-opera-driver\3.141.59\selenium-opera-driver-3.141.59.jar;C:\Users\naveen.gupta\.m2\repository\org\seleniumhq\selenium\selenium-safari-driver\3.141.59\selenium-safari-driver-3.141.59.jar;C:\Users\naveen.gupta\.m2\repository\io\github\bonigarcia\webdrivermanager\3.3.0\webdrivermanager-3.3.0.jar;C:\Users\naveen.gupta\.m2\repository\org\slf4j\slf4j-api\1.7.25\slf4j-api-1.7.25.jar;C:\Users\naveen.gupta\.m2\repository\org\rauschig\jarchivelib\1.0.0\jarchivelib-1.0.0.jar;C:\Users\naveen.gupta\.m2\repository\org\seleniumhq\selenium\htmlunit-driver\2.34.0\htmlunit-driver-2.34.0.jar;C:\Users\naveen.gupta\.m2\repository\net\sourceforge\htmlunit\htmlunit\2.34.1\htmlunit-2.34.1.jar;C:\Users\naveen.gupta\.m2\repository\xalan\xalan\2.7.2\xalan-2.7.2.jar;C:\Users\naveen.gupta\.m2\repository\xalan\serializer\2.7.2\serializer-2.7.2.jar;C:\Users\naveen.gupta\.m2\repository\org\apache\commons\commons-text\1.6\commons-text-1.6.jar;C:\Users\naveen.gupta\.m2\repository\org\apache\httpcomponents\httpmime\4.5.7\httpmime-4.5.7.jar;C:\Users\naveen.gupta\.m2\repository\net\sourceforge\htmlunit\htmlunit-core-js\2.34.0\htmlunit-core-js-2.34.0.jar;C:\Users\naveen.gupta\.m2\repository\net\sourceforge\htmlunit\neko-htmlunit\2.34.0\neko-htmlunit-2.34.0.jar;C:\Users\naveen.gupta\.m2\repository\xerces\xercesImpl\2.12.0\xercesImpl-2.12.0.jar;C:\Users\naveen.gupta\.m2\repository\xml-apis\xml-apis\1.4.01\xml-apis-1.4.01.jar;C:\Users\naveen.gupta\.m2\repository\net\sourceforge\htmlunit\htmlunit-cssparser\1.3.0\htmlunit-cssparser-1.3.0.jar;C:\Users\naveen.gupta\.m2\repository\commons-net\commons-net\3.6\commons-net-3.6.jar;C:\Users\naveen.gupta\.m2\repository\org\eclipse\jetty\websocket\websocket-client\9.4.15.v20190215\websocket-client-9.4.15.v20190215.jar;C:\Users\naveen.gupta\.m2\repository\org\eclipse\jetty\jetty-client\9.4.15.v20190215\jetty-client-9.4.15.v20190215.jar;C:\Users\naveen.gupta\.m2\repository\org\eclipse\jetty\jetty-http\9.4.15.v20190215\jetty-http-9.4.15.v20190215.jar;C:\Users\naveen.gupta\.m2\repository\org\eclipse\jetty\jetty-xml\9.4.15.v20190215\jetty-xml-9.4.15.v20190215.jar;C:\Users\naveen.gupta\.m2\repository\org\eclipse\jetty\jetty-util\9.4.15.v20190215\jetty-util-9.4.15.v20190215.jar;C:\Users\naveen.gupta\.m2\repository\org\eclipse\jetty\jetty-io\9.4.15.v20190215\jetty-io-9.4.15.v20190215.jar;C:\Users\naveen.gupta\.m2\repository\org\eclipse\jetty\websocket\websocket-common\9.4.15.v20190215\websocket-common-9.4.15.v20190215.jar;C:\Users\naveen.gupta\.m2\repository\org\eclipse\jetty\websocket\websocket-api\9.4.15.v20190215\websocket-api-9.4.15.v20190215.jar;C:\Users\naveen.gupta\.m2\repository\com\fasterxml\jackson\core\jackson-databind\2.9.8\jackson-databind-2.9.8.jar;C:\Users\naveen.gupta\.m2\repository\com\fasterxml\jackson\core\jackson-annotations\2.9.0\jackson-annotations-2.9.0.jar;C:\Users\naveen.gupta\.m2\repository\com\fasterxml\jackson\core\jackson-core\2.9.8\jackson-core-2.9.8.jar;C:\Users\naveen.gupta\.m2\repository\org\apache\maven\shared\maven-invoker\3.0.1\maven-invoker-3.0.1.jar;C:\Users\naveen.gupta\.m2\repository\org\codehaus\plexus\plexus-component-annotations\1.7.1\plexus-component-annotations-1.7.1.jar;C:\Users\naveen.gupta\.m2\repository\com\google\code\gson\gson\2.8.5\gson-2.8.5.jar;C:\Users\naveen.gupta\.m2\repository\mysql\mysql-connector-java\8.0.17\mysql-connector-java-8.0.17.jar;C:\Users\naveen.gupta\.m2\repository\com\google\protobuf\protobuf-java\3.6.1\protobuf-java-3.6.1.jar;C:\Users\naveen.gupta\.m2\repository\org\eclipse\jgit\org.eclipse.jgit\4.7.0.201704051617-r\org.eclipse.jgit-4.7.0.201704051617-r.jar;C:\Users\naveen.gupta\.m2\repository\com\googlecode\javaewah\JavaEWAH\1.1.6\JavaEWAH-1.1.6.jar;C:\Users\naveen.gupta\.m2\repository\org\apache\maven\surefire\surefire-testng-utils\2.20.1\surefire-testng-utils-2.20.1.jar;C:\Users\naveen.gupta\.m2\repository\org\apache\maven\surefire\surefire-grouper\2.20.1\surefire-grouper-2.20.1.jar;"/>
    <property name="sun.cpu.endian" value="little"/>
    <property name="user.home" value="C:\Users\naveen.gupta"/>
    <property name="user.language" value="en"/>
    <property name="java.specification.vendor" value="Oracle Corporation"/>
    <property name="java.home" value="C:\Program Files\Java\jdk9"/>
    <property name="file.separator" value="\"/>
    <property name="basedir" value="D:\SirionSelenide"/>
    <property name="java.vm.compressedOopsMode" value="32-bit"/>
    <property name="line.separator" value="&#10;"/>
    <property name="java.vm.specification.vendor" value="Oracle Corporation"/>
    <property name="java.specification.name" value="Java Platform API Specification"/>
    <property name="java.awt.graphicsenv" value="sun.awt.Win32GraphicsEnvironment"/>
    <property name="surefire.real.class.path" value="C:\Users\NAVEEN~1.GUP\AppData\Local\Temp\surefire1830424442342312696\surefirebooter13100531456022388816.jar"/>
    <property name="user.script" value=""/>
    <property name="sun.management.compiler" value="HotSpot 64-Bit Tiered Compilers"/>
    <property name="java.runtime.version" value="9+181"/>
    <property name="user.name" value="naveen.gupta"/>
    <property name="path.separator" value=";"/>
    <property name="os.version" value="10.0"/>
    <property name="java.runtime.name" value="Java(TM) SE Runtime Environment"/>
    <property name="file.encoding" value="Cp1252"/>
    <property name="java.vm.name" value="Java HotSpot(TM) 64-Bit Server VM"/>
    <property name="localRepository" value="C:\Users\naveen.gupta\.m2\repository"/>
    <property name="java.vendor.url.bug" value="http://bugreport.java.com/bugreport/"/>
    <property name="java.io.tmpdir" value="C:\Users\NAVEEN~1.GUP\AppData\Local\Temp\"/>
    <property name="java.version" value="9"/>
    <property name="user.dir" value="D:\SirionSelenide"/>
    <property name="os.arch" value="amd64"/>
    <property name="java.vm.specification.name" value="Java Virtual Machine Specification"/>
    <property name="java.awt.printerjob" value="sun.awt.windows.WPrinterJob"/>
    <property name="sun.os.patch.level" value=""/>
    <property name="java.library.path" value="C:\Program Files\Java\jdk9\bin;C:\Windows\Sun\Java\bin;C:\Windows\system32;C:\Windows;D:\SirionSelenide\node_modules\.bin;C:\Windows\system32;C:\Windows;C:\Windows\System32\Wbem;C:\Windows\System32\WindowsPowerShell\v1.0\;C:\Windows\System32\OpenSSH\;C:\Program Files (x86)\Intel\Intel(R) Management Engine Components\DAL;C:\Program Files\Intel\Intel(R) Management Engine Components\DAL;C:\Program Files (x86)\NVIDIA Corporation\PhysX\Common;C:\Program Files\NVIDIA Corporation\NVIDIA NvDLISR;C:\Program Files\Intel\WiFi\bin\;C:\Program Files\Common Files\Intel\WirelessCommon\;C:\Program Files\PuTTY\;D:\apache-maven\bin;C:\Program Files\nodejs\;C:\Program Files\Java\jdk9\bin;C:\Users\naveen.gupta\AppData\Local\Programs\Python\Python37\Scripts\;C:\Users\naveen.gupta\AppData\Local\Programs\Python\Python37\;C:\Users\naveen.gupta\AppData\Local\Microsoft\WindowsApps;C:\Program Files\JetBrains\IntelliJ IDEA 2019.2\bin;C:\Users\naveen.gupta\AppData\Roaming\npm;C:\Users\naveen.gupta\AppData\Local\atom\bin;C:\Users\naveen.gupta\AppData\Local\Programs\EmEditor;C:\Users\naveen.gupta\AppData\Local\JetBrains\WebStorm 2019.3\bin;;D:\Git\Git\cmd;D:\Git\Git\mingw64\bin;D:\Git\Git\usr\bin;C:\Program Files\Microsoft Office\root\Client;."/>
    <property name="java.vm.info" value="mixed mode"/>
    <property name="java.vendor" value="Oracle Corporation"/>
    <property name="java.vm.version" value="9+181"/>
    <property name="sun.io.unicode.encoding" value="UnicodeLittle"/>
    <property name="java.class.version" value="53.0"/>
  </properties>
  <testcase name="checkSuiteSkip" classname="office.sirion.suite.clientAdmin.PasswordPolicy" time="0">
    <skipped message="Runmode of Client Admin Suite set to NO. So Skipping all tests in Client Admin Suite"/>
    <system-out><![CDATA[[TestNG] [WARN] Ignoring duplicate listener : org.uncommons.reportng.HTMLReporter
[TestNG] [WARN] Ignoring duplicate listener : org.uncommons.reportng.JUnitXMLReporter
Calling Test Base
]]></system-out>
    <system-err><![CDATA[log4j:WARN No appenders could be found for logger (root).
log4j:WARN Please initialize the log4j system properly.
log4j:WARN See http://logging.apache.org/log4j/1.2/faq.html#noconfig for more info.
java.io.FileNotFoundException: D:\SirionSelenide\src\test\java\office\sirion\xls\Client Setup Admin Suite.xlsx
	at org.apache.poi.ss.usermodel.WorkbookFactory.create(WorkbookFactory.java:250)
	at org.apache.poi.ss.usermodel.WorkbookFactory.create(WorkbookFactory.java:226)
	at org.apache.poi.ss.usermodel.WorkbookFactory.create(WorkbookFactory.java:205)
	at office.sirion.util.Xls_Reader.<init>(Xls_Reader.java:29)
	at office.sirion.base.TestBase.initialize(TestBase.java:166)
	at office.sirion.suite.clientAdmin.TestSuiteBase.checkSuiteSkip(TestSuiteBase.java:13)
	at java.base/jdk.internal.reflect.NativeMethodAccessorImpl.invoke0(Native Method)
	at java.base/jdk.internal.reflect.NativeMethodAccessorImpl.invoke(NativeMethodAccessorImpl.java:62)
	at java.base/jdk.internal.reflect.DelegatingMethodAccessorImpl.invoke(DelegatingMethodAccessorImpl.java:43)
	at java.base/java.lang.reflect.Method.invoke(Method.java:564)
	at org.testng.internal.MethodInvocationHelper.invokeMethod(MethodInvocationHelper.java:124)
	at org.testng.internal.MethodInvocationHelper.invokeMethodConsideringTimeout(MethodInvocationHelper.java:59)
	at org.testng.internal.Invoker.invokeConfigurationMethod(Invoker.java:458)
	at org.testng.internal.Invoker.invokeConfigurations(Invoker.java:222)
	at org.testng.internal.Invoker.invokeConfigurations(Invoker.java:142)
	at org.testng.SuiteRunner.privateRun(SuiteRunner.java:401)
	at org.testng.SuiteRunner.run(SuiteRunner.java:364)
	at org.testng.SuiteRunnerWorker.runSuite(SuiteRunnerWorker.java:52)
	at org.testng.SuiteRunnerWorker.run(SuiteRunnerWorker.java:84)
	at org.testng.TestNG.runSuitesSequentially(TestNG.java:1208)
	at org.testng.TestNG.runSuitesSequentially(TestNG.java:1204)
	at org.testng.TestNG.runSuitesLocally(TestNG.java:1137)
	at org.testng.TestNG.runSuites(TestNG.java:1049)
	at org.testng.TestNG.run(TestNG.java:1017)
	at org.apache.maven.surefire.testng.TestNGExecutor.run(TestNGExecutor.java:283)
	at org.apache.maven.surefire.testng.TestNGXmlTestSuite.execute(TestNGXmlTestSuite.java:75)
	at org.apache.maven.surefire.testng.TestNGProvider.invoke(TestNGProvider.java:120)
	at org.apache.maven.surefire.booter.ForkedBooter.invokeProviderInSameClassLoader(ForkedBooter.java:373)
	at org.apache.maven.surefire.booter.ForkedBooter.runSuitesInProcess(ForkedBooter.java:334)
	at org.apache.maven.surefire.booter.ForkedBooter.execute(ForkedBooter.java:119)
	at org.apache.maven.surefire.booter.ForkedBooter.main(ForkedBooter.java:407)
java.io.FileNotFoundException: D:\SirionSelenide\src\test\java\office\sirion\xls\Vendor Hierarchy Suite.xlsx
	at org.apache.poi.ss.usermodel.WorkbookFactory.create(WorkbookFactory.java:250)
	at org.apache.poi.ss.usermodel.WorkbookFactory.create(WorkbookFactory.java:226)
	at org.apache.poi.ss.usermodel.WorkbookFactory.create(WorkbookFactory.java:205)
	at office.sirion.util.Xls_Reader.<init>(Xls_Reader.java:29)
	at office.sirion.base.TestBase.initialize(TestBase.java:172)
	at office.sirion.suite.clientAdmin.TestSuiteBase.checkSuiteSkip(TestSuiteBase.java:13)
	at java.base/jdk.internal.reflect.NativeMethodAccessorImpl.invoke0(Native Method)
	at java.base/jdk.internal.reflect.NativeMethodAccessorImpl.invoke(NativeMethodAccessorImpl.java:62)
	at java.base/jdk.internal.reflect.DelegatingMethodAccessorImpl.invoke(DelegatingMethodAccessorImpl.java:43)
	at java.base/java.lang.reflect.Method.invoke(Method.java:564)
	at org.testng.internal.MethodInvocationHelper.invokeMethod(MethodInvocationHelper.java:124)
	at org.testng.internal.MethodInvocationHelper.invokeMethodConsideringTimeout(MethodInvocationHelper.java:59)
	at org.testng.internal.Invoker.invokeConfigurationMethod(Invoker.java:458)
	at org.testng.internal.Invoker.invokeConfigurations(Invoker.java:222)
	at org.testng.internal.Invoker.invokeConfigurations(Invoker.java:142)
	at org.testng.SuiteRunner.privateRun(SuiteRunner.java:401)
	at org.testng.SuiteRunner.run(SuiteRunner.java:364)
	at org.testng.SuiteRunnerWorker.runSuite(SuiteRunnerWorker.java:52)
	at org.testng.SuiteRunnerWorker.run(SuiteRunnerWorker.java:84)
	at org.testng.TestNG.runSuitesSequentially(TestNG.java:1208)
	at org.testng.TestNG.runSuitesSequentially(TestNG.java:1204)
	at org.testng.TestNG.runSuitesLocally(TestNG.java:1137)
	at org.testng.TestNG.runSuites(TestNG.java:1049)
	at org.testng.TestNG.run(TestNG.java:1017)
	at org.apache.maven.surefire.testng.TestNGExecutor.run(TestNGExecutor.java:283)
	at org.apache.maven.surefire.testng.TestNGXmlTestSuite.execute(TestNGXmlTestSuite.java:75)
	at org.apache.maven.surefire.testng.TestNGProvider.invoke(TestNGProvider.java:120)
	at org.apache.maven.surefire.booter.ForkedBooter.invokeProviderInSameClassLoader(ForkedBooter.java:373)
	at org.apache.maven.surefire.booter.ForkedBooter.runSuitesInProcess(ForkedBooter.java:334)
	at org.apache.maven.surefire.booter.ForkedBooter.execute(ForkedBooter.java:119)
	at org.apache.maven.surefire.booter.ForkedBooter.main(ForkedBooter.java:407)
java.io.FileNotFoundException: D:\SirionSelenide\src\test\java\office\sirion\xls\Supplier Suite.xlsx
	at org.apache.poi.ss.usermodel.WorkbookFactory.create(WorkbookFactory.java:250)
	at org.apache.poi.ss.usermodel.WorkbookFactory.create(WorkbookFactory.java:226)
	at org.apache.poi.ss.usermodel.WorkbookFactory.create(WorkbookFactory.java:205)
	at office.sirion.util.Xls_Reader.<init>(Xls_Reader.java:29)
	at office.sirion.base.TestBase.initialize(TestBase.java:173)
	at office.sirion.suite.clientAdmin.TestSuiteBase.checkSuiteSkip(TestSuiteBase.java:13)
	at java.base/jdk.internal.reflect.NativeMethodAccessorImpl.invoke0(Native Method)
	at java.base/jdk.internal.reflect.NativeMethodAccessorImpl.invoke(NativeMethodAccessorImpl.java:62)
	at java.base/jdk.internal.reflect.DelegatingMethodAccessorImpl.invoke(DelegatingMethodAccessorImpl.java:43)
	at java.base/java.lang.reflect.Method.invoke(Method.java:564)
	at org.testng.internal.MethodInvocationHelper.invokeMethod(MethodInvocationHelper.java:124)
	at org.testng.internal.MethodInvocationHelper.invokeMethodConsideringTimeout(MethodInvocationHelper.java:59)
	at org.testng.internal.Invoker.invokeConfigurationMethod(Invoker.java:458)
	at org.testng.internal.Invoker.invokeConfigurations(Invoker.java:222)
	at org.testng.internal.Invoker.invokeConfigurations(Invoker.java:142)
	at org.testng.SuiteRunner.privateRun(SuiteRunner.java:401)
	at org.testng.SuiteRunner.run(SuiteRunner.java:364)
	at org.testng.SuiteRunnerWorker.runSuite(SuiteRunnerWorker.java:52)
	at org.testng.SuiteRunnerWorker.run(SuiteRunnerWorker.java:84)
	at org.testng.TestNG.runSuitesSequentially(TestNG.java:1208)
	at org.testng.TestNG.runSuitesSequentially(TestNG.java:1204)
	at org.testng.TestNG.runSuitesLocally(TestNG.java:1137)
	at org.testng.TestNG.runSuites(TestNG.java:1049)
	at org.testng.TestNG.run(TestNG.java:1017)
	at org.apache.maven.surefire.testng.TestNGExecutor.run(TestNGExecutor.java:283)
	at org.apache.maven.surefire.testng.TestNGXmlTestSuite.execute(TestNGXmlTestSuite.java:75)
	at org.apache.maven.surefire.testng.TestNGProvider.invoke(TestNGProvider.java:120)
	at org.apache.maven.surefire.booter.ForkedBooter.invokeProviderInSameClassLoader(ForkedBooter.java:373)
	at org.apache.maven.surefire.booter.ForkedBooter.runSuitesInProcess(ForkedBooter.java:334)
	at org.apache.maven.surefire.booter.ForkedBooter.execute(ForkedBooter.java:119)
	at org.apache.maven.surefire.booter.ForkedBooter.main(ForkedBooter.java:407)
java.io.FileNotFoundException: D:\SirionSelenide\src\test\java\office\sirion\xls\SL Suite.xlsx
	at org.apache.poi.ss.usermodel.WorkbookFactory.create(WorkbookFactory.java:250)
	at org.apache.poi.ss.usermodel.WorkbookFactory.create(WorkbookFactory.java:226)
	at org.apache.poi.ss.usermodel.WorkbookFactory.create(WorkbookFactory.java:205)
	at office.sirion.util.Xls_Reader.<init>(Xls_Reader.java:29)
	at office.sirion.base.TestBase.initialize(TestBase.java:175)
	at office.sirion.suite.clientAdmin.TestSuiteBase.checkSuiteSkip(TestSuiteBase.java:13)
	at java.base/jdk.internal.reflect.NativeMethodAccessorImpl.invoke0(Native Method)
	at java.base/jdk.internal.reflect.NativeMethodAccessorImpl.invoke(NativeMethodAccessorImpl.java:62)
	at java.base/jdk.internal.reflect.DelegatingMethodAccessorImpl.invoke(DelegatingMethodAccessorImpl.java:43)
	at java.base/java.lang.reflect.Method.invoke(Method.java:564)
	at org.testng.internal.MethodInvocationHelper.invokeMethod(MethodInvocationHelper.java:124)
	at org.testng.internal.MethodInvocationHelper.invokeMethodConsideringTimeout(MethodInvocationHelper.java:59)
	at org.testng.internal.Invoker.invokeConfigurationMethod(Invoker.java:458)
	at org.testng.internal.Invoker.invokeConfigurations(Invoker.java:222)
	at org.testng.internal.Invoker.invokeConfigurations(Invoker.java:142)
	at org.testng.SuiteRunner.privateRun(SuiteRunner.java:401)
	at org.testng.SuiteRunner.run(SuiteRunner.java:364)
	at org.testng.SuiteRunnerWorker.runSuite(SuiteRunnerWorker.java:52)
	at org.testng.SuiteRunnerWorker.run(SuiteRunnerWorker.java:84)
	at org.testng.TestNG.runSuitesSequentially(TestNG.java:1208)
	at org.testng.TestNG.runSuitesSequentially(TestNG.java:1204)
	at org.testng.TestNG.runSuitesLocally(TestNG.java:1137)
	at org.testng.TestNG.runSuites(TestNG.java:1049)
	at org.testng.TestNG.run(TestNG.java:1017)
	at org.apache.maven.surefire.testng.TestNGExecutor.run(TestNGExecutor.java:283)
	at org.apache.maven.surefire.testng.TestNGXmlTestSuite.execute(TestNGXmlTestSuite.java:75)
	at org.apache.maven.surefire.testng.TestNGProvider.invoke(TestNGProvider.java:120)
	at org.apache.maven.surefire.booter.ForkedBooter.invokeProviderInSameClassLoader(ForkedBooter.java:373)
	at org.apache.maven.surefire.booter.ForkedBooter.runSuitesInProcess(ForkedBooter.java:334)
	at org.apache.maven.surefire.booter.ForkedBooter.execute(ForkedBooter.java:119)
	at org.apache.maven.surefire.booter.ForkedBooter.main(ForkedBooter.java:407)
java.io.FileNotFoundException: D:\SirionSelenide\src\test\java\office\sirion\xls\Child SL Suite.xlsx
	at org.apache.poi.ss.usermodel.WorkbookFactory.create(WorkbookFactory.java:250)
	at org.apache.poi.ss.usermodel.WorkbookFactory.create(WorkbookFactory.java:226)
	at org.apache.poi.ss.usermodel.WorkbookFactory.create(WorkbookFactory.java:205)
	at office.sirion.util.Xls_Reader.<init>(Xls_Reader.java:29)
	at office.sirion.base.TestBase.initialize(TestBase.java:176)
	at office.sirion.suite.clientAdmin.TestSuiteBase.checkSuiteSkip(TestSuiteBase.java:13)
	at java.base/jdk.internal.reflect.NativeMethodAccessorImpl.invoke0(Native Method)
	at java.base/jdk.internal.reflect.NativeMethodAccessorImpl.invoke(NativeMethodAccessorImpl.java:62)
	at java.base/jdk.internal.reflect.DelegatingMethodAccessorImpl.invoke(DelegatingMethodAccessorImpl.java:43)
	at java.base/java.lang.reflect.Method.invoke(Method.java:564)
	at org.testng.internal.MethodInvocationHelper.invokeMethod(MethodInvocationHelper.java:124)
	at org.testng.internal.MethodInvocationHelper.invokeMethodConsideringTimeout(MethodInvocationHelper.java:59)
	at org.testng.internal.Invoker.invokeConfigurationMethod(Invoker.java:458)
	at org.testng.internal.Invoker.invokeConfigurations(Invoker.java:222)
	at org.testng.internal.Invoker.invokeConfigurations(Invoker.java:142)
	at org.testng.SuiteRunner.privateRun(SuiteRunner.java:401)
	at org.testng.SuiteRunner.run(SuiteRunner.java:364)
	at org.testng.SuiteRunnerWorker.runSuite(SuiteRunnerWorker.java:52)
	at org.testng.SuiteRunnerWorker.run(SuiteRunnerWorker.java:84)
	at org.testng.TestNG.runSuitesSequentially(TestNG.java:1208)
	at org.testng.TestNG.runSuitesSequentially(TestNG.java:1204)
	at org.testng.TestNG.runSuitesLocally(TestNG.java:1137)
	at org.testng.TestNG.runSuites(TestNG.java:1049)
	at org.testng.TestNG.run(TestNG.java:1017)
	at org.apache.maven.surefire.testng.TestNGExecutor.run(TestNGExecutor.java:283)
	at org.apache.maven.surefire.testng.TestNGXmlTestSuite.execute(TestNGXmlTestSuite.java:75)
	at org.apache.maven.surefire.testng.TestNGProvider.invoke(TestNGProvider.java:120)
	at org.apache.maven.surefire.booter.ForkedBooter.invokeProviderInSameClassLoader(ForkedBooter.java:373)
	at org.apache.maven.surefire.booter.ForkedBooter.runSuitesInProcess(ForkedBooter.java:334)
	at org.apache.maven.surefire.booter.ForkedBooter.execute(ForkedBooter.java:119)
	at org.apache.maven.surefire.booter.ForkedBooter.main(ForkedBooter.java:407)
java.io.FileNotFoundException: D:\SirionSelenide\src\test\java\office\sirion\xls\Obligation Suite.xlsx
	at org.apache.poi.ss.usermodel.WorkbookFactory.create(WorkbookFactory.java:250)
	at org.apache.poi.ss.usermodel.WorkbookFactory.create(WorkbookFactory.java:226)
	at org.apache.poi.ss.usermodel.WorkbookFactory.create(WorkbookFactory.java:205)
	at office.sirion.util.Xls_Reader.<init>(Xls_Reader.java:29)
	at office.sirion.base.TestBase.initialize(TestBase.java:177)
	at office.sirion.suite.clientAdmin.TestSuiteBase.checkSuiteSkip(TestSuiteBase.java:13)
	at java.base/jdk.internal.reflect.NativeMethodAccessorImpl.invoke0(Native Method)
	at java.base/jdk.internal.reflect.NativeMethodAccessorImpl.invoke(NativeMethodAccessorImpl.java:62)
	at java.base/jdk.internal.reflect.DelegatingMethodAccessorImpl.invoke(DelegatingMethodAccessorImpl.java:43)
	at java.base/java.lang.reflect.Method.invoke(Method.java:564)
	at org.testng.internal.MethodInvocationHelper.invokeMethod(MethodInvocationHelper.java:124)
	at org.testng.internal.MethodInvocationHelper.invokeMethodConsideringTimeout(MethodInvocationHelper.java:59)
	at org.testng.internal.Invoker.invokeConfigurationMethod(Invoker.java:458)
	at org.testng.internal.Invoker.invokeConfigurations(Invoker.java:222)
	at org.testng.internal.Invoker.invokeConfigurations(Invoker.java:142)
	at org.testng.SuiteRunner.privateRun(SuiteRunner.java:401)
	at org.testng.SuiteRunner.run(SuiteRunner.java:364)
	at org.testng.SuiteRunnerWorker.runSuite(SuiteRunnerWorker.java:52)
	at org.testng.SuiteRunnerWorker.run(SuiteRunnerWorker.java:84)
	at org.testng.TestNG.runSuitesSequentially(TestNG.java:1208)
	at org.testng.TestNG.runSuitesSequentially(TestNG.java:1204)
	at org.testng.TestNG.runSuitesLocally(TestNG.java:1137)
	at org.testng.TestNG.runSuites(TestNG.java:1049)
	at org.testng.TestNG.run(TestNG.java:1017)
	at org.apache.maven.surefire.testng.TestNGExecutor.run(TestNGExecutor.java:283)
	at org.apache.maven.surefire.testng.TestNGXmlTestSuite.execute(TestNGXmlTestSuite.java:75)
	at org.apache.maven.surefire.testng.TestNGProvider.invoke(TestNGProvider.java:120)
	at org.apache.maven.surefire.booter.ForkedBooter.invokeProviderInSameClassLoader(ForkedBooter.java:373)
	at org.apache.maven.surefire.booter.ForkedBooter.runSuitesInProcess(ForkedBooter.java:334)
	at org.apache.maven.surefire.booter.ForkedBooter.execute(ForkedBooter.java:119)
	at org.apache.maven.surefire.booter.ForkedBooter.main(ForkedBooter.java:407)
java.io.FileNotFoundException: D:\SirionSelenide\src\test\java\office\sirion\xls\Child Obligation Suite.xlsx
	at org.apache.poi.ss.usermodel.WorkbookFactory.create(WorkbookFactory.java:250)
	at org.apache.poi.ss.usermodel.WorkbookFactory.create(WorkbookFactory.java:226)
	at org.apache.poi.ss.usermodel.WorkbookFactory.create(WorkbookFactory.java:205)
	at office.sirion.util.Xls_Reader.<init>(Xls_Reader.java:29)
	at office.sirion.base.TestBase.initialize(TestBase.java:178)
	at office.sirion.suite.clientAdmin.TestSuiteBase.checkSuiteSkip(TestSuiteBase.java:13)
	at java.base/jdk.internal.reflect.NativeMethodAccessorImpl.invoke0(Native Method)
	at java.base/jdk.internal.reflect.NativeMethodAccessorImpl.invoke(NativeMethodAccessorImpl.java:62)
	at java.base/jdk.internal.reflect.DelegatingMethodAccessorImpl.invoke(DelegatingMethodAccessorImpl.java:43)
	at java.base/java.lang.reflect.Method.invoke(Method.java:564)
	at org.testng.internal.MethodInvocationHelper.invokeMethod(MethodInvocationHelper.java:124)
	at org.testng.internal.MethodInvocationHelper.invokeMethodConsideringTimeout(MethodInvocationHelper.java:59)
	at org.testng.internal.Invoker.invokeConfigurationMethod(Invoker.java:458)
	at org.testng.internal.Invoker.invokeConfigurations(Invoker.java:222)
	at org.testng.internal.Invoker.invokeConfigurations(Invoker.java:142)
	at org.testng.SuiteRunner.privateRun(SuiteRunner.java:401)
	at org.testng.SuiteRunner.run(SuiteRunner.java:364)
	at org.testng.SuiteRunnerWorker.runSuite(SuiteRunnerWorker.java:52)
	at org.testng.SuiteRunnerWorker.run(SuiteRunnerWorker.java:84)
	at org.testng.TestNG.runSuitesSequentially(TestNG.java:1208)
	at org.testng.TestNG.runSuitesSequentially(TestNG.java:1204)
	at org.testng.TestNG.runSuitesLocally(TestNG.java:1137)
	at org.testng.TestNG.runSuites(TestNG.java:1049)
	at org.testng.TestNG.run(TestNG.java:1017)
	at org.apache.maven.surefire.testng.TestNGExecutor.run(TestNGExecutor.java:283)
	at org.apache.maven.surefire.testng.TestNGXmlTestSuite.execute(TestNGXmlTestSuite.java:75)
	at org.apache.maven.surefire.testng.TestNGProvider.invoke(TestNGProvider.java:120)
	at org.apache.maven.surefire.booter.ForkedBooter.invokeProviderInSameClassLoader(ForkedBooter.java:373)
	at org.apache.maven.surefire.booter.ForkedBooter.runSuitesInProcess(ForkedBooter.java:334)
	at org.apache.maven.surefire.booter.ForkedBooter.execute(ForkedBooter.java:119)
	at org.apache.maven.surefire.booter.ForkedBooter.main(ForkedBooter.java:407)
java.io.FileNotFoundException: D:\SirionSelenide\src\test\java\office\sirion\xls\GB Suite.xlsx
	at org.apache.poi.ss.usermodel.WorkbookFactory.create(WorkbookFactory.java:250)
	at org.apache.poi.ss.usermodel.WorkbookFactory.create(WorkbookFactory.java:226)
	at org.apache.poi.ss.usermodel.WorkbookFactory.create(WorkbookFactory.java:205)
	at office.sirion.util.Xls_Reader.<init>(Xls_Reader.java:29)
	at office.sirion.base.TestBase.initialize(TestBase.java:179)
	at office.sirion.suite.clientAdmin.TestSuiteBase.checkSuiteSkip(TestSuiteBase.java:13)
	at java.base/jdk.internal.reflect.NativeMethodAccessorImpl.invoke0(Native Method)
	at java.base/jdk.internal.reflect.NativeMethodAccessorImpl.invoke(NativeMethodAccessorImpl.java:62)
	at java.base/jdk.internal.reflect.DelegatingMethodAccessorImpl.invoke(DelegatingMethodAccessorImpl.java:43)
	at java.base/java.lang.reflect.Method.invoke(Method.java:564)
	at org.testng.internal.MethodInvocationHelper.invokeMethod(MethodInvocationHelper.java:124)
	at org.testng.internal.MethodInvocationHelper.invokeMethodConsideringTimeout(MethodInvocationHelper.java:59)
	at org.testng.internal.Invoker.invokeConfigurationMethod(Invoker.java:458)
	at org.testng.internal.Invoker.invokeConfigurations(Invoker.java:222)
	at org.testng.internal.Invoker.invokeConfigurations(Invoker.java:142)
	at org.testng.SuiteRunner.privateRun(SuiteRunner.java:401)
	at org.testng.SuiteRunner.run(SuiteRunner.java:364)
	at org.testng.SuiteRunnerWorker.runSuite(SuiteRunnerWorker.java:52)
	at org.testng.SuiteRunnerWorker.run(SuiteRunnerWorker.java:84)
	at org.testng.TestNG.runSuitesSequentially(TestNG.java:1208)
	at org.testng.TestNG.runSuitesSequentially(TestNG.java:1204)
	at org.testng.TestNG.runSuitesLocally(TestNG.java:1137)
	at org.testng.TestNG.runSuites(TestNG.java:1049)
	at org.testng.TestNG.run(TestNG.java:1017)
	at org.apache.maven.surefire.testng.TestNGExecutor.run(TestNGExecutor.java:283)
	at org.apache.maven.surefire.testng.TestNGXmlTestSuite.execute(TestNGXmlTestSuite.java:75)
	at org.apache.maven.surefire.testng.TestNGProvider.invoke(TestNGProvider.java:120)
	at org.apache.maven.surefire.booter.ForkedBooter.invokeProviderInSameClassLoader(ForkedBooter.java:373)
	at org.apache.maven.surefire.booter.ForkedBooter.runSuitesInProcess(ForkedBooter.java:334)
	at org.apache.maven.surefire.booter.ForkedBooter.execute(ForkedBooter.java:119)
	at org.apache.maven.surefire.booter.ForkedBooter.main(ForkedBooter.java:407)
java.io.FileNotFoundException: D:\SirionSelenide\src\test\java\office\sirion\xls\Child GB Suite.xlsx
	at org.apache.poi.ss.usermodel.WorkbookFactory.create(WorkbookFactory.java:250)
	at org.apache.poi.ss.usermodel.WorkbookFactory.create(WorkbookFactory.java:226)
	at org.apache.poi.ss.usermodel.WorkbookFactory.create(WorkbookFactory.java:205)
	at office.sirion.util.Xls_Reader.<init>(Xls_Reader.java:29)
	at office.sirion.base.TestBase.initialize(TestBase.java:180)
	at office.sirion.suite.clientAdmin.TestSuiteBase.checkSuiteSkip(TestSuiteBase.java:13)
	at java.base/jdk.internal.reflect.NativeMethodAccessorImpl.invoke0(Native Method)
	at java.base/jdk.internal.reflect.NativeMethodAccessorImpl.invoke(NativeMethodAccessorImpl.java:62)
	at java.base/jdk.internal.reflect.DelegatingMethodAccessorImpl.invoke(DelegatingMethodAccessorImpl.java:43)
	at java.base/java.lang.reflect.Method.invoke(Method.java:564)
	at org.testng.internal.MethodInvocationHelper.invokeMethod(MethodInvocationHelper.java:124)
	at org.testng.internal.MethodInvocationHelper.invokeMethodConsideringTimeout(MethodInvocationHelper.java:59)
	at org.testng.internal.Invoker.invokeConfigurationMethod(Invoker.java:458)
	at org.testng.internal.Invoker.invokeConfigurations(Invoker.java:222)
	at org.testng.internal.Invoker.invokeConfigurations(Invoker.java:142)
	at org.testng.SuiteRunner.privateRun(SuiteRunner.java:401)
	at org.testng.SuiteRunner.run(SuiteRunner.java:364)
	at org.testng.SuiteRunnerWorker.runSuite(SuiteRunnerWorker.java:52)
	at org.testng.SuiteRunnerWorker.run(SuiteRunnerWorker.java:84)
	at org.testng.TestNG.runSuitesSequentially(TestNG.java:1208)
	at org.testng.TestNG.runSuitesSequentially(TestNG.java:1204)
	at org.testng.TestNG.runSuitesLocally(TestNG.java:1137)
	at org.testng.TestNG.runSuites(TestNG.java:1049)
	at org.testng.TestNG.run(TestNG.java:1017)
	at org.apache.maven.surefire.testng.TestNGExecutor.run(TestNGExecutor.java:283)
	at org.apache.maven.surefire.testng.TestNGXmlTestSuite.execute(TestNGXmlTestSuite.java:75)
	at org.apache.maven.surefire.testng.TestNGProvider.invoke(TestNGProvider.java:120)
	at org.apache.maven.surefire.booter.ForkedBooter.invokeProviderInSameClassLoader(ForkedBooter.java:373)
	at org.apache.maven.surefire.booter.ForkedBooter.runSuitesInProcess(ForkedBooter.java:334)
	at org.apache.maven.surefire.booter.ForkedBooter.execute(ForkedBooter.java:119)
	at org.apache.maven.surefire.booter.ForkedBooter.main(ForkedBooter.java:407)
java.io.FileNotFoundException: D:\SirionSelenide\src\test\java\office\sirion\xls\Issue Suite.xlsx
	at org.apache.poi.ss.usermodel.WorkbookFactory.create(WorkbookFactory.java:250)
	at org.apache.poi.ss.usermodel.WorkbookFactory.create(WorkbookFactory.java:226)
	at org.apache.poi.ss.usermodel.WorkbookFactory.create(WorkbookFactory.java:205)
	at office.sirion.util.Xls_Reader.<init>(Xls_Reader.java:29)
	at office.sirion.base.TestBase.initialize(TestBase.java:182)
	at office.sirion.suite.clientAdmin.TestSuiteBase.checkSuiteSkip(TestSuiteBase.java:13)
	at java.base/jdk.internal.reflect.NativeMethodAccessorImpl.invoke0(Native Method)
	at java.base/jdk.internal.reflect.NativeMethodAccessorImpl.invoke(NativeMethodAccessorImpl.java:62)
	at java.base/jdk.internal.reflect.DelegatingMethodAccessorImpl.invoke(DelegatingMethodAccessorImpl.java:43)
	at java.base/java.lang.reflect.Method.invoke(Method.java:564)
	at org.testng.internal.MethodInvocationHelper.invokeMethod(MethodInvocationHelper.java:124)
	at org.testng.internal.MethodInvocationHelper.invokeMethodConsideringTimeout(MethodInvocationHelper.java:59)
	at org.testng.internal.Invoker.invokeConfigurationMethod(Invoker.java:458)
	at org.testng.internal.Invoker.invokeConfigurations(Invoker.java:222)
	at org.testng.internal.Invoker.invokeConfigurations(Invoker.java:142)
	at org.testng.SuiteRunner.privateRun(SuiteRunner.java:401)
	at org.testng.SuiteRunner.run(SuiteRunner.java:364)
	at org.testng.SuiteRunnerWorker.runSuite(SuiteRunnerWorker.java:52)
	at org.testng.SuiteRunnerWorker.run(SuiteRunnerWorker.java:84)
	at org.testng.TestNG.runSuitesSequentially(TestNG.java:1208)
	at org.testng.TestNG.runSuitesSequentially(TestNG.java:1204)
	at org.testng.TestNG.runSuitesLocally(TestNG.java:1137)
	at org.testng.TestNG.runSuites(TestNG.java:1049)
	at org.testng.TestNG.run(TestNG.java:1017)
	at org.apache.maven.surefire.testng.TestNGExecutor.run(TestNGExecutor.java:283)
	at org.apache.maven.surefire.testng.TestNGXmlTestSuite.execute(TestNGXmlTestSuite.java:75)
	at org.apache.maven.surefire.testng.TestNGProvider.invoke(TestNGProvider.java:120)
	at org.apache.maven.surefire.booter.ForkedBooter.invokeProviderInSameClassLoader(ForkedBooter.java:373)
	at org.apache.maven.surefire.booter.ForkedBooter.runSuitesInProcess(ForkedBooter.java:334)
	at org.apache.maven.surefire.booter.ForkedBooter.execute(ForkedBooter.java:119)
	at org.apache.maven.surefire.booter.ForkedBooter.main(ForkedBooter.java:407)
java.io.FileNotFoundException: D:\SirionSelenide\src\test\java\office\sirion\xls\Interpretation Suite.xlsx
	at org.apache.poi.ss.usermodel.WorkbookFactory.create(WorkbookFactory.java:250)
	at org.apache.poi.ss.usermodel.WorkbookFactory.create(WorkbookFactory.java:226)
	at org.apache.poi.ss.usermodel.WorkbookFactory.create(WorkbookFactory.java:205)
	at office.sirion.util.Xls_Reader.<init>(Xls_Reader.java:29)
	at office.sirion.base.TestBase.initialize(TestBase.java:183)
	at office.sirion.suite.clientAdmin.TestSuiteBase.checkSuiteSkip(TestSuiteBase.java:13)
	at java.base/jdk.internal.reflect.NativeMethodAccessorImpl.invoke0(Native Method)
	at java.base/jdk.internal.reflect.NativeMethodAccessorImpl.invoke(NativeMethodAccessorImpl.java:62)
	at java.base/jdk.internal.reflect.DelegatingMethodAccessorImpl.invoke(DelegatingMethodAccessorImpl.java:43)
	at java.base/java.lang.reflect.Method.invoke(Method.java:564)
	at org.testng.internal.MethodInvocationHelper.invokeMethod(MethodInvocationHelper.java:124)
	at org.testng.internal.MethodInvocationHelper.invokeMethodConsideringTimeout(MethodInvocationHelper.java:59)
	at org.testng.internal.Invoker.invokeConfigurationMethod(Invoker.java:458)
	at org.testng.internal.Invoker.invokeConfigurations(Invoker.java:222)
	at org.testng.internal.Invoker.invokeConfigurations(Invoker.java:142)
	at org.testng.SuiteRunner.privateRun(SuiteRunner.java:401)
	at org.testng.SuiteRunner.run(SuiteRunner.java:364)
	at org.testng.SuiteRunnerWorker.runSuite(SuiteRunnerWorker.java:52)
	at org.testng.SuiteRunnerWorker.run(SuiteRunnerWorker.java:84)
	at org.testng.TestNG.runSuitesSequentially(TestNG.java:1208)
	at org.testng.TestNG.runSuitesSequentially(TestNG.java:1204)
	at org.testng.TestNG.runSuitesLocally(TestNG.java:1137)
	at org.testng.TestNG.runSuites(TestNG.java:1049)
	at org.testng.TestNG.run(TestNG.java:1017)
	at org.apache.maven.surefire.testng.TestNGExecutor.run(TestNGExecutor.java:283)
	at org.apache.maven.surefire.testng.TestNGXmlTestSuite.execute(TestNGXmlTestSuite.java:75)
	at org.apache.maven.surefire.testng.TestNGProvider.invoke(TestNGProvider.java:120)
	at org.apache.maven.surefire.booter.ForkedBooter.invokeProviderInSameClassLoader(ForkedBooter.java:373)
	at org.apache.maven.surefire.booter.ForkedBooter.runSuitesInProcess(ForkedBooter.java:334)
	at org.apache.maven.surefire.booter.ForkedBooter.execute(ForkedBooter.java:119)
	at org.apache.maven.surefire.booter.ForkedBooter.main(ForkedBooter.java:407)
java.io.FileNotFoundException: D:\SirionSelenide\src\test\java\office\sirion\xls\CR Suite.xlsx
	at org.apache.poi.ss.usermodel.WorkbookFactory.create(WorkbookFactory.java:250)
	at org.apache.poi.ss.usermodel.WorkbookFactory.create(WorkbookFactory.java:226)
	at org.apache.poi.ss.usermodel.WorkbookFactory.create(WorkbookFactory.java:205)
	at office.sirion.util.Xls_Reader.<init>(Xls_Reader.java:29)
	at office.sirion.base.TestBase.initialize(TestBase.java:184)
	at office.sirion.suite.clientAdmin.TestSuiteBase.checkSuiteSkip(TestSuiteBase.java:13)
	at java.base/jdk.internal.reflect.NativeMethodAccessorImpl.invoke0(Native Method)
	at java.base/jdk.internal.reflect.NativeMethodAccessorImpl.invoke(NativeMethodAccessorImpl.java:62)
	at java.base/jdk.internal.reflect.DelegatingMethodAccessorImpl.invoke(DelegatingMethodAccessorImpl.java:43)
	at java.base/java.lang.reflect.Method.invoke(Method.java:564)
	at org.testng.internal.MethodInvocationHelper.invokeMethod(MethodInvocationHelper.java:124)
	at org.testng.internal.MethodInvocationHelper.invokeMethodConsideringTimeout(MethodInvocationHelper.java:59)
	at org.testng.internal.Invoker.invokeConfigurationMethod(Invoker.java:458)
	at org.testng.internal.Invoker.invokeConfigurations(Invoker.java:222)
	at org.testng.internal.Invoker.invokeConfigurations(Invoker.java:142)
	at org.testng.SuiteRunner.privateRun(SuiteRunner.java:401)
	at org.testng.SuiteRunner.run(SuiteRunner.java:364)
	at org.testng.SuiteRunnerWorker.runSuite(SuiteRunnerWorker.java:52)
	at org.testng.SuiteRunnerWorker.run(SuiteRunnerWorker.java:84)
	at org.testng.TestNG.runSuitesSequentially(TestNG.java:1208)
	at org.testng.TestNG.runSuitesSequentially(TestNG.java:1204)
	at org.testng.TestNG.runSuitesLocally(TestNG.java:1137)
	at org.testng.TestNG.runSuites(TestNG.java:1049)
	at org.testng.TestNG.run(TestNG.java:1017)
	at org.apache.maven.surefire.testng.TestNGExecutor.run(TestNGExecutor.java:283)
	at org.apache.maven.surefire.testng.TestNGXmlTestSuite.execute(TestNGXmlTestSuite.java:75)
	at org.apache.maven.surefire.testng.TestNGProvider.invoke(TestNGProvider.java:120)
	at org.apache.maven.surefire.booter.ForkedBooter.invokeProviderInSameClassLoader(ForkedBooter.java:373)
	at org.apache.maven.surefire.booter.ForkedBooter.runSuitesInProcess(ForkedBooter.java:334)
	at org.apache.maven.surefire.booter.ForkedBooter.execute(ForkedBooter.java:119)
	at org.apache.maven.surefire.booter.ForkedBooter.main(ForkedBooter.java:407)
java.io.FileNotFoundException: D:\SirionSelenide\src\test\java\office\sirion\xls\Dispute Suite.xlsx
	at org.apache.poi.ss.usermodel.WorkbookFactory.create(WorkbookFactory.java:250)
	at org.apache.poi.ss.usermodel.WorkbookFactory.create(WorkbookFactory.java:226)
	at org.apache.poi.ss.usermodel.WorkbookFactory.create(WorkbookFactory.java:205)
	at office.sirion.util.Xls_Reader.<init>(Xls_Reader.java:29)
	at office.sirion.base.TestBase.initialize(TestBase.java:185)
	at office.sirion.suite.clientAdmin.TestSuiteBase.checkSuiteSkip(TestSuiteBase.java:13)
	at java.base/jdk.internal.reflect.NativeMethodAccessorImpl.invoke0(Native Method)
	at java.base/jdk.internal.reflect.NativeMethodAccessorImpl.invoke(NativeMethodAccessorImpl.java:62)
	at java.base/jdk.internal.reflect.DelegatingMethodAccessorImpl.invoke(DelegatingMethodAccessorImpl.java:43)
	at java.base/java.lang.reflect.Method.invoke(Method.java:564)
	at org.testng.internal.MethodInvocationHelper.invokeMethod(MethodInvocationHelper.java:124)
	at org.testng.internal.MethodInvocationHelper.invokeMethodConsideringTimeout(MethodInvocationHelper.java:59)
	at org.testng.internal.Invoker.invokeConfigurationMethod(Invoker.java:458)
	at org.testng.internal.Invoker.invokeConfigurations(Invoker.java:222)
	at org.testng.internal.Invoker.invokeConfigurations(Invoker.java:142)
	at org.testng.SuiteRunner.privateRun(SuiteRunner.java:401)
	at org.testng.SuiteRunner.run(SuiteRunner.java:364)
	at org.testng.SuiteRunnerWorker.runSuite(SuiteRunnerWorker.java:52)
	at org.testng.SuiteRunnerWorker.run(SuiteRunnerWorker.java:84)
	at org.testng.TestNG.runSuitesSequentially(TestNG.java:1208)
	at org.testng.TestNG.runSuitesSequentially(TestNG.java:1204)
	at org.testng.TestNG.runSuitesLocally(TestNG.java:1137)
	at org.testng.TestNG.runSuites(TestNG.java:1049)
	at org.testng.TestNG.run(TestNG.java:1017)
	at org.apache.maven.surefire.testng.TestNGExecutor.run(TestNGExecutor.java:283)
	at org.apache.maven.surefire.testng.TestNGXmlTestSuite.execute(TestNGXmlTestSuite.java:75)
	at org.apache.maven.surefire.testng.TestNGProvider.invoke(TestNGProvider.java:120)
	at org.apache.maven.surefire.booter.ForkedBooter.invokeProviderInSameClassLoader(ForkedBooter.java:373)
	at org.apache.maven.surefire.booter.ForkedBooter.runSuitesInProcess(ForkedBooter.java:334)
	at org.apache.maven.surefire.booter.ForkedBooter.execute(ForkedBooter.java:119)
	at org.apache.maven.surefire.booter.ForkedBooter.main(ForkedBooter.java:407)
java.io.FileNotFoundException: D:\SirionSelenide\src\test\java\office\sirion\xls\Clause Suite.xlsx
	at org.apache.poi.ss.usermodel.WorkbookFactory.create(WorkbookFactory.java:250)
	at org.apache.poi.ss.usermodel.WorkbookFactory.create(WorkbookFactory.java:226)
	at org.apache.poi.ss.usermodel.WorkbookFactory.create(WorkbookFactory.java:205)
	at office.sirion.util.Xls_Reader.<init>(Xls_Reader.java:29)
	at office.sirion.base.TestBase.initialize(TestBase.java:186)
	at office.sirion.suite.clientAdmin.TestSuiteBase.checkSuiteSkip(TestSuiteBase.java:13)
	at java.base/jdk.internal.reflect.NativeMethodAccessorImpl.invoke0(Native Method)
	at java.base/jdk.internal.reflect.NativeMethodAccessorImpl.invoke(NativeMethodAccessorImpl.java:62)
	at java.base/jdk.internal.reflect.DelegatingMethodAccessorImpl.invoke(DelegatingMethodAccessorImpl.java:43)
	at java.base/java.lang.reflect.Method.invoke(Method.java:564)
	at org.testng.internal.MethodInvocationHelper.invokeMethod(MethodInvocationHelper.java:124)
	at org.testng.internal.MethodInvocationHelper.invokeMethodConsideringTimeout(MethodInvocationHelper.java:59)
	at org.testng.internal.Invoker.invokeConfigurationMethod(Invoker.java:458)
	at org.testng.internal.Invoker.invokeConfigurations(Invoker.java:222)
	at org.testng.internal.Invoker.invokeConfigurations(Invoker.java:142)
	at org.testng.SuiteRunner.privateRun(SuiteRunner.java:401)
	at org.testng.SuiteRunner.run(SuiteRunner.java:364)
	at org.testng.SuiteRunnerWorker.runSuite(SuiteRunnerWorker.java:52)
	at org.testng.SuiteRunnerWorker.run(SuiteRunnerWorker.java:84)
	at org.testng.TestNG.runSuitesSequentially(TestNG.java:1208)
	at org.testng.TestNG.runSuitesSequentially(TestNG.java:1204)
	at org.testng.TestNG.runSuitesLocally(TestNG.java:1137)
	at org.testng.TestNG.runSuites(TestNG.java:1049)
	at org.testng.TestNG.run(TestNG.java:1017)
	at org.apache.maven.surefire.testng.TestNGExecutor.run(TestNGExecutor.java:283)
	at org.apache.maven.surefire.testng.TestNGXmlTestSuite.execute(TestNGXmlTestSuite.java:75)
	at org.apache.maven.surefire.testng.TestNGProvider.invoke(TestNGProvider.java:120)
	at org.apache.maven.surefire.booter.ForkedBooter.invokeProviderInSameClassLoader(ForkedBooter.java:373)
	at org.apache.maven.surefire.booter.ForkedBooter.runSuitesInProcess(ForkedBooter.java:334)
	at org.apache.maven.surefire.booter.ForkedBooter.execute(ForkedBooter.java:119)
	at org.apache.maven.surefire.booter.ForkedBooter.main(ForkedBooter.java:407)
java.io.FileNotFoundException: D:\SirionSelenide\src\test\java\office\sirion\xls\Contract Template Suite.xlsx
	at org.apache.poi.ss.usermodel.WorkbookFactory.create(WorkbookFactory.java:250)
	at org.apache.poi.ss.usermodel.WorkbookFactory.create(WorkbookFactory.java:226)
	at org.apache.poi.ss.usermodel.WorkbookFactory.create(WorkbookFactory.java:205)
	at office.sirion.util.Xls_Reader.<init>(Xls_Reader.java:29)
	at office.sirion.base.TestBase.initialize(TestBase.java:187)
	at office.sirion.suite.clientAdmin.TestSuiteBase.checkSuiteSkip(TestSuiteBase.java:13)
	at java.base/jdk.internal.reflect.NativeMethodAccessorImpl.invoke0(Native Method)
	at java.base/jdk.internal.reflect.NativeMethodAccessorImpl.invoke(NativeMethodAccessorImpl.java:62)
	at java.base/jdk.internal.reflect.DelegatingMethodAccessorImpl.invoke(DelegatingMethodAccessorImpl.java:43)
	at java.base/java.lang.reflect.Method.invoke(Method.java:564)
	at org.testng.internal.MethodInvocationHelper.invokeMethod(MethodInvocationHelper.java:124)
	at org.testng.internal.MethodInvocationHelper.invokeMethodConsideringTimeout(MethodInvocationHelper.java:59)
	at org.testng.internal.Invoker.invokeConfigurationMethod(Invoker.java:458)
	at org.testng.internal.Invoker.invokeConfigurations(Invoker.java:222)
	at org.testng.internal.Invoker.invokeConfigurations(Invoker.java:142)
	at org.testng.SuiteRunner.privateRun(SuiteRunner.java:401)
	at org.testng.SuiteRunner.run(SuiteRunner.java:364)
	at org.testng.SuiteRunnerWorker.runSuite(SuiteRunnerWorker.java:52)
	at org.testng.SuiteRunnerWorker.run(SuiteRunnerWorker.java:84)
	at org.testng.TestNG.runSuitesSequentially(TestNG.java:1208)
	at org.testng.TestNG.runSuitesSequentially(TestNG.java:1204)
	at org.testng.TestNG.runSuitesLocally(TestNG.java:1137)
	at org.testng.TestNG.runSuites(TestNG.java:1049)
	at org.testng.TestNG.run(TestNG.java:1017)
	at org.apache.maven.surefire.testng.TestNGExecutor.run(TestNGExecutor.java:283)
	at org.apache.maven.surefire.testng.TestNGXmlTestSuite.execute(TestNGXmlTestSuite.java:75)
	at org.apache.maven.surefire.testng.TestNGProvider.invoke(TestNGProvider.java:120)
	at org.apache.maven.surefire.booter.ForkedBooter.invokeProviderInSameClassLoader(ForkedBooter.java:373)
	at org.apache.maven.surefire.booter.ForkedBooter.runSuitesInProcess(ForkedBooter.java:334)
	at org.apache.maven.surefire.booter.ForkedBooter.execute(ForkedBooter.java:119)
	at org.apache.maven.surefire.booter.ForkedBooter.main(ForkedBooter.java:407)
java.io.FileNotFoundException: D:\SirionSelenide\src\test\java\office\sirion\xls\CDR Suite.xlsx
	at org.apache.poi.ss.usermodel.WorkbookFactory.create(WorkbookFactory.java:250)
	at org.apache.poi.ss.usermodel.WorkbookFactory.create(WorkbookFactory.java:226)
	at org.apache.poi.ss.usermodel.WorkbookFactory.create(WorkbookFactory.java:205)
	at office.sirion.util.Xls_Reader.<init>(Xls_Reader.java:29)
	at office.sirion.base.TestBase.initialize(TestBase.java:188)
	at office.sirion.suite.clientAdmin.TestSuiteBase.checkSuiteSkip(TestSuiteBase.java:13)
	at java.base/jdk.internal.reflect.NativeMethodAccessorImpl.invoke0(Native Method)
	at java.base/jdk.internal.reflect.NativeMethodAccessorImpl.invoke(NativeMethodAccessorImpl.java:62)
	at java.base/jdk.internal.reflect.DelegatingMethodAccessorImpl.invoke(DelegatingMethodAccessorImpl.java:43)
	at java.base/java.lang.reflect.Method.invoke(Method.java:564)
	at org.testng.internal.MethodInvocationHelper.invokeMethod(MethodInvocationHelper.java:124)
	at org.testng.internal.MethodInvocationHelper.invokeMethodConsideringTimeout(MethodInvocationHelper.java:59)
	at org.testng.internal.Invoker.invokeConfigurationMethod(Invoker.java:458)
	at org.testng.internal.Invoker.invokeConfigurations(Invoker.java:222)
	at org.testng.internal.Invoker.invokeConfigurations(Invoker.java:142)
	at org.testng.SuiteRunner.privateRun(SuiteRunner.java:401)
	at org.testng.SuiteRunner.run(SuiteRunner.java:364)
	at org.testng.SuiteRunnerWorker.runSuite(SuiteRunnerWorker.java:52)
	at org.testng.SuiteRunnerWorker.run(SuiteRunnerWorker.java:84)
	at org.testng.TestNG.runSuitesSequentially(TestNG.java:1208)
	at org.testng.TestNG.runSuitesSequentially(TestNG.java:1204)
	at org.testng.TestNG.runSuitesLocally(TestNG.java:1137)
	at org.testng.TestNG.runSuites(TestNG.java:1049)
	at org.testng.TestNG.run(TestNG.java:1017)
	at org.apache.maven.surefire.testng.TestNGExecutor.run(TestNGExecutor.java:283)
	at org.apache.maven.surefire.testng.TestNGXmlTestSuite.execute(TestNGXmlTestSuite.java:75)
	at org.apache.maven.surefire.testng.TestNGProvider.invoke(TestNGProvider.java:120)
	at org.apache.maven.surefire.booter.ForkedBooter.invokeProviderInSameClassLoader(ForkedBooter.java:373)
	at org.apache.maven.surefire.booter.ForkedBooter.runSuitesInProcess(ForkedBooter.java:334)
	at org.apache.maven.surefire.booter.ForkedBooter.execute(ForkedBooter.java:119)
	at org.apache.maven.surefire.booter.ForkedBooter.main(ForkedBooter.java:407)
java.io.FileNotFoundException: D:\SirionSelenide\src\test\java\office\sirion\xls\PO Suite.xlsx
	at org.apache.poi.ss.usermodel.WorkbookFactory.create(WorkbookFactory.java:250)
	at org.apache.poi.ss.usermodel.WorkbookFactory.create(WorkbookFactory.java:226)
	at org.apache.poi.ss.usermodel.WorkbookFactory.create(WorkbookFactory.java:205)
	at office.sirion.util.Xls_Reader.<init>(Xls_Reader.java:29)
	at office.sirion.base.TestBase.initialize(TestBase.java:189)
	at office.sirion.suite.clientAdmin.TestSuiteBase.checkSuiteSkip(TestSuiteBase.java:13)
	at java.base/jdk.internal.reflect.NativeMethodAccessorImpl.invoke0(Native Method)
	at java.base/jdk.internal.reflect.NativeMethodAccessorImpl.invoke(NativeMethodAccessorImpl.java:62)
	at java.base/jdk.internal.reflect.DelegatingMethodAccessorImpl.invoke(DelegatingMethodAccessorImpl.java:43)
	at java.base/java.lang.reflect.Method.invoke(Method.java:564)
	at org.testng.internal.MethodInvocationHelper.invokeMethod(MethodInvocationHelper.java:124)
	at org.testng.internal.MethodInvocationHelper.invokeMethodConsideringTimeout(MethodInvocationHelper.java:59)
	at org.testng.internal.Invoker.invokeConfigurationMethod(Invoker.java:458)
	at org.testng.internal.Invoker.invokeConfigurations(Invoker.java:222)
	at org.testng.internal.Invoker.invokeConfigurations(Invoker.java:142)
	at org.testng.SuiteRunner.privateRun(SuiteRunner.java:401)
	at org.testng.SuiteRunner.run(SuiteRunner.java:364)
	at org.testng.SuiteRunnerWorker.runSuite(SuiteRunnerWorker.java:52)
	at org.testng.SuiteRunnerWorker.run(SuiteRunnerWorker.java:84)
	at org.testng.TestNG.runSuitesSequentially(TestNG.java:1208)
	at org.testng.TestNG.runSuitesSequentially(TestNG.java:1204)
	at org.testng.TestNG.runSuitesLocally(TestNG.java:1137)
	at org.testng.TestNG.runSuites(TestNG.java:1049)
	at org.testng.TestNG.run(TestNG.java:1017)
	at org.apache.maven.surefire.testng.TestNGExecutor.run(TestNGExecutor.java:283)
	at org.apache.maven.surefire.testng.TestNGXmlTestSuite.execute(TestNGXmlTestSuite.java:75)
	at org.apache.maven.surefire.testng.TestNGProvider.invoke(TestNGProvider.java:120)
	at org.apache.maven.surefire.booter.ForkedBooter.invokeProviderInSameClassLoader(ForkedBooter.java:373)
	at org.apache.maven.surefire.booter.ForkedBooter.runSuitesInProcess(ForkedBooter.java:334)
	at org.apache.maven.surefire.booter.ForkedBooter.execute(ForkedBooter.java:119)
	at org.apache.maven.surefire.booter.ForkedBooter.main(ForkedBooter.java:407)
java.io.FileNotFoundException: D:\SirionSelenide\src\test\java\office\sirion\xls\Invoice Suite.xlsx
	at org.apache.poi.ss.usermodel.WorkbookFactory.create(WorkbookFactory.java:250)
	at org.apache.poi.ss.usermodel.WorkbookFactory.create(WorkbookFactory.java:226)
	at org.apache.poi.ss.usermodel.WorkbookFactory.create(WorkbookFactory.java:205)
	at office.sirion.util.Xls_Reader.<init>(Xls_Reader.java:29)
	at office.sirion.base.TestBase.initialize(TestBase.java:190)
	at office.sirion.suite.clientAdmin.TestSuiteBase.checkSuiteSkip(TestSuiteBase.java:13)
	at java.base/jdk.internal.reflect.NativeMethodAccessorImpl.invoke0(Native Method)
	at java.base/jdk.internal.reflect.NativeMethodAccessorImpl.invoke(NativeMethodAccessorImpl.java:62)
	at java.base/jdk.internal.reflect.DelegatingMethodAccessorImpl.invoke(DelegatingMethodAccessorImpl.java:43)
	at java.base/java.lang.reflect.Method.invoke(Method.java:564)
	at org.testng.internal.MethodInvocationHelper.invokeMethod(MethodInvocationHelper.java:124)
	at org.testng.internal.MethodInvocationHelper.invokeMethodConsideringTimeout(MethodInvocationHelper.java:59)
	at org.testng.internal.Invoker.invokeConfigurationMethod(Invoker.java:458)
	at org.testng.internal.Invoker.invokeConfigurations(Invoker.java:222)
	at org.testng.internal.Invoker.invokeConfigurations(Invoker.java:142)
	at org.testng.SuiteRunner.privateRun(SuiteRunner.java:401)
	at org.testng.SuiteRunner.run(SuiteRunner.java:364)
	at org.testng.SuiteRunnerWorker.runSuite(SuiteRunnerWorker.java:52)
	at org.testng.SuiteRunnerWorker.run(SuiteRunnerWorker.java:84)
	at org.testng.TestNG.runSuitesSequentially(TestNG.java:1208)
	at org.testng.TestNG.runSuitesSequentially(TestNG.java:1204)
	at org.testng.TestNG.runSuitesLocally(TestNG.java:1137)
	at org.testng.TestNG.runSuites(TestNG.java:1049)
	at org.testng.TestNG.run(TestNG.java:1017)
	at org.apache.maven.surefire.testng.TestNGExecutor.run(TestNGExecutor.java:283)
	at org.apache.maven.surefire.testng.TestNGXmlTestSuite.execute(TestNGXmlTestSuite.java:75)
	at org.apache.maven.surefire.testng.TestNGProvider.invoke(TestNGProvider.java:120)
	at org.apache.maven.surefire.booter.ForkedBooter.invokeProviderInSameClassLoader(ForkedBooter.java:373)
	at org.apache.maven.surefire.booter.ForkedBooter.runSuitesInProcess(ForkedBooter.java:334)
	at org.apache.maven.surefire.booter.ForkedBooter.execute(ForkedBooter.java:119)
	at org.apache.maven.surefire.booter.ForkedBooter.main(ForkedBooter.java:407)
java.io.FileNotFoundException: D:\SirionSelenide\src\test\java\office\sirion\xls\WOR Suite.xlsx
	at org.apache.poi.ss.usermodel.WorkbookFactory.create(WorkbookFactory.java:250)
	at org.apache.poi.ss.usermodel.WorkbookFactory.create(WorkbookFactory.java:226)
	at org.apache.poi.ss.usermodel.WorkbookFactory.create(WorkbookFactory.java:205)
	at office.sirion.util.Xls_Reader.<init>(Xls_Reader.java:29)
	at office.sirion.base.TestBase.initialize(TestBase.java:191)
	at office.sirion.suite.clientAdmin.TestSuiteBase.checkSuiteSkip(TestSuiteBase.java:13)
	at java.base/jdk.internal.reflect.NativeMethodAccessorImpl.invoke0(Native Method)
	at java.base/jdk.internal.reflect.NativeMethodAccessorImpl.invoke(NativeMethodAccessorImpl.java:62)
	at java.base/jdk.internal.reflect.DelegatingMethodAccessorImpl.invoke(DelegatingMethodAccessorImpl.java:43)
	at java.base/java.lang.reflect.Method.invoke(Method.java:564)
	at org.testng.internal.MethodInvocationHelper.invokeMethod(MethodInvocationHelper.java:124)
	at org.testng.internal.MethodInvocationHelper.invokeMethodConsideringTimeout(MethodInvocationHelper.java:59)
	at org.testng.internal.Invoker.invokeConfigurationMethod(Invoker.java:458)
	at org.testng.internal.Invoker.invokeConfigurations(Invoker.java:222)
	at org.testng.internal.Invoker.invokeConfigurations(Invoker.java:142)
	at org.testng.SuiteRunner.privateRun(SuiteRunner.java:401)
	at org.testng.SuiteRunner.run(SuiteRunner.java:364)
	at org.testng.SuiteRunnerWorker.runSuite(SuiteRunnerWorker.java:52)
	at org.testng.SuiteRunnerWorker.run(SuiteRunnerWorker.java:84)
	at org.testng.TestNG.runSuitesSequentially(TestNG.java:1208)
	at org.testng.TestNG.runSuitesSequentially(TestNG.java:1204)
	at org.testng.TestNG.runSuitesLocally(TestNG.java:1137)
	at org.testng.TestNG.runSuites(TestNG.java:1049)
	at org.testng.TestNG.run(TestNG.java:1017)
	at org.apache.maven.surefire.testng.TestNGExecutor.run(TestNGExecutor.java:283)
	at org.apache.maven.surefire.testng.TestNGXmlTestSuite.execute(TestNGXmlTestSuite.java:75)
	at org.apache.maven.surefire.testng.TestNGProvider.invoke(TestNGProvider.java:120)
	at org.apache.maven.surefire.booter.ForkedBooter.invokeProviderInSameClassLoader(ForkedBooter.java:373)
	at org.apache.maven.surefire.booter.ForkedBooter.runSuitesInProcess(ForkedBooter.java:334)
	at org.apache.maven.surefire.booter.ForkedBooter.execute(ForkedBooter.java:119)
	at org.apache.maven.surefire.booter.ForkedBooter.main(ForkedBooter.java:407)
java.io.FileNotFoundException: D:\SirionSelenide\src\test\java\office\sirion\xls\Common Listing Suite.xlsx
	at org.apache.poi.ss.usermodel.WorkbookFactory.create(WorkbookFactory.java:250)
	at org.apache.poi.ss.usermodel.WorkbookFactory.create(WorkbookFactory.java:226)
	at org.apache.poi.ss.usermodel.WorkbookFactory.create(WorkbookFactory.java:205)
	at office.sirion.util.Xls_Reader.<init>(Xls_Reader.java:29)
	at office.sirion.base.TestBase.initialize(TestBase.java:192)
	at office.sirion.suite.clientAdmin.TestSuiteBase.checkSuiteSkip(TestSuiteBase.java:13)
	at java.base/jdk.internal.reflect.NativeMethodAccessorImpl.invoke0(Native Method)
	at java.base/jdk.internal.reflect.NativeMethodAccessorImpl.invoke(NativeMethodAccessorImpl.java:62)
	at java.base/jdk.internal.reflect.DelegatingMethodAccessorImpl.invoke(DelegatingMethodAccessorImpl.java:43)
	at java.base/java.lang.reflect.Method.invoke(Method.java:564)
	at org.testng.internal.MethodInvocationHelper.invokeMethod(MethodInvocationHelper.java:124)
	at org.testng.internal.MethodInvocationHelper.invokeMethodConsideringTimeout(MethodInvocationHelper.java:59)
	at org.testng.internal.Invoker.invokeConfigurationMethod(Invoker.java:458)
	at org.testng.internal.Invoker.invokeConfigurations(Invoker.java:222)
	at org.testng.internal.Invoker.invokeConfigurations(Invoker.java:142)
	at org.testng.SuiteRunner.privateRun(SuiteRunner.java:401)
	at org.testng.SuiteRunner.run(SuiteRunner.java:364)
	at org.testng.SuiteRunnerWorker.runSuite(SuiteRunnerWorker.java:52)
	at org.testng.SuiteRunnerWorker.run(SuiteRunnerWorker.java:84)
	at org.testng.TestNG.runSuitesSequentially(TestNG.java:1208)
	at org.testng.TestNG.runSuitesSequentially(TestNG.java:1204)
	at org.testng.TestNG.runSuitesLocally(TestNG.java:1137)
	at org.testng.TestNG.runSuites(TestNG.java:1049)
	at org.testng.TestNG.run(TestNG.java:1017)
	at org.apache.maven.surefire.testng.TestNGExecutor.run(TestNGExecutor.java:283)
	at org.apache.maven.surefire.testng.TestNGXmlTestSuite.execute(TestNGXmlTestSuite.java:75)
	at org.apache.maven.surefire.testng.TestNGProvider.invoke(TestNGProvider.java:120)
	at org.apache.maven.surefire.booter.ForkedBooter.invokeProviderInSameClassLoader(ForkedBooter.java:373)
	at org.apache.maven.surefire.booter.ForkedBooter.runSuitesInProcess(ForkedBooter.java:334)
	at org.apache.maven.surefire.booter.ForkedBooter.execute(ForkedBooter.java:119)
	at org.apache.maven.surefire.booter.ForkedBooter.main(ForkedBooter.java:407)
java.io.FileNotFoundException: D:\SirionSelenide\src\test\java\office\sirion\xls\Common Report Suite.xlsx
	at org.apache.poi.ss.usermodel.WorkbookFactory.create(WorkbookFactory.java:250)
	at org.apache.poi.ss.usermodel.WorkbookFactory.create(WorkbookFactory.java:226)
	at org.apache.poi.ss.usermodel.WorkbookFactory.create(WorkbookFactory.java:205)
	at office.sirion.util.Xls_Reader.<init>(Xls_Reader.java:29)
	at office.sirion.base.TestBase.initialize(TestBase.java:193)
	at office.sirion.suite.clientAdmin.TestSuiteBase.checkSuiteSkip(TestSuiteBase.java:13)
	at java.base/jdk.internal.reflect.NativeMethodAccessorImpl.invoke0(Native Method)
	at java.base/jdk.internal.reflect.NativeMethodAccessorImpl.invoke(NativeMethodAccessorImpl.java:62)
	at java.base/jdk.internal.reflect.DelegatingMethodAccessorImpl.invoke(DelegatingMethodAccessorImpl.java:43)
	at java.base/java.lang.reflect.Method.invoke(Method.java:564)
	at org.testng.internal.MethodInvocationHelper.invokeMethod(MethodInvocationHelper.java:124)
	at org.testng.internal.MethodInvocationHelper.invokeMethodConsideringTimeout(MethodInvocationHelper.java:59)
	at org.testng.internal.Invoker.invokeConfigurationMethod(Invoker.java:458)
	at org.testng.internal.Invoker.invokeConfigurations(Invoker.java:222)
	at org.testng.internal.Invoker.invokeConfigurations(Invoker.java:142)
	at org.testng.SuiteRunner.privateRun(SuiteRunner.java:401)
	at org.testng.SuiteRunner.run(SuiteRunner.java:364)
	at org.testng.SuiteRunnerWorker.runSuite(SuiteRunnerWorker.java:52)
	at org.testng.SuiteRunnerWorker.run(SuiteRunnerWorker.java:84)
	at org.testng.TestNG.runSuitesSequentially(TestNG.java:1208)
	at org.testng.TestNG.runSuitesSequentially(TestNG.java:1204)
	at org.testng.TestNG.runSuitesLocally(TestNG.java:1137)
	at org.testng.TestNG.runSuites(TestNG.java:1049)
	at org.testng.TestNG.run(TestNG.java:1017)
	at org.apache.maven.surefire.testng.TestNGExecutor.run(TestNGExecutor.java:283)
	at org.apache.maven.surefire.testng.TestNGXmlTestSuite.execute(TestNGXmlTestSuite.java:75)
	at org.apache.maven.surefire.testng.TestNGProvider.invoke(TestNGProvider.java:120)
	at org.apache.maven.surefire.booter.ForkedBooter.invokeProviderInSameClassLoader(ForkedBooter.java:373)
	at org.apache.maven.surefire.booter.ForkedBooter.runSuitesInProcess(ForkedBooter.java:334)
	at org.apache.maven.surefire.booter.ForkedBooter.execute(ForkedBooter.java:119)
	at org.apache.maven.surefire.booter.ForkedBooter.main(ForkedBooter.java:407)
java.io.FileNotFoundException: D:\SirionSelenide\src\test\java\office\sirion\xls\Common Dashboard Suite.xlsx
	at org.apache.poi.ss.usermodel.WorkbookFactory.create(WorkbookFactory.java:250)
	at org.apache.poi.ss.usermodel.WorkbookFactory.create(WorkbookFactory.java:226)
	at org.apache.poi.ss.usermodel.WorkbookFactory.create(WorkbookFactory.java:205)
	at office.sirion.util.Xls_Reader.<init>(Xls_Reader.java:29)
	at office.sirion.base.TestBase.initialize(TestBase.java:194)
	at office.sirion.suite.clientAdmin.TestSuiteBase.checkSuiteSkip(TestSuiteBase.java:13)
	at java.base/jdk.internal.reflect.NativeMethodAccessorImpl.invoke0(Native Method)
	at java.base/jdk.internal.reflect.NativeMethodAccessorImpl.invoke(NativeMethodAccessorImpl.java:62)
	at java.base/jdk.internal.reflect.DelegatingMethodAccessorImpl.invoke(DelegatingMethodAccessorImpl.java:43)
	at java.base/java.lang.reflect.Method.invoke(Method.java:564)
	at org.testng.internal.MethodInvocationHelper.invokeMethod(MethodInvocationHelper.java:124)
	at org.testng.internal.MethodInvocationHelper.invokeMethodConsideringTimeout(MethodInvocationHelper.java:59)
	at org.testng.internal.Invoker.invokeConfigurationMethod(Invoker.java:458)
	at org.testng.internal.Invoker.invokeConfigurations(Invoker.java:222)
	at org.testng.internal.Invoker.invokeConfigurations(Invoker.java:142)
	at org.testng.SuiteRunner.privateRun(SuiteRunner.java:401)
	at org.testng.SuiteRunner.run(SuiteRunner.java:364)
	at org.testng.SuiteRunnerWorker.runSuite(SuiteRunnerWorker.java:52)
	at org.testng.SuiteRunnerWorker.run(SuiteRunnerWorker.java:84)
	at org.testng.TestNG.runSuitesSequentially(TestNG.java:1208)
	at org.testng.TestNG.runSuitesSequentially(TestNG.java:1204)
	at org.testng.TestNG.runSuitesLocally(TestNG.java:1137)
	at org.testng.TestNG.runSuites(TestNG.java:1049)
	at org.testng.TestNG.run(TestNG.java:1017)
	at org.apache.maven.surefire.testng.TestNGExecutor.run(TestNGExecutor.java:283)
	at org.apache.maven.surefire.testng.TestNGXmlTestSuite.execute(TestNGXmlTestSuite.java:75)
	at org.apache.maven.surefire.testng.TestNGProvider.invoke(TestNGProvider.java:120)
	at org.apache.maven.surefire.booter.ForkedBooter.invokeProviderInSameClassLoader(ForkedBooter.java:373)
	at org.apache.maven.surefire.booter.ForkedBooter.runSuitesInProcess(ForkedBooter.java:334)
	at org.apache.maven.surefire.booter.ForkedBooter.execute(ForkedBooter.java:119)
	at org.apache.maven.surefire.booter.ForkedBooter.main(ForkedBooter.java:407)
java.io.FileNotFoundException: D:\SirionSelenide\src\test\java\office\sirion\xls\Insights Suite.xlsx
	at org.apache.poi.ss.usermodel.WorkbookFactory.create(WorkbookFactory.java:250)
	at org.apache.poi.ss.usermodel.WorkbookFactory.create(WorkbookFactory.java:226)
	at org.apache.poi.ss.usermodel.WorkbookFactory.create(WorkbookFactory.java:205)
	at office.sirion.util.Xls_Reader.<init>(Xls_Reader.java:29)
	at office.sirion.base.TestBase.initialize(TestBase.java:195)
	at office.sirion.suite.clientAdmin.TestSuiteBase.checkSuiteSkip(TestSuiteBase.java:13)
	at java.base/jdk.internal.reflect.NativeMethodAccessorImpl.invoke0(Native Method)
	at java.base/jdk.internal.reflect.NativeMethodAccessorImpl.invoke(NativeMethodAccessorImpl.java:62)
	at java.base/jdk.internal.reflect.DelegatingMethodAccessorImpl.invoke(DelegatingMethodAccessorImpl.java:43)
	at java.base/java.lang.reflect.Method.invoke(Method.java:564)
	at org.testng.internal.MethodInvocationHelper.invokeMethod(MethodInvocationHelper.java:124)
	at org.testng.internal.MethodInvocationHelper.invokeMethodConsideringTimeout(MethodInvocationHelper.java:59)
	at org.testng.internal.Invoker.invokeConfigurationMethod(Invoker.java:458)
	at org.testng.internal.Invoker.invokeConfigurations(Invoker.java:222)
	at org.testng.internal.Invoker.invokeConfigurations(Invoker.java:142)
	at org.testng.SuiteRunner.privateRun(SuiteRunner.java:401)
	at org.testng.SuiteRunner.run(SuiteRunner.java:364)
	at org.testng.SuiteRunnerWorker.runSuite(SuiteRunnerWorker.java:52)
	at org.testng.SuiteRunnerWorker.run(SuiteRunnerWorker.java:84)
	at org.testng.TestNG.runSuitesSequentially(TestNG.java:1208)
	at org.testng.TestNG.runSuitesSequentially(TestNG.java:1204)
	at org.testng.TestNG.runSuitesLocally(TestNG.java:1137)
	at org.testng.TestNG.runSuites(TestNG.java:1049)
	at org.testng.TestNG.run(TestNG.java:1017)
	at org.apache.maven.surefire.testng.TestNGExecutor.run(TestNGExecutor.java:283)
	at org.apache.maven.surefire.testng.TestNGXmlTestSuite.execute(TestNGXmlTestSuite.java:75)
	at org.apache.maven.surefire.testng.TestNGProvider.invoke(TestNGProvider.java:120)
	at org.apache.maven.surefire.booter.ForkedBooter.invokeProviderInSameClassLoader(ForkedBooter.java:373)
	at org.apache.maven.surefire.booter.ForkedBooter.runSuitesInProcess(ForkedBooter.java:334)
	at org.apache.maven.surefire.booter.ForkedBooter.execute(ForkedBooter.java:119)
	at org.apache.maven.surefire.booter.ForkedBooter.main(ForkedBooter.java:407)
java.io.FileNotFoundException: D:\SirionSelenide\src\test\java\office\sirion\xls\Calendar Suite.xlsx
	at org.apache.poi.ss.usermodel.WorkbookFactory.create(WorkbookFactory.java:250)
	at org.apache.poi.ss.usermodel.WorkbookFactory.create(WorkbookFactory.java:226)
	at org.apache.poi.ss.usermodel.WorkbookFactory.create(WorkbookFactory.java:205)
	at office.sirion.util.Xls_Reader.<init>(Xls_Reader.java:29)
	at office.sirion.base.TestBase.initialize(TestBase.java:196)
	at office.sirion.suite.clientAdmin.TestSuiteBase.checkSuiteSkip(TestSuiteBase.java:13)
	at java.base/jdk.internal.reflect.NativeMethodAccessorImpl.invoke0(Native Method)
	at java.base/jdk.internal.reflect.NativeMethodAccessorImpl.invoke(NativeMethodAccessorImpl.java:62)
	at java.base/jdk.internal.reflect.DelegatingMethodAccessorImpl.invoke(DelegatingMethodAccessorImpl.java:43)
	at java.base/java.lang.reflect.Method.invoke(Method.java:564)
	at org.testng.internal.MethodInvocationHelper.invokeMethod(MethodInvocationHelper.java:124)
	at org.testng.internal.MethodInvocationHelper.invokeMethodConsideringTimeout(MethodInvocationHelper.java:59)
	at org.testng.internal.Invoker.invokeConfigurationMethod(Invoker.java:458)
	at org.testng.internal.Invoker.invokeConfigurations(Invoker.java:222)
	at org.testng.internal.Invoker.invokeConfigurations(Invoker.java:142)
	at org.testng.SuiteRunner.privateRun(SuiteRunner.java:401)
	at org.testng.SuiteRunner.run(SuiteRunner.java:364)
	at org.testng.SuiteRunnerWorker.runSuite(SuiteRunnerWorker.java:52)
	at org.testng.SuiteRunnerWorker.run(SuiteRunnerWorker.java:84)
	at org.testng.TestNG.runSuitesSequentially(TestNG.java:1208)
	at org.testng.TestNG.runSuitesSequentially(TestNG.java:1204)
	at org.testng.TestNG.runSuitesLocally(TestNG.java:1137)
	at org.testng.TestNG.runSuites(TestNG.java:1049)
	at org.testng.TestNG.run(TestNG.java:1017)
	at org.apache.maven.surefire.testng.TestNGExecutor.run(TestNGExecutor.java:283)
	at org.apache.maven.surefire.testng.TestNGXmlTestSuite.execute(TestNGXmlTestSuite.java:75)
	at org.apache.maven.surefire.testng.TestNGProvider.invoke(TestNGProvider.java:120)
	at org.apache.maven.surefire.booter.ForkedBooter.invokeProviderInSameClassLoader(ForkedBooter.java:373)
	at org.apache.maven.surefire.booter.ForkedBooter.runSuitesInProcess(ForkedBooter.java:334)
	at org.apache.maven.surefire.booter.ForkedBooter.execute(ForkedBooter.java:119)
	at org.apache.maven.surefire.booter.ForkedBooter.main(ForkedBooter.java:407)
java.io.FileNotFoundException: D:\SirionSelenide\src\test\java\office\sirion\xls\ToDo Suite.xlsx
	at org.apache.poi.ss.usermodel.WorkbookFactory.create(WorkbookFactory.java:250)
	at org.apache.poi.ss.usermodel.WorkbookFactory.create(WorkbookFactory.java:226)
	at org.apache.poi.ss.usermodel.WorkbookFactory.create(WorkbookFactory.java:205)
	at office.sirion.util.Xls_Reader.<init>(Xls_Reader.java:29)
	at office.sirion.base.TestBase.initialize(TestBase.java:197)
	at office.sirion.suite.clientAdmin.TestSuiteBase.checkSuiteSkip(TestSuiteBase.java:13)
	at java.base/jdk.internal.reflect.NativeMethodAccessorImpl.invoke0(Native Method)
	at java.base/jdk.internal.reflect.NativeMethodAccessorImpl.invoke(NativeMethodAccessorImpl.java:62)
	at java.base/jdk.internal.reflect.DelegatingMethodAccessorImpl.invoke(DelegatingMethodAccessorImpl.java:43)
	at java.base/java.lang.reflect.Method.invoke(Method.java:564)
	at org.testng.internal.MethodInvocationHelper.invokeMethod(MethodInvocationHelper.java:124)
	at org.testng.internal.MethodInvocationHelper.invokeMethodConsideringTimeout(MethodInvocationHelper.java:59)
	at org.testng.internal.Invoker.invokeConfigurationMethod(Invoker.java:458)
	at org.testng.internal.Invoker.invokeConfigurations(Invoker.java:222)
	at org.testng.internal.Invoker.invokeConfigurations(Invoker.java:142)
	at org.testng.SuiteRunner.privateRun(SuiteRunner.java:401)
	at org.testng.SuiteRunner.run(SuiteRunner.java:364)
	at org.testng.SuiteRunnerWorker.runSuite(SuiteRunnerWorker.java:52)
	at org.testng.SuiteRunnerWorker.run(SuiteRunnerWorker.java:84)
	at org.testng.TestNG.runSuitesSequentially(TestNG.java:1208)
	at org.testng.TestNG.runSuitesSequentially(TestNG.java:1204)
	at org.testng.TestNG.runSuitesLocally(TestNG.java:1137)
	at org.testng.TestNG.runSuites(TestNG.java:1049)
	at org.testng.TestNG.run(TestNG.java:1017)
	at org.apache.maven.surefire.testng.TestNGExecutor.run(TestNGExecutor.java:283)
	at org.apache.maven.surefire.testng.TestNGXmlTestSuite.execute(TestNGXmlTestSuite.java:75)
	at org.apache.maven.surefire.testng.TestNGProvider.invoke(TestNGProvider.java:120)
	at org.apache.maven.surefire.booter.ForkedBooter.invokeProviderInSameClassLoader(ForkedBooter.java:373)
	at org.apache.maven.surefire.booter.ForkedBooter.runSuitesInProcess(ForkedBooter.java:334)
	at org.apache.maven.surefire.booter.ForkedBooter.execute(ForkedBooter.java:119)
	at org.apache.maven.surefire.booter.ForkedBooter.main(ForkedBooter.java:407)
java.io.FileNotFoundException: D:\SirionSelenide\src\test\java\office\sirion\xls\Search Suite.xlsx
	at org.apache.poi.ss.usermodel.WorkbookFactory.create(WorkbookFactory.java:250)
	at org.apache.poi.ss.usermodel.WorkbookFactory.create(WorkbookFactory.java:226)
	at org.apache.poi.ss.usermodel.WorkbookFactory.create(WorkbookFactory.java:205)
	at office.sirion.util.Xls_Reader.<init>(Xls_Reader.java:29)
	at office.sirion.base.TestBase.initialize(TestBase.java:198)
	at office.sirion.suite.clientAdmin.TestSuiteBase.checkSuiteSkip(TestSuiteBase.java:13)
	at java.base/jdk.internal.reflect.NativeMethodAccessorImpl.invoke0(Native Method)
	at java.base/jdk.internal.reflect.NativeMethodAccessorImpl.invoke(NativeMethodAccessorImpl.java:62)
	at java.base/jdk.internal.reflect.DelegatingMethodAccessorImpl.invoke(DelegatingMethodAccessorImpl.java:43)
	at java.base/java.lang.reflect.Method.invoke(Method.java:564)
	at org.testng.internal.MethodInvocationHelper.invokeMethod(MethodInvocationHelper.java:124)
	at org.testng.internal.MethodInvocationHelper.invokeMethodConsideringTimeout(MethodInvocationHelper.java:59)
	at org.testng.internal.Invoker.invokeConfigurationMethod(Invoker.java:458)
	at org.testng.internal.Invoker.invokeConfigurations(Invoker.java:222)
	at org.testng.internal.Invoker.invokeConfigurations(Invoker.java:142)
	at org.testng.SuiteRunner.privateRun(SuiteRunner.java:401)
	at org.testng.SuiteRunner.run(SuiteRunner.java:364)
	at org.testng.SuiteRunnerWorker.runSuite(SuiteRunnerWorker.java:52)
	at org.testng.SuiteRunnerWorker.run(SuiteRunnerWorker.java:84)
	at org.testng.TestNG.runSuitesSequentially(TestNG.java:1208)
	at org.testng.TestNG.runSuitesSequentially(TestNG.java:1204)
	at org.testng.TestNG.runSuitesLocally(TestNG.java:1137)
	at org.testng.TestNG.runSuites(TestNG.java:1049)
	at org.testng.TestNG.run(TestNG.java:1017)
	at org.apache.maven.surefire.testng.TestNGExecutor.run(TestNGExecutor.java:283)
	at org.apache.maven.surefire.testng.TestNGXmlTestSuite.execute(TestNGXmlTestSuite.java:75)
	at org.apache.maven.surefire.testng.TestNGProvider.invoke(TestNGProvider.java:120)
	at org.apache.maven.surefire.booter.ForkedBooter.invokeProviderInSameClassLoader(ForkedBooter.java:373)
	at org.apache.maven.surefire.booter.ForkedBooter.runSuitesInProcess(ForkedBooter.java:334)
	at org.apache.maven.surefire.booter.ForkedBooter.execute(ForkedBooter.java:119)
	at org.apache.maven.surefire.booter.ForkedBooter.main(ForkedBooter.java:407)
java.io.FileNotFoundException: D:\SirionSelenide\src\test\java\office\sirion\xls\Staging Suite.xlsx
	at org.apache.poi.ss.usermodel.WorkbookFactory.create(WorkbookFactory.java:250)
	at org.apache.poi.ss.usermodel.WorkbookFactory.create(WorkbookFactory.java:226)
	at org.apache.poi.ss.usermodel.WorkbookFactory.create(WorkbookFactory.java:205)
	at office.sirion.util.Xls_Reader.<init>(Xls_Reader.java:29)
	at office.sirion.base.TestBase.initialize(TestBase.java:199)
	at office.sirion.suite.clientAdmin.TestSuiteBase.checkSuiteSkip(TestSuiteBase.java:13)
	at java.base/jdk.internal.reflect.NativeMethodAccessorImpl.invoke0(Native Method)
	at java.base/jdk.internal.reflect.NativeMethodAccessorImpl.invoke(NativeMethodAccessorImpl.java:62)
	at java.base/jdk.internal.reflect.DelegatingMethodAccessorImpl.invoke(DelegatingMethodAccessorImpl.java:43)
	at java.base/java.lang.reflect.Method.invoke(Method.java:564)
	at org.testng.internal.MethodInvocationHelper.invokeMethod(MethodInvocationHelper.java:124)
	at org.testng.internal.MethodInvocationHelper.invokeMethodConsideringTimeout(MethodInvocationHelper.java:59)
	at org.testng.internal.Invoker.invokeConfigurationMethod(Invoker.java:458)
	at org.testng.internal.Invoker.invokeConfigurations(Invoker.java:222)
	at org.testng.internal.Invoker.invokeConfigurations(Invoker.java:142)
	at org.testng.SuiteRunner.privateRun(SuiteRunner.java:401)
	at org.testng.SuiteRunner.run(SuiteRunner.java:364)
	at org.testng.SuiteRunnerWorker.runSuite(SuiteRunnerWorker.java:52)
	at org.testng.SuiteRunnerWorker.run(SuiteRunnerWorker.java:84)
	at org.testng.TestNG.runSuitesSequentially(TestNG.java:1208)
	at org.testng.TestNG.runSuitesSequentially(TestNG.java:1204)
	at org.testng.TestNG.runSuitesLocally(TestNG.java:1137)
	at org.testng.TestNG.runSuites(TestNG.java:1049)
	at org.testng.TestNG.run(TestNG.java:1017)
	at org.apache.maven.surefire.testng.TestNGExecutor.run(TestNGExecutor.java:283)
	at org.apache.maven.surefire.testng.TestNGXmlTestSuite.execute(TestNGXmlTestSuite.java:75)
	at org.apache.maven.surefire.testng.TestNGProvider.invoke(TestNGProvider.java:120)
	at org.apache.maven.surefire.booter.ForkedBooter.invokeProviderInSameClassLoader(ForkedBooter.java:373)
	at org.apache.maven.surefire.booter.ForkedBooter.runSuitesInProcess(ForkedBooter.java:334)
	at org.apache.maven.surefire.booter.ForkedBooter.execute(ForkedBooter.java:119)
	at org.apache.maven.surefire.booter.ForkedBooter.main(ForkedBooter.java:407)
java.io.FileNotFoundException: D:\SirionSelenide\src\test\java\office\sirion\xls\Mass Email Suite.xlsx
	at org.apache.poi.ss.usermodel.WorkbookFactory.create(WorkbookFactory.java:250)
	at org.apache.poi.ss.usermodel.WorkbookFactory.create(WorkbookFactory.java:226)
	at org.apache.poi.ss.usermodel.WorkbookFactory.create(WorkbookFactory.java:205)
	at office.sirion.util.Xls_Reader.<init>(Xls_Reader.java:29)
	at office.sirion.base.TestBase.initialize(TestBase.java:200)
	at office.sirion.suite.clientAdmin.TestSuiteBase.checkSuiteSkip(TestSuiteBase.java:13)
	at java.base/jdk.internal.reflect.NativeMethodAccessorImpl.invoke0(Native Method)
	at java.base/jdk.internal.reflect.NativeMethodAccessorImpl.invoke(NativeMethodAccessorImpl.java:62)
	at java.base/jdk.internal.reflect.DelegatingMethodAccessorImpl.invoke(DelegatingMethodAccessorImpl.java:43)
	at java.base/java.lang.reflect.Method.invoke(Method.java:564)
	at org.testng.internal.MethodInvocationHelper.invokeMethod(MethodInvocationHelper.java:124)
	at org.testng.internal.MethodInvocationHelper.invokeMethodConsideringTimeout(MethodInvocationHelper.java:59)
	at org.testng.internal.Invoker.invokeConfigurationMethod(Invoker.java:458)
	at org.testng.internal.Invoker.invokeConfigurations(Invoker.java:222)
	at org.testng.internal.Invoker.invokeConfigurations(Invoker.java:142)
	at org.testng.SuiteRunner.privateRun(SuiteRunner.java:401)
	at org.testng.SuiteRunner.run(SuiteRunner.java:364)
	at org.testng.SuiteRunnerWorker.runSuite(SuiteRunnerWorker.java:52)
	at org.testng.SuiteRunnerWorker.run(SuiteRunnerWorker.java:84)
	at org.testng.TestNG.runSuitesSequentially(TestNG.java:1208)
	at org.testng.TestNG.runSuitesSequentially(TestNG.java:1204)
	at org.testng.TestNG.runSuitesLocally(TestNG.java:1137)
	at org.testng.TestNG.runSuites(TestNG.java:1049)
	at org.testng.TestNG.run(TestNG.java:1017)
	at org.apache.maven.surefire.testng.TestNGExecutor.run(TestNGExecutor.java:283)
	at org.apache.maven.surefire.testng.TestNGXmlTestSuite.execute(TestNGXmlTestSuite.java:75)
	at org.apache.maven.surefire.testng.TestNGProvider.invoke(TestNGProvider.java:120)
	at org.apache.maven.surefire.booter.ForkedBooter.invokeProviderInSameClassLoader(ForkedBooter.java:373)
	at org.apache.maven.surefire.booter.ForkedBooter.runSuitesInProcess(ForkedBooter.java:334)
	at org.apache.maven.surefire.booter.ForkedBooter.execute(ForkedBooter.java:119)
	at org.apache.maven.surefire.booter.ForkedBooter.main(ForkedBooter.java:407)
java.io.FileNotFoundException: D:\SirionSelenide\src\test\java\office\sirion\xls\SSO Suite.xlsx
	at org.apache.poi.ss.usermodel.WorkbookFactory.create(WorkbookFactory.java:250)
	at org.apache.poi.ss.usermodel.WorkbookFactory.create(WorkbookFactory.java:226)
	at org.apache.poi.ss.usermodel.WorkbookFactory.create(WorkbookFactory.java:205)
	at office.sirion.util.Xls_Reader.<init>(Xls_Reader.java:29)
	at office.sirion.base.TestBase.initialize(TestBase.java:201)
	at office.sirion.suite.clientAdmin.TestSuiteBase.checkSuiteSkip(TestSuiteBase.java:13)
	at java.base/jdk.internal.reflect.NativeMethodAccessorImpl.invoke0(Native Method)
	at java.base/jdk.internal.reflect.NativeMethodAccessorImpl.invoke(NativeMethodAccessorImpl.java:62)
	at java.base/jdk.internal.reflect.DelegatingMethodAccessorImpl.invoke(DelegatingMethodAccessorImpl.java:43)
	at java.base/java.lang.reflect.Method.invoke(Method.java:564)
	at org.testng.internal.MethodInvocationHelper.invokeMethod(MethodInvocationHelper.java:124)
	at org.testng.internal.MethodInvocationHelper.invokeMethodConsideringTimeout(MethodInvocationHelper.java:59)
	at org.testng.internal.Invoker.invokeConfigurationMethod(Invoker.java:458)
	at org.testng.internal.Invoker.invokeConfigurations(Invoker.java:222)
	at org.testng.internal.Invoker.invokeConfigurations(Invoker.java:142)
	at org.testng.SuiteRunner.privateRun(SuiteRunner.java:401)
	at org.testng.SuiteRunner.run(SuiteRunner.java:364)
	at org.testng.SuiteRunnerWorker.runSuite(SuiteRunnerWorker.java:52)
	at org.testng.SuiteRunnerWorker.run(SuiteRunnerWorker.java:84)
	at org.testng.TestNG.runSuitesSequentially(TestNG.java:1208)
	at org.testng.TestNG.runSuitesSequentially(TestNG.java:1204)
	at org.testng.TestNG.runSuitesLocally(TestNG.java:1137)
	at org.testng.TestNG.runSuites(TestNG.java:1049)
	at org.testng.TestNG.run(TestNG.java:1017)
	at org.apache.maven.surefire.testng.TestNGExecutor.run(TestNGExecutor.java:283)
	at org.apache.maven.surefire.testng.TestNGXmlTestSuite.execute(TestNGXmlTestSuite.java:75)
	at org.apache.maven.surefire.testng.TestNGProvider.invoke(TestNGProvider.java:120)
	at org.apache.maven.surefire.booter.ForkedBooter.invokeProviderInSameClassLoader(ForkedBooter.java:373)
	at org.apache.maven.surefire.booter.ForkedBooter.runSuitesInProcess(ForkedBooter.java:334)
	at org.apache.maven.surefire.booter.ForkedBooter.execute(ForkedBooter.java:119)
	at org.apache.maven.surefire.booter.ForkedBooter.main(ForkedBooter.java:407)
java.io.FileNotFoundException: D:\SirionSelenide\src\test\java\office\sirion\xls\BulkJobs Suite.xlsx
	at org.apache.poi.ss.usermodel.WorkbookFactory.create(WorkbookFactory.java:250)
	at org.apache.poi.ss.usermodel.WorkbookFactory.create(WorkbookFactory.java:226)
	at org.apache.poi.ss.usermodel.WorkbookFactory.create(WorkbookFactory.java:205)
	at office.sirion.util.Xls_Reader.<init>(Xls_Reader.java:29)
	at office.sirion.base.TestBase.initialize(TestBase.java:202)
	at office.sirion.suite.clientAdmin.TestSuiteBase.checkSuiteSkip(TestSuiteBase.java:13)
	at java.base/jdk.internal.reflect.NativeMethodAccessorImpl.invoke0(Native Method)
	at java.base/jdk.internal.reflect.NativeMethodAccessorImpl.invoke(NativeMethodAccessorImpl.java:62)
	at java.base/jdk.internal.reflect.DelegatingMethodAccessorImpl.invoke(DelegatingMethodAccessorImpl.java:43)
	at java.base/java.lang.reflect.Method.invoke(Method.java:564)
	at org.testng.internal.MethodInvocationHelper.invokeMethod(MethodInvocationHelper.java:124)
	at org.testng.internal.MethodInvocationHelper.invokeMethodConsideringTimeout(MethodInvocationHelper.java:59)
	at org.testng.internal.Invoker.invokeConfigurationMethod(Invoker.java:458)
	at org.testng.internal.Invoker.invokeConfigurations(Invoker.java:222)
	at org.testng.internal.Invoker.invokeConfigurations(Invoker.java:142)
	at org.testng.SuiteRunner.privateRun(SuiteRunner.java:401)
	at org.testng.SuiteRunner.run(SuiteRunner.java:364)
	at org.testng.SuiteRunnerWorker.runSuite(SuiteRunnerWorker.java:52)
	at org.testng.SuiteRunnerWorker.run(SuiteRunnerWorker.java:84)
	at org.testng.TestNG.runSuitesSequentially(TestNG.java:1208)
	at org.testng.TestNG.runSuitesSequentially(TestNG.java:1204)
	at org.testng.TestNG.runSuitesLocally(TestNG.java:1137)
	at org.testng.TestNG.runSuites(TestNG.java:1049)
	at org.testng.TestNG.run(TestNG.java:1017)
	at org.apache.maven.surefire.testng.TestNGExecutor.run(TestNGExecutor.java:283)
	at org.apache.maven.surefire.testng.TestNGXmlTestSuite.execute(TestNGXmlTestSuite.java:75)
	at org.apache.maven.surefire.testng.TestNGProvider.invoke(TestNGProvider.java:120)
	at org.apache.maven.surefire.booter.ForkedBooter.invokeProviderInSameClassLoader(ForkedBooter.java:373)
	at org.apache.maven.surefire.booter.ForkedBooter.runSuitesInProcess(ForkedBooter.java:334)
	at org.apache.maven.surefire.booter.ForkedBooter.execute(ForkedBooter.java:119)
	at org.apache.maven.surefire.booter.ForkedBooter.main(ForkedBooter.java:407)
java.io.FileNotFoundException: D:\SirionSelenide\src\test\java\office\sirion\xls\Manual Report Suite.xlsx
	at org.apache.poi.ss.usermodel.WorkbookFactory.create(WorkbookFactory.java:250)
	at org.apache.poi.ss.usermodel.WorkbookFactory.create(WorkbookFactory.java:226)
	at org.apache.poi.ss.usermodel.WorkbookFactory.create(WorkbookFactory.java:205)
	at office.sirion.util.Xls_Reader.<init>(Xls_Reader.java:29)
	at office.sirion.base.TestBase.initialize(TestBase.java:203)
	at office.sirion.suite.clientAdmin.TestSuiteBase.checkSuiteSkip(TestSuiteBase.java:13)
	at java.base/jdk.internal.reflect.NativeMethodAccessorImpl.invoke0(Native Method)
	at java.base/jdk.internal.reflect.NativeMethodAccessorImpl.invoke(NativeMethodAccessorImpl.java:62)
	at java.base/jdk.internal.reflect.DelegatingMethodAccessorImpl.invoke(DelegatingMethodAccessorImpl.java:43)
	at java.base/java.lang.reflect.Method.invoke(Method.java:564)
	at org.testng.internal.MethodInvocationHelper.invokeMethod(MethodInvocationHelper.java:124)
	at org.testng.internal.MethodInvocationHelper.invokeMethodConsideringTimeout(MethodInvocationHelper.java:59)
	at org.testng.internal.Invoker.invokeConfigurationMethod(Invoker.java:458)
	at org.testng.internal.Invoker.invokeConfigurations(Invoker.java:222)
	at org.testng.internal.Invoker.invokeConfigurations(Invoker.java:142)
	at org.testng.SuiteRunner.privateRun(SuiteRunner.java:401)
	at org.testng.SuiteRunner.run(SuiteRunner.java:364)
	at org.testng.SuiteRunnerWorker.runSuite(SuiteRunnerWorker.java:52)
	at org.testng.SuiteRunnerWorker.run(SuiteRunnerWorker.java:84)
	at org.testng.TestNG.runSuitesSequentially(TestNG.java:1208)
	at org.testng.TestNG.runSuitesSequentially(TestNG.java:1204)
	at org.testng.TestNG.runSuitesLocally(TestNG.java:1137)
	at org.testng.TestNG.runSuites(TestNG.java:1049)
	at org.testng.TestNG.run(TestNG.java:1017)
	at org.apache.maven.surefire.testng.TestNGExecutor.run(TestNGExecutor.java:283)
	at org.apache.maven.surefire.testng.TestNGXmlTestSuite.execute(TestNGXmlTestSuite.java:75)
	at org.apache.maven.surefire.testng.TestNGProvider.invoke(TestNGProvider.java:120)
	at org.apache.maven.surefire.booter.ForkedBooter.invokeProviderInSameClassLoader(ForkedBooter.java:373)
	at org.apache.maven.surefire.booter.ForkedBooter.runSuitesInProcess(ForkedBooter.java:334)
	at org.apache.maven.surefire.booter.ForkedBooter.execute(ForkedBooter.java:119)
	at org.apache.maven.surefire.booter.ForkedBooter.main(ForkedBooter.java:407)
java.io.FileNotFoundException: D:\SirionSelenide\src\test\java\office\sirion\xls\My Profile Suite.xlsx
	at org.apache.poi.ss.usermodel.WorkbookFactory.create(WorkbookFactory.java:250)
	at org.apache.poi.ss.usermodel.WorkbookFactory.create(WorkbookFactory.java:226)
	at org.apache.poi.ss.usermodel.WorkbookFactory.create(WorkbookFactory.java:205)
	at office.sirion.util.Xls_Reader.<init>(Xls_Reader.java:29)
	at office.sirion.base.TestBase.initialize(TestBase.java:204)
	at office.sirion.suite.clientAdmin.TestSuiteBase.checkSuiteSkip(TestSuiteBase.java:13)
	at java.base/jdk.internal.reflect.NativeMethodAccessorImpl.invoke0(Native Method)
	at java.base/jdk.internal.reflect.NativeMethodAccessorImpl.invoke(NativeMethodAccessorImpl.java:62)
	at java.base/jdk.internal.reflect.DelegatingMethodAccessorImpl.invoke(DelegatingMethodAccessorImpl.java:43)
	at java.base/java.lang.reflect.Method.invoke(Method.java:564)
	at org.testng.internal.MethodInvocationHelper.invokeMethod(MethodInvocationHelper.java:124)
	at org.testng.internal.MethodInvocationHelper.invokeMethodConsideringTimeout(MethodInvocationHelper.java:59)
	at org.testng.internal.Invoker.invokeConfigurationMethod(Invoker.java:458)
	at org.testng.internal.Invoker.invokeConfigurations(Invoker.java:222)
	at org.testng.internal.Invoker.invokeConfigurations(Invoker.java:142)
	at org.testng.SuiteRunner.privateRun(SuiteRunner.java:401)
	at org.testng.SuiteRunner.run(SuiteRunner.java:364)
	at org.testng.SuiteRunnerWorker.runSuite(SuiteRunnerWorker.java:52)
	at org.testng.SuiteRunnerWorker.run(SuiteRunnerWorker.java:84)
	at org.testng.TestNG.runSuitesSequentially(TestNG.java:1208)
	at org.testng.TestNG.runSuitesSequentially(TestNG.java:1204)
	at org.testng.TestNG.runSuitesLocally(TestNG.java:1137)
	at org.testng.TestNG.runSuites(TestNG.java:1049)
	at org.testng.TestNG.run(TestNG.java:1017)
	at org.apache.maven.surefire.testng.TestNGExecutor.run(TestNGExecutor.java:283)
	at org.apache.maven.surefire.testng.TestNGXmlTestSuite.execute(TestNGXmlTestSuite.java:75)
	at org.apache.maven.surefire.testng.TestNGProvider.invoke(TestNGProvider.java:120)
	at org.apache.maven.surefire.booter.ForkedBooter.invokeProviderInSameClassLoader(ForkedBooter.java:373)
	at org.apache.maven.surefire.booter.ForkedBooter.runSuitesInProcess(ForkedBooter.java:334)
	at org.apache.maven.surefire.booter.ForkedBooter.execute(ForkedBooter.java:119)
	at org.apache.maven.surefire.booter.ForkedBooter.main(ForkedBooter.java:407)
java.io.FileNotFoundException: D:\SirionSelenide\src\test\java\office\sirion\xls\Entity Show Suite.xlsx
	at org.apache.poi.ss.usermodel.WorkbookFactory.create(WorkbookFactory.java:250)
	at org.apache.poi.ss.usermodel.WorkbookFactory.create(WorkbookFactory.java:226)
	at org.apache.poi.ss.usermodel.WorkbookFactory.create(WorkbookFactory.java:205)
	at office.sirion.util.Xls_Reader.<init>(Xls_Reader.java:29)
	at office.sirion.base.TestBase.initialize(TestBase.java:205)
	at office.sirion.suite.clientAdmin.TestSuiteBase.checkSuiteSkip(TestSuiteBase.java:13)
	at java.base/jdk.internal.reflect.NativeMethodAccessorImpl.invoke0(Native Method)
	at java.base/jdk.internal.reflect.NativeMethodAccessorImpl.invoke(NativeMethodAccessorImpl.java:62)
	at java.base/jdk.internal.reflect.DelegatingMethodAccessorImpl.invoke(DelegatingMethodAccessorImpl.java:43)
	at java.base/java.lang.reflect.Method.invoke(Method.java:564)
	at org.testng.internal.MethodInvocationHelper.invokeMethod(MethodInvocationHelper.java:124)
	at org.testng.internal.MethodInvocationHelper.invokeMethodConsideringTimeout(MethodInvocationHelper.java:59)
	at org.testng.internal.Invoker.invokeConfigurationMethod(Invoker.java:458)
	at org.testng.internal.Invoker.invokeConfigurations(Invoker.java:222)
	at org.testng.internal.Invoker.invokeConfigurations(Invoker.java:142)
	at org.testng.SuiteRunner.privateRun(SuiteRunner.java:401)
	at org.testng.SuiteRunner.run(SuiteRunner.java:364)
	at org.testng.SuiteRunnerWorker.runSuite(SuiteRunnerWorker.java:52)
	at org.testng.SuiteRunnerWorker.run(SuiteRunnerWorker.java:84)
	at org.testng.TestNG.runSuitesSequentially(TestNG.java:1208)
	at org.testng.TestNG.runSuitesSequentially(TestNG.java:1204)
	at org.testng.TestNG.runSuitesLocally(TestNG.java:1137)
	at org.testng.TestNG.runSuites(TestNG.java:1049)
	at org.testng.TestNG.run(TestNG.java:1017)
	at org.apache.maven.surefire.testng.TestNGExecutor.run(TestNGExecutor.java:283)
	at org.apache.maven.surefire.testng.TestNGXmlTestSuite.execute(TestNGXmlTestSuite.java:75)
	at org.apache.maven.surefire.testng.TestNGProvider.invoke(TestNGProvider.java:120)
	at org.apache.maven.surefire.booter.ForkedBooter.invokeProviderInSameClassLoader(ForkedBooter.java:373)
	at org.apache.maven.surefire.booter.ForkedBooter.runSuitesInProcess(ForkedBooter.java:334)
	at org.apache.maven.surefire.booter.ForkedBooter.execute(ForkedBooter.java:119)
	at org.apache.maven.surefire.booter.ForkedBooter.main(ForkedBooter.java:407)
java.io.FileNotFoundException: D:\SirionSelenide\src\test\java\office\sirion\xls\Notification Alert.xlsx
	at org.apache.poi.ss.usermodel.WorkbookFactory.create(WorkbookFactory.java:250)
	at org.apache.poi.ss.usermodel.WorkbookFactory.create(WorkbookFactory.java:226)
	at org.apache.poi.ss.usermodel.WorkbookFactory.create(WorkbookFactory.java:205)
	at office.sirion.util.Xls_Reader.<init>(Xls_Reader.java:29)
	at office.sirion.base.TestBase.initialize(TestBase.java:206)
	at office.sirion.suite.clientAdmin.TestSuiteBase.checkSuiteSkip(TestSuiteBase.java:13)
	at java.base/jdk.internal.reflect.NativeMethodAccessorImpl.invoke0(Native Method)
	at java.base/jdk.internal.reflect.NativeMethodAccessorImpl.invoke(NativeMethodAccessorImpl.java:62)
	at java.base/jdk.internal.reflect.DelegatingMethodAccessorImpl.invoke(DelegatingMethodAccessorImpl.java:43)
	at java.base/java.lang.reflect.Method.invoke(Method.java:564)
	at org.testng.internal.MethodInvocationHelper.invokeMethod(MethodInvocationHelper.java:124)
	at org.testng.internal.MethodInvocationHelper.invokeMethodConsideringTimeout(MethodInvocationHelper.java:59)
	at org.testng.internal.Invoker.invokeConfigurationMethod(Invoker.java:458)
	at org.testng.internal.Invoker.invokeConfigurations(Invoker.java:222)
	at org.testng.internal.Invoker.invokeConfigurations(Invoker.java:142)
	at org.testng.SuiteRunner.privateRun(SuiteRunner.java:401)
	at org.testng.SuiteRunner.run(SuiteRunner.java:364)
	at org.testng.SuiteRunnerWorker.runSuite(SuiteRunnerWorker.java:52)
	at org.testng.SuiteRunnerWorker.run(SuiteRunnerWorker.java:84)
	at org.testng.TestNG.runSuitesSequentially(TestNG.java:1208)
	at org.testng.TestNG.runSuitesSequentially(TestNG.java:1204)
	at org.testng.TestNG.runSuitesLocally(TestNG.java:1137)
	at org.testng.TestNG.runSuites(TestNG.java:1049)
	at org.testng.TestNG.run(TestNG.java:1017)
	at org.apache.maven.surefire.testng.TestNGExecutor.run(TestNGExecutor.java:283)
	at org.apache.maven.surefire.testng.TestNGXmlTestSuite.execute(TestNGXmlTestSuite.java:75)
	at org.apache.maven.surefire.testng.TestNGProvider.invoke(TestNGProvider.java:120)
	at org.apache.maven.surefire.booter.ForkedBooter.invokeProviderInSameClassLoader(ForkedBooter.java:373)
	at org.apache.maven.surefire.booter.ForkedBooter.runSuitesInProcess(ForkedBooter.java:334)
	at org.apache.maven.surefire.booter.ForkedBooter.execute(ForkedBooter.java:119)
	at org.apache.maven.surefire.booter.ForkedBooter.main(ForkedBooter.java:407)
java.io.FileNotFoundException: D:\SirionSelenide\src\test\java\office\sirion\xls\My Profile.xlsx
	at org.apache.poi.ss.usermodel.WorkbookFactory.create(WorkbookFactory.java:250)
	at org.apache.poi.ss.usermodel.WorkbookFactory.create(WorkbookFactory.java:226)
	at org.apache.poi.ss.usermodel.WorkbookFactory.create(WorkbookFactory.java:205)
	at office.sirion.util.Xls_Reader.<init>(Xls_Reader.java:29)
	at office.sirion.base.TestBase.initialize(TestBase.java:207)
	at office.sirion.suite.clientAdmin.TestSuiteBase.checkSuiteSkip(TestSuiteBase.java:13)
	at java.base/jdk.internal.reflect.NativeMethodAccessorImpl.invoke0(Native Method)
	at java.base/jdk.internal.reflect.NativeMethodAccessorImpl.invoke(NativeMethodAccessorImpl.java:62)
	at java.base/jdk.internal.reflect.DelegatingMethodAccessorImpl.invoke(DelegatingMethodAccessorImpl.java:43)
	at java.base/java.lang.reflect.Method.invoke(Method.java:564)
	at org.testng.internal.MethodInvocationHelper.invokeMethod(MethodInvocationHelper.java:124)
	at org.testng.internal.MethodInvocationHelper.invokeMethodConsideringTimeout(MethodInvocationHelper.java:59)
	at org.testng.internal.Invoker.invokeConfigurationMethod(Invoker.java:458)
	at org.testng.internal.Invoker.invokeConfigurations(Invoker.java:222)
	at org.testng.internal.Invoker.invokeConfigurations(Invoker.java:142)
	at org.testng.SuiteRunner.privateRun(SuiteRunner.java:401)
	at org.testng.SuiteRunner.run(SuiteRunner.java:364)
	at org.testng.SuiteRunnerWorker.runSuite(SuiteRunnerWorker.java:52)
	at org.testng.SuiteRunnerWorker.run(SuiteRunnerWorker.java:84)
	at org.testng.TestNG.runSuitesSequentially(TestNG.java:1208)
	at org.testng.TestNG.runSuitesSequentially(TestNG.java:1204)
	at org.testng.TestNG.runSuitesLocally(TestNG.java:1137)
	at org.testng.TestNG.runSuites(TestNG.java:1049)
	at org.testng.TestNG.run(TestNG.java:1017)
	at org.apache.maven.surefire.testng.TestNGExecutor.run(TestNGExecutor.java:283)
	at org.apache.maven.surefire.testng.TestNGXmlTestSuite.execute(TestNGXmlTestSuite.java:75)
	at org.apache.maven.surefire.testng.TestNGProvider.invoke(TestNGProvider.java:120)
	at org.apache.maven.surefire.booter.ForkedBooter.invokeProviderInSameClassLoader(ForkedBooter.java:373)
	at org.apache.maven.surefire.booter.ForkedBooter.runSuitesInProcess(ForkedBooter.java:334)
	at org.apache.maven.surefire.booter.ForkedBooter.execute(ForkedBooter.java:119)
	at org.apache.maven.surefire.booter.ForkedBooter.main(ForkedBooter.java:407)
java.io.FileNotFoundException: D:\SirionSelenide\src\test\java\office\sirion\xls\Bulk Create Suite.xlsx
	at org.apache.poi.ss.usermodel.WorkbookFactory.create(WorkbookFactory.java:250)
	at org.apache.poi.ss.usermodel.WorkbookFactory.create(WorkbookFactory.java:226)
	at org.apache.poi.ss.usermodel.WorkbookFactory.create(WorkbookFactory.java:205)
	at office.sirion.util.Xls_Reader.<init>(Xls_Reader.java:29)
	at office.sirion.base.TestBase.initialize(TestBase.java:208)
	at office.sirion.suite.clientAdmin.TestSuiteBase.checkSuiteSkip(TestSuiteBase.java:13)
	at java.base/jdk.internal.reflect.NativeMethodAccessorImpl.invoke0(Native Method)
	at java.base/jdk.internal.reflect.NativeMethodAccessorImpl.invoke(NativeMethodAccessorImpl.java:62)
	at java.base/jdk.internal.reflect.DelegatingMethodAccessorImpl.invoke(DelegatingMethodAccessorImpl.java:43)
	at java.base/java.lang.reflect.Method.invoke(Method.java:564)
	at org.testng.internal.MethodInvocationHelper.invokeMethod(MethodInvocationHelper.java:124)
	at org.testng.internal.MethodInvocationHelper.invokeMethodConsideringTimeout(MethodInvocationHelper.java:59)
	at org.testng.internal.Invoker.invokeConfigurationMethod(Invoker.java:458)
	at org.testng.internal.Invoker.invokeConfigurations(Invoker.java:222)
	at org.testng.internal.Invoker.invokeConfigurations(Invoker.java:142)
	at org.testng.SuiteRunner.privateRun(SuiteRunner.java:401)
	at org.testng.SuiteRunner.run(SuiteRunner.java:364)
	at org.testng.SuiteRunnerWorker.runSuite(SuiteRunnerWorker.java:52)
	at org.testng.SuiteRunnerWorker.run(SuiteRunnerWorker.java:84)
	at org.testng.TestNG.runSuitesSequentially(TestNG.java:1208)
	at org.testng.TestNG.runSuitesSequentially(TestNG.java:1204)
	at org.testng.TestNG.runSuitesLocally(TestNG.java:1137)
	at org.testng.TestNG.runSuites(TestNG.java:1049)
	at org.testng.TestNG.run(TestNG.java:1017)
	at org.apache.maven.surefire.testng.TestNGExecutor.run(TestNGExecutor.java:283)
	at org.apache.maven.surefire.testng.TestNGXmlTestSuite.execute(TestNGXmlTestSuite.java:75)
	at org.apache.maven.surefire.testng.TestNGProvider.invoke(TestNGProvider.java:120)
	at org.apache.maven.surefire.booter.ForkedBooter.invokeProviderInSameClassLoader(ForkedBooter.java:373)
	at org.apache.maven.surefire.booter.ForkedBooter.runSuitesInProcess(ForkedBooter.java:334)
	at org.apache.maven.surefire.booter.ForkedBooter.execute(ForkedBooter.java:119)
	at org.apache.maven.surefire.booter.ForkedBooter.main(ForkedBooter.java:407)
java.io.FileNotFoundException: D:\SirionSelenide\src\test\java\office\sirion\xls\Bulk Action Suite.xlsx
	at org.apache.poi.ss.usermodel.WorkbookFactory.create(WorkbookFactory.java:250)
	at org.apache.poi.ss.usermodel.WorkbookFactory.create(WorkbookFactory.java:226)
	at org.apache.poi.ss.usermodel.WorkbookFactory.create(WorkbookFactory.java:205)
	at office.sirion.util.Xls_Reader.<init>(Xls_Reader.java:29)
	at office.sirion.base.TestBase.initialize(TestBase.java:209)
	at office.sirion.suite.clientAdmin.TestSuiteBase.checkSuiteSkip(TestSuiteBase.java:13)
	at java.base/jdk.internal.reflect.NativeMethodAccessorImpl.invoke0(Native Method)
	at java.base/jdk.internal.reflect.NativeMethodAccessorImpl.invoke(NativeMethodAccessorImpl.java:62)
	at java.base/jdk.internal.reflect.DelegatingMethodAccessorImpl.invoke(DelegatingMethodAccessorImpl.java:43)
	at java.base/java.lang.reflect.Method.invoke(Method.java:564)
	at org.testng.internal.MethodInvocationHelper.invokeMethod(MethodInvocationHelper.java:124)
	at org.testng.internal.MethodInvocationHelper.invokeMethodConsideringTimeout(MethodInvocationHelper.java:59)
	at org.testng.internal.Invoker.invokeConfigurationMethod(Invoker.java:458)
	at org.testng.internal.Invoker.invokeConfigurations(Invoker.java:222)
	at org.testng.internal.Invoker.invokeConfigurations(Invoker.java:142)
	at org.testng.SuiteRunner.privateRun(SuiteRunner.java:401)
	at org.testng.SuiteRunner.run(SuiteRunner.java:364)
	at org.testng.SuiteRunnerWorker.runSuite(SuiteRunnerWorker.java:52)
	at org.testng.SuiteRunnerWorker.run(SuiteRunnerWorker.java:84)
	at org.testng.TestNG.runSuitesSequentially(TestNG.java:1208)
	at org.testng.TestNG.runSuitesSequentially(TestNG.java:1204)
	at org.testng.TestNG.runSuitesLocally(TestNG.java:1137)
	at org.testng.TestNG.runSuites(TestNG.java:1049)
	at org.testng.TestNG.run(TestNG.java:1017)
	at org.apache.maven.surefire.testng.TestNGExecutor.run(TestNGExecutor.java:283)
	at org.apache.maven.surefire.testng.TestNGXmlTestSuite.execute(TestNGXmlTestSuite.java:75)
	at org.apache.maven.surefire.testng.TestNGProvider.invoke(TestNGProvider.java:120)
	at org.apache.maven.surefire.booter.ForkedBooter.invokeProviderInSameClassLoader(ForkedBooter.java:373)
	at org.apache.maven.surefire.booter.ForkedBooter.runSuitesInProcess(ForkedBooter.java:334)
	at org.apache.maven.surefire.booter.ForkedBooter.execute(ForkedBooter.java:119)
	at org.apache.maven.surefire.booter.ForkedBooter.main(ForkedBooter.java:407)
java.io.FileNotFoundException: D:\SirionSelenide\src\test\java\office\sirion\xls\Bulk Edit Suite.xlsx
	at org.apache.poi.ss.usermodel.WorkbookFactory.create(WorkbookFactory.java:250)
	at org.apache.poi.ss.usermodel.WorkbookFactory.create(WorkbookFactory.java:226)
	at org.apache.poi.ss.usermodel.WorkbookFactory.create(WorkbookFactory.java:205)
	at office.sirion.util.Xls_Reader.<init>(Xls_Reader.java:29)
	at office.sirion.base.TestBase.initialize(TestBase.java:210)
	at office.sirion.suite.clientAdmin.TestSuiteBase.checkSuiteSkip(TestSuiteBase.java:13)
	at java.base/jdk.internal.reflect.NativeMethodAccessorImpl.invoke0(Native Method)
	at java.base/jdk.internal.reflect.NativeMethodAccessorImpl.invoke(NativeMethodAccessorImpl.java:62)
	at java.base/jdk.internal.reflect.DelegatingMethodAccessorImpl.invoke(DelegatingMethodAccessorImpl.java:43)
	at java.base/java.lang.reflect.Method.invoke(Method.java:564)
	at org.testng.internal.MethodInvocationHelper.invokeMethod(MethodInvocationHelper.java:124)
	at org.testng.internal.MethodInvocationHelper.invokeMethodConsideringTimeout(MethodInvocationHelper.java:59)
	at org.testng.internal.Invoker.invokeConfigurationMethod(Invoker.java:458)
	at org.testng.internal.Invoker.invokeConfigurations(Invoker.java:222)
	at org.testng.internal.Invoker.invokeConfigurations(Invoker.java:142)
	at org.testng.SuiteRunner.privateRun(SuiteRunner.java:401)
	at org.testng.SuiteRunner.run(SuiteRunner.java:364)
	at org.testng.SuiteRunnerWorker.runSuite(SuiteRunnerWorker.java:52)
	at org.testng.SuiteRunnerWorker.run(SuiteRunnerWorker.java:84)
	at org.testng.TestNG.runSuitesSequentially(TestNG.java:1208)
	at org.testng.TestNG.runSuitesSequentially(TestNG.java:1204)
	at org.testng.TestNG.runSuitesLocally(TestNG.java:1137)
	at org.testng.TestNG.runSuites(TestNG.java:1049)
	at org.testng.TestNG.run(TestNG.java:1017)
	at org.apache.maven.surefire.testng.TestNGExecutor.run(TestNGExecutor.java:283)
	at org.apache.maven.surefire.testng.TestNGXmlTestSuite.execute(TestNGXmlTestSuite.java:75)
	at org.apache.maven.surefire.testng.TestNGProvider.invoke(TestNGProvider.java:120)
	at org.apache.maven.surefire.booter.ForkedBooter.invokeProviderInSameClassLoader(ForkedBooter.java:373)
	at org.apache.maven.surefire.booter.ForkedBooter.runSuitesInProcess(ForkedBooter.java:334)
	at org.apache.maven.surefire.booter.ForkedBooter.execute(ForkedBooter.java:119)
	at org.apache.maven.surefire.booter.ForkedBooter.main(ForkedBooter.java:407)
java.io.FileNotFoundException: D:\SirionSelenide\src\test\java\office\sirion\xls\Bulk Update.xlsx
	at org.apache.poi.ss.usermodel.WorkbookFactory.create(WorkbookFactory.java:250)
	at org.apache.poi.ss.usermodel.WorkbookFactory.create(WorkbookFactory.java:226)
	at org.apache.poi.ss.usermodel.WorkbookFactory.create(WorkbookFactory.java:205)
	at office.sirion.util.Xls_Reader.<init>(Xls_Reader.java:29)
	at office.sirion.base.TestBase.initialize(TestBase.java:211)
	at office.sirion.suite.clientAdmin.TestSuiteBase.checkSuiteSkip(TestSuiteBase.java:13)
	at java.base/jdk.internal.reflect.NativeMethodAccessorImpl.invoke0(Native Method)
	at java.base/jdk.internal.reflect.NativeMethodAccessorImpl.invoke(NativeMethodAccessorImpl.java:62)
	at java.base/jdk.internal.reflect.DelegatingMethodAccessorImpl.invoke(DelegatingMethodAccessorImpl.java:43)
	at java.base/java.lang.reflect.Method.invoke(Method.java:564)
	at org.testng.internal.MethodInvocationHelper.invokeMethod(MethodInvocationHelper.java:124)
	at org.testng.internal.MethodInvocationHelper.invokeMethodConsideringTimeout(MethodInvocationHelper.java:59)
	at org.testng.internal.Invoker.invokeConfigurationMethod(Invoker.java:458)
	at org.testng.internal.Invoker.invokeConfigurations(Invoker.java:222)
	at org.testng.internal.Invoker.invokeConfigurations(Invoker.java:142)
	at org.testng.SuiteRunner.privateRun(SuiteRunner.java:401)
	at org.testng.SuiteRunner.run(SuiteRunner.java:364)
	at org.testng.SuiteRunnerWorker.runSuite(SuiteRunnerWorker.java:52)
	at org.testng.SuiteRunnerWorker.run(SuiteRunnerWorker.java:84)
	at org.testng.TestNG.runSuitesSequentially(TestNG.java:1208)
	at org.testng.TestNG.runSuitesSequentially(TestNG.java:1204)
	at org.testng.TestNG.runSuitesLocally(TestNG.java:1137)
	at org.testng.TestNG.runSuites(TestNG.java:1049)
	at org.testng.TestNG.run(TestNG.java:1017)
	at org.apache.maven.surefire.testng.TestNGExecutor.run(TestNGExecutor.java:283)
	at org.apache.maven.surefire.testng.TestNGXmlTestSuite.execute(TestNGXmlTestSuite.java:75)
	at org.apache.maven.surefire.testng.TestNGProvider.invoke(TestNGProvider.java:120)
	at org.apache.maven.surefire.booter.ForkedBooter.invokeProviderInSameClassLoader(ForkedBooter.java:373)
	at org.apache.maven.surefire.booter.ForkedBooter.runSuitesInProcess(ForkedBooter.java:334)
	at org.apache.maven.surefire.booter.ForkedBooter.execute(ForkedBooter.java:119)
	at org.apache.maven.surefire.booter.ForkedBooter.main(ForkedBooter.java:407)
java.io.FileNotFoundException: D:\SirionSelenide\src\test\java\office\sirion\xls\Page Performance.xlsx
	at org.apache.poi.ss.usermodel.WorkbookFactory.create(WorkbookFactory.java:250)
	at org.apache.poi.ss.usermodel.WorkbookFactory.create(WorkbookFactory.java:226)
	at org.apache.poi.ss.usermodel.WorkbookFactory.create(WorkbookFactory.java:205)
	at office.sirion.util.Xls_Reader.<init>(Xls_Reader.java:29)
	at office.sirion.base.TestBase.initialize(TestBase.java:212)
	at office.sirion.suite.clientAdmin.TestSuiteBase.checkSuiteSkip(TestSuiteBase.java:13)
	at java.base/jdk.internal.reflect.NativeMethodAccessorImpl.invoke0(Native Method)
	at java.base/jdk.internal.reflect.NativeMethodAccessorImpl.invoke(NativeMethodAccessorImpl.java:62)
	at java.base/jdk.internal.reflect.DelegatingMethodAccessorImpl.invoke(DelegatingMethodAccessorImpl.java:43)
	at java.base/java.lang.reflect.Method.invoke(Method.java:564)
	at org.testng.internal.MethodInvocationHelper.invokeMethod(MethodInvocationHelper.java:124)
	at org.testng.internal.MethodInvocationHelper.invokeMethodConsideringTimeout(MethodInvocationHelper.java:59)
	at org.testng.internal.Invoker.invokeConfigurationMethod(Invoker.java:458)
	at org.testng.internal.Invoker.invokeConfigurations(Invoker.java:222)
	at org.testng.internal.Invoker.invokeConfigurations(Invoker.java:142)
	at org.testng.SuiteRunner.privateRun(SuiteRunner.java:401)
	at org.testng.SuiteRunner.run(SuiteRunner.java:364)
	at org.testng.SuiteRunnerWorker.runSuite(SuiteRunnerWorker.java:52)
	at org.testng.SuiteRunnerWorker.run(SuiteRunnerWorker.java:84)
	at org.testng.TestNG.runSuitesSequentially(TestNG.java:1208)
	at org.testng.TestNG.runSuitesSequentially(TestNG.java:1204)
	at org.testng.TestNG.runSuitesLocally(TestNG.java:1137)
	at org.testng.TestNG.runSuites(TestNG.java:1049)
	at org.testng.TestNG.run(TestNG.java:1017)
	at org.apache.maven.surefire.testng.TestNGExecutor.run(TestNGExecutor.java:283)
	at org.apache.maven.surefire.testng.TestNGXmlTestSuite.execute(TestNGXmlTestSuite.java:75)
	at org.apache.maven.surefire.testng.TestNGProvider.invoke(TestNGProvider.java:120)
	at org.apache.maven.surefire.booter.ForkedBooter.invokeProviderInSameClassLoader(ForkedBooter.java:373)
	at org.apache.maven.surefire.booter.ForkedBooter.runSuitesInProcess(ForkedBooter.java:334)
	at org.apache.maven.surefire.booter.ForkedBooter.execute(ForkedBooter.java:119)
	at org.apache.maven.surefire.booter.ForkedBooter.main(ForkedBooter.java:407)
]]></system-err>
  </testcase>
  <testcase name="checkTestSkip" classname="office.sirion.suite.clientAdmin.SLCategory" time="0">
    <skipped/>
  </testcase>
  <testcase name="checkTestSkip" classname="office.sirion.suite.clientAdmin.ContractPaper" time="0">
    <skipped/>
  </testcase>
  <testcase name="checkTestSkip" classname="office.sirion.suite.clientAdmin.OBPhase" time="0">
    <skipped/>
  </testcase>
  <testcase name="checkTestSkip" classname="office.sirion.suite.clientAdmin.OBCategory" time="0">
    <skipped/>
  </testcase>
  <testcase name="checkTestSkip" classname="office.sirion.suite.clientAdmin.ServiceSubCategory" time="0">
    <skipped/>
  </testcase>
  <testcase name="checkTestSkip" classname="office.sirion.suite.clientAdmin.OBPerformanceType" time="0">
    <skipped/>
  </testcase>
  <testcase name="checkTestSkip" classname="office.sirion.suite.clientAdmin.ServiceCategory" time="0">
    <skipped/>
  </testcase>
  <testcase name="checkTestSkip" classname="office.sirion.suite.clientAdmin.ContractService" time="0">
    <skipped/>
  </testcase>
  <testcase name="checkTestSkip" classname="office.sirion.suite.clientAdmin.SLSubCategory" time="0">
    <skipped/>
  </testcase>
  <testcase name="checkTestSkip" classname="office.sirion.suite.clientAdmin.SLItem" time="0">
    <skipped/>
  </testcase>
  <testcase name="OBPhaseCreation" classname="office.sirion.suite.clientAdmin.OBPhase" time="0">
    <skipped/>
  </testcase>
  <testcase name="OBPhaseCreation" classname="office.sirion.suite.clientAdmin.OBPhase" time="0">
    <skipped/>
  </testcase>
  <testcase name="OBCategoryCreation" classname="office.sirion.suite.clientAdmin.OBCategory" time="0">
    <skipped/>
  </testcase>
  <testcase name="OBCategoryCreation" classname="office.sirion.suite.clientAdmin.OBCategory" time="0">
    <skipped/>
  </testcase>
  <testcase name="SLItemCreation" classname="office.sirion.suite.clientAdmin.SLItem" time="0">
    <skipped/>
  </testcase>
  <testcase name="SLItemCreation" classname="office.sirion.suite.clientAdmin.SLItem" time="0">
    <skipped/>
  </testcase>
  <testcase name="ServiceCategoryCreation" classname="office.sirion.suite.clientAdmin.ServiceCategory" time="0">
    <skipped/>
  </testcase>
  <testcase name="ServiceCategoryCreation" classname="office.sirion.suite.clientAdmin.ServiceCategory" time="0">
    <skipped/>
  </testcase>
  <testcase name="reportDataSetResult" classname="office.sirion.suite.clientAdmin.OBCategory" time="0">
    <skipped/>
  </testcase>
  <testcase name="reportDataSetResult" classname="office.sirion.suite.clientAdmin.OBCategory" time="0">
    <skipped/>
  </testcase>
  <testcase name="reportDataSetResult" classname="office.sirion.suite.clientAdmin.ServiceCategory" time="0">
    <skipped/>
  </testcase>
  <testcase name="reportDataSetResult" classname="office.sirion.suite.clientAdmin.ServiceCategory" time="0">
    <skipped/>
  </testcase>
  <testcase name="reportDataSetResult" classname="office.sirion.suite.clientAdmin.SLItem" time="0">
    <skipped/>
  </testcase>
  <testcase name="reportDataSetResult" classname="office.sirion.suite.clientAdmin.SLItem" time="0">
    <skipped/>
  </testcase>
  <testcase name="ContractServiceCreation" classname="office.sirion.suite.clientAdmin.ContractService" time="0">
    <skipped/>
  </testcase>
  <testcase name="reportDataSetResult" classname="office.sirion.suite.clientAdmin.ContractService" time="0">
    <skipped/>
  </testcase>
  <testcase name="OBPerformanceTypeCreation" classname="office.sirion.suite.clientAdmin.OBPerformanceType" time="0">
    <skipped/>
  </testcase>
  <testcase name="OBPerformanceTypeCreation" classname="office.sirion.suite.clientAdmin.OBPerformanceType" time="0">
    <skipped/>
  </testcase>
  <testcase name="reportDataSetResult" classname="office.sirion.suite.clientAdmin.OBPerformanceType" time="0">
    <skipped/>
  </testcase>
  <testcase name="reportDataSetResult" classname="office.sirion.suite.clientAdmin.OBPerformanceType" time="0">
    <skipped/>
  </testcase>
  <testcase name="SLCategoryCreation" classname="office.sirion.suite.clientAdmin.SLCategory" time="0">
    <skipped/>
  </testcase>
  <testcase name="SLCategoryCreation" classname="office.sirion.suite.clientAdmin.SLCategory" time="0">
    <skipped/>
  </testcase>
  <testcase name="ContractPaperCreation" classname="office.sirion.suite.clientAdmin.ContractPaper" time="0">
    <skipped/>
  </testcase>
  <testcase name="ContractPaperCreation" classname="office.sirion.suite.clientAdmin.ContractPaper" time="0">
    <skipped/>
  </testcase>
  <testcase name="reportDataSetResult" classname="office.sirion.suite.clientAdmin.SLCategory" time="0">
    <skipped/>
  </testcase>
  <testcase name="reportDataSetResult" classname="office.sirion.suite.clientAdmin.SLCategory" time="0">
    <skipped/>
  </testcase>
  <testcase name="reportDataSetResult" classname="office.sirion.suite.clientAdmin.ContractPaper" time="0">
    <skipped/>
  </testcase>
  <testcase name="reportDataSetResult" classname="office.sirion.suite.clientAdmin.ContractPaper" time="0">
    <skipped/>
  </testcase>
  <testcase name="reportDataSetResult" classname="office.sirion.suite.clientAdmin.OBPhase" time="0">
    <skipped/>
  </testcase>
  <testcase name="reportDataSetResult" classname="office.sirion.suite.clientAdmin.OBPhase" time="0">
    <skipped/>
  </testcase>
  <testcase name="ServiceSubCategoryCreation" classname="office.sirion.suite.clientAdmin.ServiceSubCategory" time="0">
    <skipped/>
  </testcase>
  <testcase name="ServiceSubCategoryCreation" classname="office.sirion.suite.clientAdmin.ServiceSubCategory" time="0">
    <skipped/>
  </testcase>
  <testcase name="reportTestResult" classname="office.sirion.suite.clientAdmin.SLCategory" time="0">
    <skipped/>
  </testcase>
  <testcase name="reportDataSetResult" classname="office.sirion.suite.clientAdmin.ServiceSubCategory" time="0">
    <skipped/>
  </testcase>
  <testcase name="reportDataSetResult" classname="office.sirion.suite.clientAdmin.ServiceSubCategory" time="0">
    <skipped/>
  </testcase>
  <testcase name="reportTestResult" classname="office.sirion.suite.clientAdmin.ContractPaper" time="0">
    <skipped/>
  </testcase>
  <testcase name="reportTestResult" classname="office.sirion.suite.clientAdmin.ServiceCategory" time="0">
    <skipped/>
  </testcase>
  <testcase name="reportTestResult" classname="office.sirion.suite.clientAdmin.OBCategory" time="0">
    <skipped/>
  </testcase>
  <testcase name="reportTestResult" classname="office.sirion.suite.clientAdmin.SLItem" time="0">
    <skipped/>
  </testcase>
  <testcase name="reportTestResult" classname="office.sirion.suite.clientAdmin.ServiceSubCategory" time="0">
    <skipped/>
  </testcase>
  <testcase name="reportTestResult" classname="office.sirion.suite.clientAdmin.OBPhase" time="0">
    <skipped/>
  </testcase>
  <testcase name="reportTestResult" classname="office.sirion.suite.clientAdmin.ContractService" time="0">
    <skipped/>
  </testcase>
  <testcase name="SLSubCategoryCreation" classname="office.sirion.suite.clientAdmin.SLSubCategory" time="0">
    <skipped/>
  </testcase>
  <testcase name="SLSubCategoryCreation" classname="office.sirion.suite.clientAdmin.SLSubCategory" time="0">
    <skipped/>
  </testcase>
  <testcase name="reportTestResult" classname="office.sirion.suite.clientAdmin.OBPerformanceType" time="0">
    <skipped/>
  </testcase>
  <testcase name="reportDataSetResult" classname="office.sirion.suite.clientAdmin.SLSubCategory" time="0">
    <skipped/>
  </testcase>
  <testcase name="reportDataSetResult" classname="office.sirion.suite.clientAdmin.SLSubCategory" time="0">
    <skipped/>
  </testcase>
  <testcase name="reportTestResult" classname="office.sirion.suite.clientAdmin.SLSubCategory" time="0">
    <skipped/>
  </testcase>
  <testcase name="checkTestSkip" classname="office.sirion.suite.clientAdmin.VendorClassification" time="0">
    <skipped/>
  </testcase>
  <testcase name="checkTestSkip" classname="office.sirion.suite.clientAdmin.TermType" time="0">
    <skipped/>
  </testcase>
  <testcase name="checkTestSkip" classname="office.sirion.suite.clientAdmin.ContractType" time="0">
    <skipped/>
  </testcase>
  <testcase name="ContractTypeCreation" classname="office.sirion.suite.clientAdmin.ContractType" time="0">
    <skipped/>
  </testcase>
  <testcase name="ContractTypeCreation" classname="office.sirion.suite.clientAdmin.ContractType" time="0">
    <skipped/>
  </testcase>
  <testcase name="TermTypeCreation" classname="office.sirion.suite.clientAdmin.TermType" time="0">
    <skipped/>
  </testcase>
  <testcase name="TermTypeCreation" classname="office.sirion.suite.clientAdmin.TermType" time="0">
    <skipped/>
  </testcase>
  <testcase name="reportDataSetResult" classname="office.sirion.suite.clientAdmin.ContractType" time="0">
    <skipped/>
  </testcase>
  <testcase name="reportDataSetResult" classname="office.sirion.suite.clientAdmin.ContractType" time="0">
    <skipped/>
  </testcase>
  <testcase name="reportDataSetResult" classname="office.sirion.suite.clientAdmin.TermType" time="0">
    <skipped/>
  </testcase>
  <testcase name="reportDataSetResult" classname="office.sirion.suite.clientAdmin.TermType" time="0">
    <skipped/>
  </testcase>
  <testcase name="reportTestResult" classname="office.sirion.suite.clientAdmin.TermType" time="0">
    <skipped/>
  </testcase>
  <testcase name="reportTestResult" classname="office.sirion.suite.clientAdmin.ContractType" time="0">
    <skipped/>
  </testcase>
  <testcase name="VendorClassificationCreation" classname="office.sirion.suite.clientAdmin.VendorClassification" time="0">
    <skipped/>
  </testcase>
  <testcase name="VendorClassificationCreation" classname="office.sirion.suite.clientAdmin.VendorClassification" time="0">
    <skipped/>
  </testcase>
  <testcase name="reportDataSetResult" classname="office.sirion.suite.clientAdmin.VendorClassification" time="0">
    <skipped/>
  </testcase>
  <testcase name="reportDataSetResult" classname="office.sirion.suite.clientAdmin.VendorClassification" time="0">
    <skipped/>
  </testcase>
  <testcase name="checkTestSkip" classname="office.sirion.suite.clientAdmin.ActionType" time="0">
    <skipped/>
  </testcase>
  <testcase name="reportTestResult" classname="office.sirion.suite.clientAdmin.VendorClassification" time="0">
    <skipped/>
  </testcase>
  <testcase name="checkTestSkip" classname="office.sirion.suite.clientAdmin.IssueType" time="0">
    <skipped/>
  </testcase>
  <testcase name="ActionTypeCreation" classname="office.sirion.suite.clientAdmin.ActionType" time="0">
    <skipped/>
  </testcase>
  <testcase name="ActionTypeCreation" classname="office.sirion.suite.clientAdmin.ActionType" time="0">
    <skipped/>
  </testcase>
  <testcase name="reportDataSetResult" classname="office.sirion.suite.clientAdmin.ActionType" time="0">
    <skipped/>
  </testcase>
  <testcase name="reportDataSetResult" classname="office.sirion.suite.clientAdmin.ActionType" time="0">
    <skipped/>
  </testcase>
  <testcase name="reportTestResult" classname="office.sirion.suite.clientAdmin.ActionType" time="0">
    <skipped/>
  </testcase>
  <testcase name="checkTestSkip" classname="office.sirion.suite.clientAdmin.CRType" time="0">
    <skipped/>
  </testcase>
  <testcase name="CRTypeCreation" classname="office.sirion.suite.clientAdmin.CRType" time="0">
    <skipped/>
  </testcase>
  <testcase name="CRTypeCreation" classname="office.sirion.suite.clientAdmin.CRType" time="0">
    <skipped/>
  </testcase>
  <testcase name="reportDataSetResult" classname="office.sirion.suite.clientAdmin.CRType" time="0">
    <skipped/>
  </testcase>
  <testcase name="reportDataSetResult" classname="office.sirion.suite.clientAdmin.CRType" time="0">
    <skipped/>
  </testcase>
  <testcase name="reportTestResult" classname="office.sirion.suite.clientAdmin.CRType" time="0">
    <skipped/>
  </testcase>
  <testcase name="IssueTypeCreation" classname="office.sirion.suite.clientAdmin.IssueType" time="0">
    <skipped/>
  </testcase>
  <testcase name="IssueTypeCreation" classname="office.sirion.suite.clientAdmin.IssueType" time="0">
    <skipped/>
  </testcase>
  <testcase name="checkTestSkip" classname="office.sirion.suite.clientAdmin.CRClass" time="0">
    <skipped/>
  </testcase>
  <testcase name="checkTestSkip" classname="office.sirion.suite.clientAdmin.WORType" time="0">
    <skipped/>
  </testcase>
  <testcase name="checkTestSkip" classname="office.sirion.suite.clientAdmin.InterpretationType" time="0">
    <skipped/>
  </testcase>
  <testcase name="WORTypeCreation" classname="office.sirion.suite.clientAdmin.WORType" time="0">
    <skipped/>
  </testcase>
  <testcase name="WORTypeCreation" classname="office.sirion.suite.clientAdmin.WORType" time="0">
    <skipped/>
  </testcase>
  <testcase name="reportDataSetResult" classname="office.sirion.suite.clientAdmin.WORType" time="0">
    <skipped/>
  </testcase>
  <testcase name="reportDataSetResult" classname="office.sirion.suite.clientAdmin.WORType" time="0">
    <skipped/>
  </testcase>
  <testcase name="reportTestResult" classname="office.sirion.suite.clientAdmin.WORType" time="0">
    <skipped/>
  </testcase>
  <testcase name="reportDataSetResult" classname="office.sirion.suite.clientAdmin.IssueType" time="0">
    <skipped/>
  </testcase>
  <testcase name="reportDataSetResult" classname="office.sirion.suite.clientAdmin.IssueType" time="0">
    <skipped/>
  </testcase>
  <testcase name="InterpretationTypeCreation" classname="office.sirion.suite.clientAdmin.InterpretationType" time="0">
    <skipped/>
  </testcase>
  <testcase name="InterpretationTypeCreation" classname="office.sirion.suite.clientAdmin.InterpretationType" time="0">
    <skipped/>
  </testcase>
  <testcase name="reportDataSetResult" classname="office.sirion.suite.clientAdmin.InterpretationType" time="0">
    <skipped/>
  </testcase>
  <testcase name="reportDataSetResult" classname="office.sirion.suite.clientAdmin.InterpretationType" time="0">
    <skipped/>
  </testcase>
  <testcase name="checkTestSkip" classname="office.sirion.suite.clientAdmin.UnitType" time="0">
    <skipped/>
  </testcase>
  <testcase name="reportTestResult" classname="office.sirion.suite.clientAdmin.InterpretationType" time="0">
    <skipped/>
  </testcase>
  <testcase name="UnitTypeCreation" classname="office.sirion.suite.clientAdmin.UnitType" time="0">
    <skipped/>
  </testcase>
  <testcase name="UnitTypeCreation" classname="office.sirion.suite.clientAdmin.UnitType" time="0">
    <skipped/>
  </testcase>
  <testcase name="reportDataSetResult" classname="office.sirion.suite.clientAdmin.UnitType" time="0">
    <skipped/>
  </testcase>
  <testcase name="reportDataSetResult" classname="office.sirion.suite.clientAdmin.UnitType" time="0">
    <skipped/>
  </testcase>
  <testcase name="reportTestResult" classname="office.sirion.suite.clientAdmin.UnitType" time="0">
    <skipped/>
  </testcase>
  <testcase name="checkTestSkip" classname="office.sirion.suite.clientAdmin.AgreementType" time="0">
    <skipped/>
  </testcase>
  <testcase name="AgreementTypeCreation" classname="office.sirion.suite.clientAdmin.AgreementType" time="0">
    <skipped/>
  </testcase>
  <testcase name="AgreementTypeCreation" classname="office.sirion.suite.clientAdmin.AgreementType" time="0">
    <skipped/>
  </testcase>
  <testcase name="checkTestSkip" classname="office.sirion.suite.clientAdmin.ClauseCategory" time="0">
    <skipped/>
  </testcase>
  <testcase name="reportDataSetResult" classname="office.sirion.suite.clientAdmin.AgreementType" time="0">
    <skipped/>
  </testcase>
  <testcase name="reportDataSetResult" classname="office.sirion.suite.clientAdmin.AgreementType" time="0">
    <skipped/>
  </testcase>
  <testcase name="reportTestResult" classname="office.sirion.suite.clientAdmin.AgreementType" time="0">
    <skipped/>
  </testcase>
  <testcase name="checkTestSkip" classname="office.sirion.suite.clientAdmin.GovernanceBodyType" time="0">
    <skipped/>
  </testcase>
  <testcase name="ClauseCategoryCreation" classname="office.sirion.suite.clientAdmin.ClauseCategory" time="0">
    <skipped/>
  </testcase>
  <testcase name="ClauseCategoryCreation" classname="office.sirion.suite.clientAdmin.ClauseCategory" time="0">
    <skipped/>
  </testcase>
  <testcase name="reportDataSetResult" classname="office.sirion.suite.clientAdmin.ClauseCategory" time="0">
    <skipped/>
  </testcase>
  <testcase name="reportDataSetResult" classname="office.sirion.suite.clientAdmin.ClauseCategory" time="0">
    <skipped/>
  </testcase>
  <testcase name="reportTestResult" classname="office.sirion.suite.clientAdmin.ClauseCategory" time="0">
    <skipped/>
  </testcase>
  <testcase name="GovernanceBodyTypeCreation" classname="office.sirion.suite.clientAdmin.GovernanceBodyType" time="0">
    <skipped/>
  </testcase>
  <testcase name="GovernanceBodyTypeCreation" classname="office.sirion.suite.clientAdmin.GovernanceBodyType" time="0">
    <skipped/>
  </testcase>
  <testcase name="reportDataSetResult" classname="office.sirion.suite.clientAdmin.GovernanceBodyType" time="0">
    <skipped/>
  </testcase>
  <testcase name="reportDataSetResult" classname="office.sirion.suite.clientAdmin.GovernanceBodyType" time="0">
    <skipped/>
  </testcase>
  <testcase name="reportTestResult" classname="office.sirion.suite.clientAdmin.IssueType" time="0">
    <skipped/>
  </testcase>
  <testcase name="reportTestResult" classname="office.sirion.suite.clientAdmin.GovernanceBodyType" time="0">
    <skipped/>
  </testcase>
  <testcase name="CRClassCreation" classname="office.sirion.suite.clientAdmin.CRClass" time="0">
    <skipped/>
  </testcase>
  <testcase name="CRClassCreation" classname="office.sirion.suite.clientAdmin.CRClass" time="0">
    <skipped/>
  </testcase>
  <testcase name="reportDataSetResult" classname="office.sirion.suite.clientAdmin.CRClass" time="0">
    <skipped/>
  </testcase>
  <testcase name="reportDataSetResult" classname="office.sirion.suite.clientAdmin.CRClass" time="0">
    <skipped/>
  </testcase>
  <testcase name="reportTestResult" classname="office.sirion.suite.clientAdmin.CRClass" time="0">
    <skipped/>
  </testcase>
  <testcase name="checkTestSkip" classname="office.sirion.suite.clientAdmin.ClauseType" time="0">
    <skipped/>
  </testcase>
  <testcase name="ClauseTypeCreation" classname="office.sirion.suite.clientAdmin.ClauseType" time="0">
    <skipped/>
  </testcase>
  <testcase name="ClauseTypeCreation" classname="office.sirion.suite.clientAdmin.ClauseType" time="0">
    <skipped/>
  </testcase>
  <testcase name="reportDataSetResult" classname="office.sirion.suite.clientAdmin.ClauseType" time="0">
    <skipped/>
  </testcase>
  <testcase name="reportDataSetResult" classname="office.sirion.suite.clientAdmin.ClauseType" time="0">
    <skipped/>
  </testcase>
  <testcase name="reportTestResult" classname="office.sirion.suite.clientAdmin.ClauseType" time="0">
    <skipped/>
  </testcase>
  <testcase name="checkTestSkip" classname="office.sirion.suite.clientAdmin.IndustryType" time="0">
    <skipped/>
  </testcase>
  <testcase name="checkTestSkip" classname="office.sirion.suite.clientAdmin.CompanyPosition" time="0">
    <skipped/>
  </testcase>
  <testcase name="IndustryTypeCreation" classname="office.sirion.suite.clientAdmin.IndustryType" time="0">
    <skipped/>
  </testcase>
  <testcase name="IndustryTypeCreation" classname="office.sirion.suite.clientAdmin.IndustryType" time="0">
    <skipped/>
  </testcase>
  <testcase name="reportDataSetResult" classname="office.sirion.suite.clientAdmin.IndustryType" time="0">
    <skipped/>
  </testcase>
  <testcase name="reportDataSetResult" classname="office.sirion.suite.clientAdmin.IndustryType" time="0">
    <skipped/>
  </testcase>
  <testcase name="reportTestResult" classname="office.sirion.suite.clientAdmin.IndustryType" time="0">
    <skipped/>
  </testcase>
  <testcase name="CompanyPositionCreation" classname="office.sirion.suite.clientAdmin.CompanyPosition" time="0">
    <skipped/>
  </testcase>
  <testcase name="CompanyPositionCreation" classname="office.sirion.suite.clientAdmin.CompanyPosition" time="0">
    <skipped/>
  </testcase>
  <testcase name="reportDataSetResult" classname="office.sirion.suite.clientAdmin.CompanyPosition" time="0">
    <skipped/>
  </testcase>
  <testcase name="reportDataSetResult" classname="office.sirion.suite.clientAdmin.CompanyPosition" time="0">
    <skipped/>
  </testcase>
  <testcase name="reportTestResult" classname="office.sirion.suite.clientAdmin.CompanyPosition" time="0">
    <skipped/>
  </testcase>
  <testcase name="checkTestSkip" classname="office.sirion.suite.clientAdmin.RiskType" time="0">
    <skipped/>
  </testcase>
  <testcase name="checkTestSkip" classname="office.sirion.suite.clientAdmin.TransactionType" time="0">
    <skipped/>
  </testcase>
  <testcase name="RiskTypeCreation" classname="office.sirion.suite.clientAdmin.RiskType" time="0">
    <skipped/>
  </testcase>
  <testcase name="RiskTypeCreation" classname="office.sirion.suite.clientAdmin.RiskType" time="0">
    <skipped/>
  </testcase>
  <testcase name="reportDataSetResult" classname="office.sirion.suite.clientAdmin.RiskType" time="0">
    <skipped/>
  </testcase>
  <testcase name="reportDataSetResult" classname="office.sirion.suite.clientAdmin.RiskType" time="0">
    <skipped/>
  </testcase>
  <testcase name="reportTestResult" classname="office.sirion.suite.clientAdmin.RiskType" time="0">
    <skipped/>
  </testcase>
  <testcase name="checkTestSkip" classname="office.sirion.suite.clientAdmin.TemplateCategory" time="0">
    <skipped/>
  </testcase>
  <testcase name="TemplateCategoryCreation" classname="office.sirion.suite.clientAdmin.TemplateCategory" time="0">
    <skipped/>
  </testcase>
  <testcase name="TemplateCategoryCreation" classname="office.sirion.suite.clientAdmin.TemplateCategory" time="0">
    <skipped/>
  </testcase>
  <testcase name="reportDataSetResult" classname="office.sirion.suite.clientAdmin.TemplateCategory" time="0">
    <skipped/>
  </testcase>
  <testcase name="reportDataSetResult" classname="office.sirion.suite.clientAdmin.TemplateCategory" time="0">
    <skipped/>
  </testcase>
  <testcase name="reportTestResult" classname="office.sirion.suite.clientAdmin.TemplateCategory" time="0">
    <skipped/>
  </testcase>
  <testcase name="checkTestSkip" classname="office.sirion.suite.clientAdmin.BusinessUnit" time="0">
    <skipped/>
  </testcase>
  <testcase name="checkTestSkip" classname="office.sirion.suite.clientAdmin.BusinessLine" time="0">
    <skipped/>
  </testcase>
  <testcase name="BusinessUnitCreation" classname="office.sirion.suite.clientAdmin.BusinessUnit" time="0">
    <skipped/>
  </testcase>
  <testcase name="BusinessUnitCreation" classname="office.sirion.suite.clientAdmin.BusinessUnit" time="0">
    <skipped/>
  </testcase>
  <testcase name="reportDataSetResult" classname="office.sirion.suite.clientAdmin.BusinessUnit" time="0">
    <skipped/>
  </testcase>
  <testcase name="reportDataSetResult" classname="office.sirion.suite.clientAdmin.BusinessUnit" time="0">
    <skipped/>
  </testcase>
  <testcase name="BusinessLineCreation" classname="office.sirion.suite.clientAdmin.BusinessLine" time="0">
    <skipped/>
  </testcase>
  <testcase name="BusinessLineCreation" classname="office.sirion.suite.clientAdmin.BusinessLine" time="0">
    <skipped/>
  </testcase>
  <testcase name="reportDataSetResult" classname="office.sirion.suite.clientAdmin.BusinessLine" time="0">
    <skipped/>
  </testcase>
  <testcase name="reportDataSetResult" classname="office.sirion.suite.clientAdmin.BusinessLine" time="0">
    <skipped/>
  </testcase>
  <testcase name="reportTestResult" classname="office.sirion.suite.clientAdmin.BusinessUnit" time="0">
    <skipped/>
  </testcase>
  <testcase name="reportTestResult" classname="office.sirion.suite.clientAdmin.BusinessLine" time="0">
    <skipped/>
  </testcase>
  <testcase name="TransactionTypeCreation" classname="office.sirion.suite.clientAdmin.TransactionType" time="0">
    <skipped/>
  </testcase>
  <testcase name="TransactionTypeCreation" classname="office.sirion.suite.clientAdmin.TransactionType" time="0">
    <skipped/>
  </testcase>
  <testcase name="reportDataSetResult" classname="office.sirion.suite.clientAdmin.TransactionType" time="0">
    <skipped/>
  </testcase>
  <testcase name="reportDataSetResult" classname="office.sirion.suite.clientAdmin.TransactionType" time="0">
    <skipped/>
  </testcase>
  <testcase name="reportTestResult" classname="office.sirion.suite.clientAdmin.TransactionType" time="0">
    <skipped/>
  </testcase>
  <testcase name="checkTestSkip" classname="office.sirion.suite.clientAdmin.PaperType" time="0">
    <skipped/>
  </testcase>
  <testcase name="checkTestSkip" classname="office.sirion.suite.clientAdmin.DiscrepancyReasonType" time="0">
    <skipped/>
  </testcase>
  <testcase name="DiscrepancyReasonTypeCreation" classname="office.sirion.suite.clientAdmin.DiscrepancyReasonType" time="0">
    <skipped/>
  </testcase>
  <testcase name="DiscrepancyReasonTypeCreation" classname="office.sirion.suite.clientAdmin.DiscrepancyReasonType" time="0">
    <skipped/>
  </testcase>
  <testcase name="reportDataSetResult" classname="office.sirion.suite.clientAdmin.DiscrepancyReasonType" time="0">
    <skipped/>
  </testcase>
  <testcase name="reportDataSetResult" classname="office.sirion.suite.clientAdmin.DiscrepancyReasonType" time="0">
    <skipped/>
  </testcase>
  <testcase name="PaperTypeCreation" classname="office.sirion.suite.clientAdmin.PaperType" time="0">
    <skipped/>
  </testcase>
  <testcase name="PaperTypeCreation" classname="office.sirion.suite.clientAdmin.PaperType" time="0">
    <skipped/>
  </testcase>
  <testcase name="reportDataSetResult" classname="office.sirion.suite.clientAdmin.PaperType" time="0">
    <skipped/>
  </testcase>
  <testcase name="reportDataSetResult" classname="office.sirion.suite.clientAdmin.PaperType" time="0">
    <skipped/>
  </testcase>
  <testcase name="reportTestResult" classname="office.sirion.suite.clientAdmin.DiscrepancyReasonType" time="0">
    <skipped/>
  </testcase>
  <testcase name="reportTestResult" classname="office.sirion.suite.clientAdmin.PaperType" time="0">
    <skipped/>
  </testcase>
  <testcase name="checkTestSkip" classname="office.sirion.suite.clientAdmin.Function" time="0">
    <skipped/>
  </testcase>
  <testcase name="FunctionCreation" classname="office.sirion.suite.clientAdmin.Function" time="0">
    <skipped/>
  </testcase>
  <testcase name="FunctionCreation" classname="office.sirion.suite.clientAdmin.Function" time="0">
    <skipped/>
  </testcase>
  <testcase name="reportDataSetResult" classname="office.sirion.suite.clientAdmin.Function" time="0">
    <skipped/>
  </testcase>
  <testcase name="reportDataSetResult" classname="office.sirion.suite.clientAdmin.Function" time="0">
    <skipped/>
  </testcase>
  <testcase name="reportTestResult" classname="office.sirion.suite.clientAdmin.Function" time="0">
    <skipped/>
  </testcase>
  <testcase name="checkTestSkip" classname="office.sirion.suite.clientAdmin.Service" time="0">
    <skipped/>
  </testcase>
  <testcase name="ServiceCreation" classname="office.sirion.suite.clientAdmin.Service" time="0">
    <skipped/>
  </testcase>
  <testcase name="ServiceCreation" classname="office.sirion.suite.clientAdmin.Service" time="0">
    <skipped/>
  </testcase>
  <testcase name="ServiceCreation" classname="office.sirion.suite.clientAdmin.Service" time="0">
    <skipped/>
  </testcase>
  <testcase name="ServiceCreation" classname="office.sirion.suite.clientAdmin.Service" time="0">
    <skipped/>
  </testcase>
  <testcase name="ServiceCreation" classname="office.sirion.suite.clientAdmin.Service" time="0">
    <skipped/>
  </testcase>
  <testcase name="ServiceCreation" classname="office.sirion.suite.clientAdmin.Service" time="0">
    <skipped/>
  </testcase>
  <testcase name="ServiceCreation" classname="office.sirion.suite.clientAdmin.Service" time="0">
    <skipped/>
  </testcase>
  <testcase name="ServiceCreation" classname="office.sirion.suite.clientAdmin.Service" time="0">
    <skipped/>
  </testcase>
  <testcase name="reportDataSetResult" classname="office.sirion.suite.clientAdmin.Service" time="0">
    <skipped/>
  </testcase>
  <testcase name="reportDataSetResult" classname="office.sirion.suite.clientAdmin.Service" time="0">
    <skipped/>
  </testcase>
  <testcase name="reportDataSetResult" classname="office.sirion.suite.clientAdmin.Service" time="0">
    <skipped/>
  </testcase>
  <testcase name="reportDataSetResult" classname="office.sirion.suite.clientAdmin.Service" time="0">
    <skipped/>
  </testcase>
  <testcase name="reportDataSetResult" classname="office.sirion.suite.clientAdmin.Service" time="0">
    <skipped/>
  </testcase>
  <testcase name="reportDataSetResult" classname="office.sirion.suite.clientAdmin.Service" time="0">
    <skipped/>
  </testcase>
  <testcase name="reportDataSetResult" classname="office.sirion.suite.clientAdmin.Service" time="0">
    <skipped/>
  </testcase>
  <testcase name="reportDataSetResult" classname="office.sirion.suite.clientAdmin.Service" time="0">
    <skipped/>
  </testcase>
  <testcase name="reportTestResult" classname="office.sirion.suite.clientAdmin.Service" time="0">
    <skipped/>
  </testcase>
  <testcase name="checkTestSkip" classname="office.sirion.suite.clientAdmin.Region" time="0">
    <skipped/>
  </testcase>
  <testcase name="RegionCreation" classname="office.sirion.suite.clientAdmin.Region" time="0">
    <skipped/>
  </testcase>
  <testcase name="RegionCreation" classname="office.sirion.suite.clientAdmin.Region" time="0">
    <skipped/>
  </testcase>
  <testcase name="RegionCreation" classname="office.sirion.suite.clientAdmin.Region" time="0">
    <skipped/>
  </testcase>
  <testcase name="reportDataSetResult" classname="office.sirion.suite.clientAdmin.Region" time="0">
    <skipped/>
  </testcase>
  <testcase name="reportDataSetResult" classname="office.sirion.suite.clientAdmin.Region" time="0">
    <skipped/>
  </testcase>
  <testcase name="reportDataSetResult" classname="office.sirion.suite.clientAdmin.Region" time="0">
    <skipped/>
  </testcase>
  <testcase name="reportTestResult" classname="office.sirion.suite.clientAdmin.Region" time="0">
    <skipped/>
  </testcase>
  <testcase name="checkTestSkip" classname="office.sirion.suite.clientAdmin.Geography" time="0">
    <skipped/>
  </testcase>
  <testcase name="GeographyCreation" classname="office.sirion.suite.clientAdmin.Geography" time="0">
    <skipped/>
  </testcase>
  <testcase name="GeographyCreation" classname="office.sirion.suite.clientAdmin.Geography" time="0">
    <skipped/>
  </testcase>
  <testcase name="reportDataSetResult" classname="office.sirion.suite.clientAdmin.Geography" time="0">
    <skipped/>
  </testcase>
  <testcase name="reportDataSetResult" classname="office.sirion.suite.clientAdmin.Geography" time="0">
    <skipped/>
  </testcase>
  <testcase name="checkTestSkip" classname="office.sirion.suite.clientAdmin.CurrencyConversionMatrix" time="0">
    <skipped/>
  </testcase>
  <testcase name="reportTestResult" classname="office.sirion.suite.clientAdmin.Geography" time="0">
    <skipped/>
  </testcase>
  <testcase name="checkTestSkip" classname="office.sirion.suite.clientAdmin.AdvancedOrganization" time="0">
    <skipped/>
  </testcase>
  <testcase name="CurrencyConversionMatrixCreation" classname="office.sirion.suite.clientAdmin.CurrencyConversionMatrix" time="0">
    <skipped/>
  </testcase>
  <testcase name="reportDataSetResult" classname="office.sirion.suite.clientAdmin.CurrencyConversionMatrix" time="0">
    <skipped/>
  </testcase>
  <testcase name="reportTestResult" classname="office.sirion.suite.clientAdmin.CurrencyConversionMatrix" time="0">
    <skipped/>
  </testcase>
  <testcase name="AdvancedOrganizationTest" classname="office.sirion.suite.clientAdmin.AdvancedOrganization" time="0">
    <skipped/>
  </testcase>
  <testcase name="reportDataSetResult" classname="office.sirion.suite.clientAdmin.AdvancedOrganization" time="0">
    <skipped/>
  </testcase>
  <testcase name="reportTestResult" classname="office.sirion.suite.clientAdmin.AdvancedOrganization" time="0">
    <skipped/>
  </testcase>
  <testcase name="checkTestSkip" classname="office.sirion.suite.clientAdmin.OrganizationBranding" time="0">
    <skipped/>
  </testcase>
  <testcase name="checkTestSkip" classname="office.sirion.suite.clientAdmin.Frequency" time="0">
    <skipped/>
  </testcase>
  <testcase name="OrganizationBrandingTest" classname="office.sirion.suite.clientAdmin.OrganizationBranding" time="0">
    <skipped/>
  </testcase>
  <testcase name="FrequencyCreation" classname="office.sirion.suite.clientAdmin.Frequency" time="0">
    <skipped/>
  </testcase>
  <testcase name="FrequencyCreation" classname="office.sirion.suite.clientAdmin.Frequency" time="0">
    <skipped/>
  </testcase>
  <testcase name="reportDataSetResult" classname="office.sirion.suite.clientAdmin.OrganizationBranding" time="0">
    <skipped/>
  </testcase>
  <testcase name="reportDataSetResult" classname="office.sirion.suite.clientAdmin.Frequency" time="0">
    <skipped/>
  </testcase>
  <testcase name="reportDataSetResult" classname="office.sirion.suite.clientAdmin.Frequency" time="0">
    <skipped/>
  </testcase>
  <testcase name="reportTestResult" classname="office.sirion.suite.clientAdmin.OrganizationBranding" time="0">
    <skipped/>
  </testcase>
  <testcase name="reportTestResult" classname="office.sirion.suite.clientAdmin.Frequency" time="0">
    <skipped/>
  </testcase>
  <testcase name="checkTestSkip" classname="office.sirion.suite.clientAdmin.Project" time="0">
    <skipped/>
  </testcase>
  <testcase name="checkTestSkip" classname="office.sirion.suite.clientAdmin.Tier" time="0">
    <skipped/>
  </testcase>
  <testcase name="TierCreation" classname="office.sirion.suite.clientAdmin.Tier" time="0">
    <skipped/>
  </testcase>
  <testcase name="TierCreation" classname="office.sirion.suite.clientAdmin.Tier" time="0">
    <skipped/>
  </testcase>
  <testcase name="TierCreation" classname="office.sirion.suite.clientAdmin.Tier" time="0">
    <skipped/>
  </testcase>
  <testcase name="reportDataSetResult" classname="office.sirion.suite.clientAdmin.Tier" time="0">
    <skipped/>
    <system-err><![CDATA[java.lang.IllegalStateException: Cannot get a BOOLEAN value from a STRING cell
	at org.apache.poi.xssf.usermodel.XSSFCell.typeMismatch(XSSFCell.java:1077)
	at org.apache.poi.xssf.usermodel.XSSFCell.getBooleanCellValue(XSSFCell.java:256)
	at office.sirion.util.Xls_Reader.getCellData(Xls_Reader.java:172)
	at office.sirion.util.TestUtil.getData(TestUtil.java:49)
	at office.sirion.suite.clientAdmin.Project.getTestData(Project.java:244)
	at java.base/jdk.internal.reflect.NativeMethodAccessorImpl.invoke0(Native Method)
	at java.base/jdk.internal.reflect.NativeMethodAccessorImpl.invoke(NativeMethodAccessorImpl.java:62)
	at java.base/jdk.internal.reflect.DelegatingMethodAccessorImpl.invoke(DelegatingMethodAccessorImpl.java:43)
	at java.base/java.lang.reflect.Method.invoke(Method.java:564)
	at org.testng.internal.MethodInvocationHelper.invokeMethod(MethodInvocationHelper.java:124)
	at org.testng.internal.MethodInvocationHelper.invokeMethod(MethodInvocationHelper.java:74)
	at org.testng.internal.MethodInvocationHelper.invokeMethodNoCheckedException(MethodInvocationHelper.java:45)
	at org.testng.internal.MethodInvocationHelper.invokeDataProvider(MethodInvocationHelper.java:131)
	at org.testng.internal.Parameters.handleParameters(Parameters.java:706)
	at org.testng.internal.ParameterHandler.handleParameters(ParameterHandler.java:49)
	at org.testng.internal.ParameterHandler.createParameters(ParameterHandler.java:37)
	at org.testng.internal.Invoker.invokeTestMethods(Invoker.java:924)
	at org.testng.internal.TestMethodWorker.invokeTestMethods(TestMethodWorker.java:125)
	at org.testng.internal.TestMethodWorker.run(TestMethodWorker.java:109)
	at org.testng.TestRunner.privateRun(TestRunner.java:648)
	at org.testng.TestRunner.run(TestRunner.java:505)
	at org.testng.SuiteRunner.runTest(SuiteRunner.java:455)
	at org.testng.SuiteRunner.access$000(SuiteRunner.java:40)
	at org.testng.SuiteRunner$SuiteWorker.run(SuiteRunner.java:489)
	at org.testng.internal.thread.ThreadUtil$1.call(ThreadUtil.java:52)
	at java.base/java.util.concurrent.FutureTask.run(FutureTask.java:264)
	at java.base/java.util.concurrent.ThreadPoolExecutor.runWorker(ThreadPoolExecutor.java:1167)
	at java.base/java.util.concurrent.ThreadPoolExecutor$Worker.run(ThreadPoolExecutor.java:641)
	at java.base/java.lang.Thread.run(Thread.java:844)
]]></system-err>
  </testcase>
  <testcase name="reportDataSetResult" classname="office.sirion.suite.clientAdmin.Tier" time="0">
    <skipped/>
  </testcase>
  <testcase name="reportDataSetResult" classname="office.sirion.suite.clientAdmin.Tier" time="0">
    <skipped/>
  </testcase>
  <testcase name="reportTestResult" classname="office.sirion.suite.clientAdmin.Tier" time="0">
    <skipped/>
  </testcase>
  <testcase name="checkTestSkip" classname="office.sirion.suite.clientAdmin.RegionHub" time="0">
    <skipped/>
  </testcase>
  <testcase name="RegionHubCreation" classname="office.sirion.suite.clientAdmin.RegionHub" time="0">
    <skipped/>
  </testcase>
  <testcase name="RegionHubCreation" classname="office.sirion.suite.clientAdmin.RegionHub" time="0">
    <skipped/>
  </testcase>
  <testcase name="reportDataSetResult" classname="office.sirion.suite.clientAdmin.RegionHub" time="0">
    <skipped/>
  </testcase>
  <testcase name="reportDataSetResult" classname="office.sirion.suite.clientAdmin.RegionHub" time="0">
    <skipped/>
  </testcase>
  <testcase name="reportTestResult" classname="office.sirion.suite.clientAdmin.RegionHub" time="0">
    <skipped/>
  </testcase>
  <testcase name="checkTestSkip" classname="office.sirion.suite.clientAdmin.Market" time="0">
    <skipped/>
  </testcase>
  <testcase name="checkTestSkip" classname="office.sirion.suite.clientAdmin.InternalContractingParty" time="0">
    <skipped/>
  </testcase>
  <testcase name="reportTestResult" classname="office.sirion.suite.clientAdmin.InternalContractingParty" time="0">
    <skipped/>
  </testcase>
  <testcase name="MarketCreation" classname="office.sirion.suite.clientAdmin.Market" time="0">
    <skipped/>
  </testcase>
  <testcase name="MarketCreation" classname="office.sirion.suite.clientAdmin.Market" time="0">
    <skipped/>
  </testcase>
  <testcase name="checkTestSkip" classname="office.sirion.suite.clientAdmin.CompanyCode" time="0">
    <skipped/>
  </testcase>
  <testcase name="reportDataSetResult" classname="office.sirion.suite.clientAdmin.Market" time="0">
    <skipped/>
  </testcase>
  <testcase name="reportDataSetResult" classname="office.sirion.suite.clientAdmin.Market" time="0">
    <skipped/>
  </testcase>
  <testcase name="reportTestResult" classname="office.sirion.suite.clientAdmin.Market" time="0">
    <skipped/>
  </testcase>
  <testcase name="CompanyCodeCreation" classname="office.sirion.suite.clientAdmin.CompanyCode" time="0">
    <skipped/>
  </testcase>
  <testcase name="CompanyCodeCreation" classname="office.sirion.suite.clientAdmin.CompanyCode" time="0">
    <skipped/>
  </testcase>
  <testcase name="reportDataSetResult" classname="office.sirion.suite.clientAdmin.CompanyCode" time="0">
    <skipped/>
  </testcase>
  <testcase name="reportDataSetResult" classname="office.sirion.suite.clientAdmin.CompanyCode" time="0">
    <skipped/>
  </testcase>
  <testcase name="reportTestResult" classname="office.sirion.suite.clientAdmin.CompanyCode" time="0">
    <skipped/>
  </testcase>
  <testcase name="checkTestSkip" classname="office.sirion.suite.clientAdmin.OrganizationProperties" time="0">
    <skipped/>
  </testcase>
  <testcase name="checkTestSkip" classname="office.sirion.suite.clientAdmin.UpdateFunction" time="0">
    <skipped/>
  </testcase>
  <testcase name="checkTestSkip" classname="office.sirion.suite.clientAdmin.UpdateService" time="0">
    <skipped/>
  </testcase>
  <testcase name="checkTestSkip" classname="office.sirion.suite.clientAdmin.UpdateGeography" time="0">
    <skipped/>
  </testcase>
  <testcase name="checkTestSkip" classname="office.sirion.suite.clientAdmin.UpdateRegion" time="0">
    <skipped/>
  </testcase>
  <testcase name="checkTestSkip" classname="office.sirion.suite.clientAdmin.UpdateServiceCategory" time="0">
    <skipped/>
  </testcase>
  <testcase name="checkTestSkip" classname="office.sirion.suite.clientAdmin.UpdateServiceSubCategory" time="0">
    <skipped/>
  </testcase>
  <testcase name="checkTestSkip" classname="office.sirion.suite.clientAdmin.UpdateContractService" time="0">
    <skipped/>
  </testcase>
  <testcase name="ProjectCreation" classname="office.sirion.suite.clientAdmin.Project" time="0">
    <skipped/>
  </testcase>
  <testcase name="reportDataSetResult" classname="office.sirion.suite.clientAdmin.Project" time="0">
    <skipped/>
  </testcase>
  <testcase name="reportTestResult" classname="office.sirion.suite.clientAdmin.Project" time="0">
    <skipped/>
  </testcase>
  <testcase name="OrganizationPropertiesTest" classname="office.sirion.suite.clientAdmin.OrganizationProperties" time="0">
    <skipped/>
  </testcase>
  <testcase name="reportDataSetResult" classname="office.sirion.suite.clientAdmin.OrganizationProperties" time="0">
    <skipped/>
  </testcase>
  <testcase name="reportTestResult" classname="office.sirion.suite.clientAdmin.OrganizationProperties" time="0">
    <skipped/>
  </testcase>
  <testcase name="UpdateServiceCategoryTest" classname="office.sirion.suite.clientAdmin.UpdateServiceCategory" time="13.463">
    <failure message="&#10;Data provider mismatch&#10;Method: UpdateServiceCategoryTest([Parameter{index=0, type=java.lang.String, declaredAnnotations=[]}, Parameter{index=1, type=java.lang.String, declaredAnnotations=[]}, Parameter{index=2, type=java.lang.String, declaredAnnotations=[]}])&#10;Arguments: []" type="org.testng.internal.reflect.MethodMatcherException">org.testng.internal.reflect.MethodMatcherException: 

Data provider mismatch
Method: UpdateServiceCategoryTest([Parameter{index=0, type=java.lang.String, declaredAnnotations=[]}, Parameter{index=1, type=java.lang.String, declaredAnnotations=[]}, Parameter{index=2, type=java.lang.String, declaredAnnotations=[]}])
Arguments: []
</failure>
  </testcase>
  <testcase name="UpdateGeographyTest" classname="office.sirion.suite.clientAdmin.UpdateGeography" time="13.465">
    <failure message="&#10;Data provider mismatch&#10;Method: UpdateGeographyTest([Parameter{index=0, type=java.lang.String, declaredAnnotations=[]}, Parameter{index=1, type=java.lang.String, declaredAnnotations=[]}, Parameter{index=2, type=java.lang.String, declaredAnnotations=[]}, Parameter{index=3, type=java.lang.String, declaredAnnotations=[]}, Parameter{index=4, type=java.lang.String, declaredAnnotations=[]}, Parameter{index=5, type=java.lang.String, declaredAnnotations=[]}, Parameter{index=6, type=java.lang.String, declaredAnnotations=[]}])&#10;Arguments: []" type="org.testng.internal.reflect.MethodMatcherException">org.testng.internal.reflect.MethodMatcherException: 

Data provider mismatch
Method: UpdateGeographyTest([Parameter{index=0, type=java.lang.String, declaredAnnotations=[]}, Parameter{index=1, type=java.lang.String, declaredAnnotations=[]}, Parameter{index=2, type=java.lang.String, declaredAnnotations=[]}, Parameter{index=3, type=java.lang.String, declaredAnnotations=[]}, Parameter{index=4, type=java.lang.String, declaredAnnotations=[]}, Parameter{index=5, type=java.lang.String, declaredAnnotations=[]}, Parameter{index=6, type=java.lang.String, declaredAnnotations=[]}])
Arguments: []
</failure>
  </testcase>
  <testcase name="reportTestResult" classname="office.sirion.suite.clientAdmin.UpdateServiceCategory" time="0">
    <skipped/>
  </testcase>
  <testcase name="UpdateFunctionTest" classname="office.sirion.suite.clientAdmin.UpdateFunction" time="13.465">
    <failure message="&#10;Data provider mismatch&#10;Method: UpdateFunctionTest([Parameter{index=0, type=java.lang.String, declaredAnnotations=[]}, Parameter{index=1, type=java.lang.String, declaredAnnotations=[]}, Parameter{index=2, type=java.lang.String, declaredAnnotations=[]}, Parameter{index=3, type=java.lang.String, declaredAnnotations=[]}])&#10;Arguments: []" type="org.testng.internal.reflect.MethodMatcherException">org.testng.internal.reflect.MethodMatcherException: 

Data provider mismatch
Method: UpdateFunctionTest([Parameter{index=0, type=java.lang.String, declaredAnnotations=[]}, Parameter{index=1, type=java.lang.String, declaredAnnotations=[]}, Parameter{index=2, type=java.lang.String, declaredAnnotations=[]}, Parameter{index=3, type=java.lang.String, declaredAnnotations=[]}])
Arguments: []
</failure>
  </testcase>
  <testcase name="reportTestResult" classname="office.sirion.suite.clientAdmin.UpdateGeography" time="0">
    <skipped/>
  </testcase>
  <testcase name="reportTestResult" classname="office.sirion.suite.clientAdmin.UpdateFunction" time="0">
    <skipped/>
  </testcase>
  <testcase name="UpdateRegionTest" classname="office.sirion.suite.clientAdmin.UpdateRegion" time="13.465">
    <failure message="&#10;Data provider mismatch&#10;Method: UpdateRegionTest([Parameter{index=0, type=java.lang.String, declaredAnnotations=[]}, Parameter{index=1, type=java.lang.String, declaredAnnotations=[]}, Parameter{index=2, type=java.lang.String, declaredAnnotations=[]}, Parameter{index=3, type=java.lang.String, declaredAnnotations=[]}, Parameter{index=4, type=java.lang.String, declaredAnnotations=[]}, Parameter{index=5, type=java.lang.String, declaredAnnotations=[]}, Parameter{index=6, type=java.lang.String, declaredAnnotations=[]}, Parameter{index=7, type=java.lang.String, declaredAnnotations=[]}])&#10;Arguments: []" type="org.testng.internal.reflect.MethodMatcherException">org.testng.internal.reflect.MethodMatcherException: 

Data provider mismatch
Method: UpdateRegionTest([Parameter{index=0, type=java.lang.String, declaredAnnotations=[]}, Parameter{index=1, type=java.lang.String, declaredAnnotations=[]}, Parameter{index=2, type=java.lang.String, declaredAnnotations=[]}, Parameter{index=3, type=java.lang.String, declaredAnnotations=[]}, Parameter{index=4, type=java.lang.String, declaredAnnotations=[]}, Parameter{index=5, type=java.lang.String, declaredAnnotations=[]}, Parameter{index=6, type=java.lang.String, declaredAnnotations=[]}, Parameter{index=7, type=java.lang.String, declaredAnnotations=[]}])
Arguments: []
</failure>
  </testcase>
  <testcase name="reportTestResult" classname="office.sirion.suite.clientAdmin.UpdateRegion" time="0">
    <skipped/>
  </testcase>
  <testcase name="UpdateServiceTest" classname="office.sirion.suite.clientAdmin.UpdateService" time="13.466">
    <failure message="&#10;Data provider mismatch&#10;Method: UpdateServiceTest([Parameter{index=0, type=java.lang.String, declaredAnnotations=[]}, Parameter{index=1, type=java.lang.String, declaredAnnotations=[]}, Parameter{index=2, type=java.lang.String, declaredAnnotations=[]}, Parameter{index=3, type=java.lang.String, declaredAnnotations=[]}])&#10;Arguments: []" type="org.testng.internal.reflect.MethodMatcherException">org.testng.internal.reflect.MethodMatcherException: 

Data provider mismatch
Method: UpdateServiceTest([Parameter{index=0, type=java.lang.String, declaredAnnotations=[]}, Parameter{index=1, type=java.lang.String, declaredAnnotations=[]}, Parameter{index=2, type=java.lang.String, declaredAnnotations=[]}, Parameter{index=3, type=java.lang.String, declaredAnnotations=[]}])
Arguments: []
</failure>
  </testcase>
  <testcase name="UpdateContractServiceTest" classname="office.sirion.suite.clientAdmin.UpdateContractService" time="13.466">
    <failure message="&#10;Data provider mismatch&#10;Method: UpdateContractServiceTest([Parameter{index=0, type=java.lang.String, declaredAnnotations=[]}, Parameter{index=1, type=java.lang.String, declaredAnnotations=[]}, Parameter{index=2, type=java.lang.String, declaredAnnotations=[]}])&#10;Arguments: []" type="org.testng.internal.reflect.MethodMatcherException">org.testng.internal.reflect.MethodMatcherException: 

Data provider mismatch
Method: UpdateContractServiceTest([Parameter{index=0, type=java.lang.String, declaredAnnotations=[]}, Parameter{index=1, type=java.lang.String, declaredAnnotations=[]}, Parameter{index=2, type=java.lang.String, declaredAnnotations=[]}])
Arguments: []
</failure>
  </testcase>
  <testcase name="UpdateServiceSubCategoryTest" classname="office.sirion.suite.clientAdmin.UpdateServiceSubCategory" time="13.466">
    <failure message="&#10;Data provider mismatch&#10;Method: UpdateServiceSubCategoryTest([Parameter{index=0, type=java.lang.String, declaredAnnotations=[]}, Parameter{index=1, type=java.lang.String, declaredAnnotations=[]}, Parameter{index=2, type=java.lang.String, declaredAnnotations=[]}, Parameter{index=3, type=java.lang.String, declaredAnnotations=[]}])&#10;Arguments: []" type="org.testng.internal.reflect.MethodMatcherException">org.testng.internal.reflect.MethodMatcherException: 

Data provider mismatch
Method: UpdateServiceSubCategoryTest([Parameter{index=0, type=java.lang.String, declaredAnnotations=[]}, Parameter{index=1, type=java.lang.String, declaredAnnotations=[]}, Parameter{index=2, type=java.lang.String, declaredAnnotations=[]}, Parameter{index=3, type=java.lang.String, declaredAnnotations=[]}])
Arguments: []
</failure>
  </testcase>
  <testcase name="reportTestResult" classname="office.sirion.suite.clientAdmin.UpdateService" time="0">
    <skipped/>
  </testcase>
  <testcase name="reportTestResult" classname="office.sirion.suite.clientAdmin.UpdateContractService" time="0">
    <skipped/>
  </testcase>
  <testcase name="reportTestResult" classname="office.sirion.suite.clientAdmin.UpdateServiceSubCategory" time="0">
    <skipped/>
  </testcase>
  <testcase name="checkTestSkip" classname="office.sirion.suite.clientAdmin.UpdateFrequency" time="0">
    <skipped/>
  </testcase>
  <testcase name="UpdateFrequencyTest" classname="office.sirion.suite.clientAdmin.UpdateFrequency" time="13.466">
    <failure message="&#10;Data provider mismatch&#10;Method: UpdateFrequencyTest([Parameter{index=0, type=java.lang.String, declaredAnnotations=[]}, Parameter{index=1, type=java.lang.String, declaredAnnotations=[]}, Parameter{index=2, type=java.lang.String, declaredAnnotations=[]}])&#10;Arguments: []" type="org.testng.internal.reflect.MethodMatcherException">org.testng.internal.reflect.MethodMatcherException: 

Data provider mismatch
Method: UpdateFrequencyTest([Parameter{index=0, type=java.lang.String, declaredAnnotations=[]}, Parameter{index=1, type=java.lang.String, declaredAnnotations=[]}, Parameter{index=2, type=java.lang.String, declaredAnnotations=[]}])
Arguments: []
</failure>
  </testcase>
  <testcase name="reportTestResult" classname="office.sirion.suite.clientAdmin.UpdateFrequency" time="0">
    <skipped/>
  </testcase>
  <testcase name="checkTestSkip" classname="office.sirion.suite.clientAdmin.UpdateProject" time="0">
    <skipped/>
  </testcase>
  <testcase name="UpdateProjectTest" classname="office.sirion.suite.clientAdmin.UpdateProject" time="13.466">
    <failure message="&#10;Data provider mismatch&#10;Method: UpdateProjectTest([Parameter{index=0, type=java.lang.String, declaredAnnotations=[]}, Parameter{index=1, type=java.lang.String, declaredAnnotations=[]}, Parameter{index=2, type=java.lang.String, declaredAnnotations=[]}, Parameter{index=3, type=java.lang.String, declaredAnnotations=[]}, Parameter{index=4, type=java.lang.String, declaredAnnotations=[]}, Parameter{index=5, type=java.lang.String, declaredAnnotations=[]}, Parameter{index=6, type=java.lang.String, declaredAnnotations=[]}, Parameter{index=7, type=java.lang.String, declaredAnnotations=[]}])&#10;Arguments: []" type="org.testng.internal.reflect.MethodMatcherException">org.testng.internal.reflect.MethodMatcherException: 

Data provider mismatch
Method: UpdateProjectTest([Parameter{index=0, type=java.lang.String, declaredAnnotations=[]}, Parameter{index=1, type=java.lang.String, declaredAnnotations=[]}, Parameter{index=2, type=java.lang.String, declaredAnnotations=[]}, Parameter{index=3, type=java.lang.String, declaredAnnotations=[]}, Parameter{index=4, type=java.lang.String, declaredAnnotations=[]}, Parameter{index=5, type=java.lang.String, declaredAnnotations=[]}, Parameter{index=6, type=java.lang.String, declaredAnnotations=[]}, Parameter{index=7, type=java.lang.String, declaredAnnotations=[]}])
Arguments: []
</failure>
  </testcase>
  <testcase name="reportTestResult" classname="office.sirion.suite.clientAdmin.UpdateProject" time="0">
    <skipped/>
  </testcase>
  <testcase name="checkTestSkip" classname="office.sirion.suite.clientAdmin.UpdateTier" time="0">
    <skipped/>
  </testcase>
  <testcase name="TierCreation" classname="office.sirion.suite.clientAdmin.UpdateTier" time="13.467">
    <failure message="&#10;Data provider mismatch&#10;Method: TierCreation([Parameter{index=0, type=java.lang.String, declaredAnnotations=[]}, Parameter{index=1, type=java.lang.String, declaredAnnotations=[]}])&#10;Arguments: []" type="org.testng.internal.reflect.MethodMatcherException">org.testng.internal.reflect.MethodMatcherException: 

Data provider mismatch
Method: TierCreation([Parameter{index=0, type=java.lang.String, declaredAnnotations=[]}, Parameter{index=1, type=java.lang.String, declaredAnnotations=[]}])
Arguments: []
</failure>
  </testcase>
  <testcase name="reportTestResult" classname="office.sirion.suite.clientAdmin.UpdateTier" time="0">
    <skipped/>
  </testcase>
  <testcase name="checkTestSkip" classname="office.sirion.suite.clientAdmin.UpdateRegionHub" time="0">
    <skipped/>
  </testcase>
  <testcase name="UpdateRegionHubTest" classname="office.sirion.suite.clientAdmin.UpdateRegionHub" time="13.467">
    <failure message="&#10;Data provider mismatch&#10;Method: UpdateRegionHubTest([Parameter{index=0, type=java.lang.String, declaredAnnotations=[]}, Parameter{index=1, type=java.lang.String, declaredAnnotations=[]}, Parameter{index=2, type=java.lang.String, declaredAnnotations=[]}])&#10;Arguments: []" type="org.testng.internal.reflect.MethodMatcherException">org.testng.internal.reflect.MethodMatcherException: 

Data provider mismatch
Method: UpdateRegionHubTest([Parameter{index=0, type=java.lang.String, declaredAnnotations=[]}, Parameter{index=1, type=java.lang.String, declaredAnnotations=[]}, Parameter{index=2, type=java.lang.String, declaredAnnotations=[]}])
Arguments: []
</failure>
  </testcase>
  <testcase name="reportTestResult" classname="office.sirion.suite.clientAdmin.UpdateRegionHub" time="0">
    <skipped/>
  </testcase>
  <testcase name="checkTestSkip" classname="office.sirion.suite.clientAdmin.UpdateMarket" time="0">
    <skipped/>
  </testcase>
  <testcase name="UpdateMarketTest" classname="office.sirion.suite.clientAdmin.UpdateMarket" time="13.467">
    <failure message="&#10;Data provider mismatch&#10;Method: UpdateMarketTest([Parameter{index=0, type=java.lang.String, declaredAnnotations=[]}, Parameter{index=1, type=java.lang.String, declaredAnnotations=[]}, Parameter{index=2, type=java.lang.String, declaredAnnotations=[]}, Parameter{index=3, type=java.lang.String, declaredAnnotations=[]}, Parameter{index=4, type=java.lang.String, declaredAnnotations=[]}])&#10;Arguments: []" type="org.testng.internal.reflect.MethodMatcherException">org.testng.internal.reflect.MethodMatcherException: 

Data provider mismatch
Method: UpdateMarketTest([Parameter{index=0, type=java.lang.String, declaredAnnotations=[]}, Parameter{index=1, type=java.lang.String, declaredAnnotations=[]}, Parameter{index=2, type=java.lang.String, declaredAnnotations=[]}, Parameter{index=3, type=java.lang.String, declaredAnnotations=[]}, Parameter{index=4, type=java.lang.String, declaredAnnotations=[]}])
Arguments: []
</failure>
  </testcase>
  <testcase name="reportTestResult" classname="office.sirion.suite.clientAdmin.UpdateMarket" time="0">
    <skipped/>
  </testcase>
  <testcase name="checkTestSkip" classname="office.sirion.suite.clientAdmin.UpdateCompanyCode" time="0">
    <skipped/>
  </testcase>
  <testcase name="checkTestSkip" classname="office.sirion.suite.clientAdmin.UpdateInternalContractingParty" time="0">
    <skipped/>
  </testcase>
  <testcase name="UpdateCompanyCodeTest" classname="office.sirion.suite.clientAdmin.UpdateCompanyCode" time="13.467">
    <failure message="&#10;Data provider mismatch&#10;Method: UpdateCompanyCodeTest([Parameter{index=0, type=java.lang.String, declaredAnnotations=[]}, Parameter{index=1, type=java.lang.String, declaredAnnotations=[]}, Parameter{index=2, type=java.lang.String, declaredAnnotations=[]}, Parameter{index=3, type=java.lang.String, declaredAnnotations=[]}, Parameter{index=4, type=java.lang.String, declaredAnnotations=[]}, Parameter{index=5, type=java.lang.String, declaredAnnotations=[]}, Parameter{index=6, type=java.lang.String, declaredAnnotations=[]}])&#10;Arguments: []" type="org.testng.internal.reflect.MethodMatcherException">org.testng.internal.reflect.MethodMatcherException: 

Data provider mismatch
Method: UpdateCompanyCodeTest([Parameter{index=0, type=java.lang.String, declaredAnnotations=[]}, Parameter{index=1, type=java.lang.String, declaredAnnotations=[]}, Parameter{index=2, type=java.lang.String, declaredAnnotations=[]}, Parameter{index=3, type=java.lang.String, declaredAnnotations=[]}, Parameter{index=4, type=java.lang.String, declaredAnnotations=[]}, Parameter{index=5, type=java.lang.String, declaredAnnotations=[]}, Parameter{index=6, type=java.lang.String, declaredAnnotations=[]}])
Arguments: []
</failure>
  </testcase>
  <testcase name="reportTestResult" classname="office.sirion.suite.clientAdmin.UpdateCompanyCode" time="0">
    <skipped/>
  </testcase>
  <testcase name="UpdateInternalContractingPartyTest" classname="office.sirion.suite.clientAdmin.UpdateInternalContractingParty" time="13.468">
    <failure message="&#10;Data provider mismatch&#10;Method: UpdateInternalContractingPartyTest([Parameter{index=0, type=java.lang.String, declaredAnnotations=[]}, Parameter{index=1, type=java.lang.String, declaredAnnotations=[]}, Parameter{index=2, type=java.lang.String, declaredAnnotations=[]}, Parameter{index=3, type=java.lang.String, declaredAnnotations=[]}, Parameter{index=4, type=java.lang.String, declaredAnnotations=[]}, Parameter{index=5, type=java.lang.String, declaredAnnotations=[]}, Parameter{index=6, type=java.lang.String, declaredAnnotations=[]}])&#10;Arguments: []" type="org.testng.internal.reflect.MethodMatcherException">org.testng.internal.reflect.MethodMatcherException: 

Data provider mismatch
Method: UpdateInternalContractingPartyTest([Parameter{index=0, type=java.lang.String, declaredAnnotations=[]}, Parameter{index=1, type=java.lang.String, declaredAnnotations=[]}, Parameter{index=2, type=java.lang.String, declaredAnnotations=[]}, Parameter{index=3, type=java.lang.String, declaredAnnotations=[]}, Parameter{index=4, type=java.lang.String, declaredAnnotations=[]}, Parameter{index=5, type=java.lang.String, declaredAnnotations=[]}, Parameter{index=6, type=java.lang.String, declaredAnnotations=[]}])
Arguments: []
</failure>
  </testcase>
  <testcase name="reportTestResult" classname="office.sirion.suite.clientAdmin.UpdateInternalContractingParty" time="0">
    <skipped/>
  </testcase>
  <testcase name="checkTestSkip" classname="office.sirion.suite.clientAdmin.UpdateOBPerformanceType" time="0">
    <skipped/>
  </testcase>
  <testcase name="checkTestSkip" classname="office.sirion.suite.clientAdmin.UpdateOBPhase" time="0">
    <skipped/>
  </testcase>
  <testcase name="checkTestSkip" classname="office.sirion.suite.clientAdmin.UpdateOBCategory" time="0">
    <skipped/>
  </testcase>
  <testcase name="UpdateOBPerformanceTypeTest" classname="office.sirion.suite.clientAdmin.UpdateOBPerformanceType" time="13.468">
    <failure message="&#10;Data provider mismatch&#10;Method: UpdateOBPerformanceTypeTest([Parameter{index=0, type=java.lang.String, declaredAnnotations=[]}, Parameter{index=1, type=java.lang.String, declaredAnnotations=[]}, Parameter{index=2, type=java.lang.String, declaredAnnotations=[]}])&#10;Arguments: []" type="org.testng.internal.reflect.MethodMatcherException">org.testng.internal.reflect.MethodMatcherException: 

Data provider mismatch
Method: UpdateOBPerformanceTypeTest([Parameter{index=0, type=java.lang.String, declaredAnnotations=[]}, Parameter{index=1, type=java.lang.String, declaredAnnotations=[]}, Parameter{index=2, type=java.lang.String, declaredAnnotations=[]}])
Arguments: []
</failure>
  </testcase>
  <testcase name="UpdateOBPhaseTest" classname="office.sirion.suite.clientAdmin.UpdateOBPhase" time="13.468">
    <failure message="&#10;Data provider mismatch&#10;Method: UpdateOBPhaseTest([Parameter{index=0, type=java.lang.String, declaredAnnotations=[]}, Parameter{index=1, type=java.lang.String, declaredAnnotations=[]}, Parameter{index=2, type=java.lang.String, declaredAnnotations=[]}])&#10;Arguments: []" type="org.testng.internal.reflect.MethodMatcherException">org.testng.internal.reflect.MethodMatcherException: 

Data provider mismatch
Method: UpdateOBPhaseTest([Parameter{index=0, type=java.lang.String, declaredAnnotations=[]}, Parameter{index=1, type=java.lang.String, declaredAnnotations=[]}, Parameter{index=2, type=java.lang.String, declaredAnnotations=[]}])
Arguments: []
</failure>
  </testcase>
  <testcase name="UpdateOBCategoryTest" classname="office.sirion.suite.clientAdmin.UpdateOBCategory" time="13.468">
    <failure message="&#10;Data provider mismatch&#10;Method: UpdateOBCategoryTest([Parameter{index=0, type=java.lang.String, declaredAnnotations=[]}, Parameter{index=1, type=java.lang.String, declaredAnnotations=[]}, Parameter{index=2, type=java.lang.String, declaredAnnotations=[]}])&#10;Arguments: []" type="org.testng.internal.reflect.MethodMatcherException">org.testng.internal.reflect.MethodMatcherException: 

Data provider mismatch
Method: UpdateOBCategoryTest([Parameter{index=0, type=java.lang.String, declaredAnnotations=[]}, Parameter{index=1, type=java.lang.String, declaredAnnotations=[]}, Parameter{index=2, type=java.lang.String, declaredAnnotations=[]}])
Arguments: []
</failure>
  </testcase>
  <testcase name="reportTestResult" classname="office.sirion.suite.clientAdmin.UpdateOBPerformanceType" time="0">
    <skipped/>
  </testcase>
  <testcase name="reportTestResult" classname="office.sirion.suite.clientAdmin.UpdateOBPhase" time="0">
    <skipped/>
  </testcase>
  <testcase name="reportTestResult" classname="office.sirion.suite.clientAdmin.UpdateOBCategory" time="0">
    <skipped/>
  </testcase>
  <testcase name="checkTestSkip" classname="office.sirion.suite.clientAdmin.UpdateSLCategory" time="0">
    <skipped/>
  </testcase>
  <testcase name="UpdateSLCategoryTest" classname="office.sirion.suite.clientAdmin.UpdateSLCategory" time="13.469">
    <failure message="&#10;Data provider mismatch&#10;Method: UpdateSLCategoryTest([Parameter{index=0, type=java.lang.String, declaredAnnotations=[]}, Parameter{index=1, type=java.lang.String, declaredAnnotations=[]}, Parameter{index=2, type=java.lang.String, declaredAnnotations=[]}])&#10;Arguments: []" type="org.testng.internal.reflect.MethodMatcherException">org.testng.internal.reflect.MethodMatcherException: 

Data provider mismatch
Method: UpdateSLCategoryTest([Parameter{index=0, type=java.lang.String, declaredAnnotations=[]}, Parameter{index=1, type=java.lang.String, declaredAnnotations=[]}, Parameter{index=2, type=java.lang.String, declaredAnnotations=[]}])
Arguments: []
</failure>
  </testcase>
  <testcase name="reportTestResult" classname="office.sirion.suite.clientAdmin.UpdateSLCategory" time="0">
    <skipped/>
  </testcase>
  <testcase name="checkTestSkip" classname="office.sirion.suite.clientAdmin.UpdateSLSubCategory" time="0">
    <skipped/>
  </testcase>
  <testcase name="checkTestSkip" classname="office.sirion.suite.clientAdmin.UpdateSLItem" time="0">
    <skipped/>
  </testcase>
  <testcase name="checkTestSkip" classname="office.sirion.suite.clientAdmin.UpdateContractPaper" time="0">
    <skipped/>
  </testcase>
  <testcase name="UpdateSLSubCategoryTest" classname="office.sirion.suite.clientAdmin.UpdateSLSubCategory" time="13.469">
    <failure message="&#10;Data provider mismatch&#10;Method: UpdateSLSubCategoryTest([Parameter{index=0, type=java.lang.String, declaredAnnotations=[]}, Parameter{index=1, type=java.lang.String, declaredAnnotations=[]}, Parameter{index=2, type=java.lang.String, declaredAnnotations=[]}, Parameter{index=3, type=java.lang.String, declaredAnnotations=[]}])&#10;Arguments: []" type="org.testng.internal.reflect.MethodMatcherException">org.testng.internal.reflect.MethodMatcherException: 

Data provider mismatch
Method: UpdateSLSubCategoryTest([Parameter{index=0, type=java.lang.String, declaredAnnotations=[]}, Parameter{index=1, type=java.lang.String, declaredAnnotations=[]}, Parameter{index=2, type=java.lang.String, declaredAnnotations=[]}, Parameter{index=3, type=java.lang.String, declaredAnnotations=[]}])
Arguments: []
</failure>
  </testcase>
  <testcase name="reportTestResult" classname="office.sirion.suite.clientAdmin.UpdateSLSubCategory" time="0">
    <skipped/>
  </testcase>
  <testcase name="UpdateContractPaperTest" classname="office.sirion.suite.clientAdmin.UpdateContractPaper" time="13.469">
    <failure message="&#10;Data provider mismatch&#10;Method: UpdateContractPaperTest([Parameter{index=0, type=java.lang.String, declaredAnnotations=[]}, Parameter{index=1, type=java.lang.String, declaredAnnotations=[]}, Parameter{index=2, type=java.lang.String, declaredAnnotations=[]}])&#10;Arguments: []" type="org.testng.internal.reflect.MethodMatcherException">org.testng.internal.reflect.MethodMatcherException: 

Data provider mismatch
Method: UpdateContractPaperTest([Parameter{index=0, type=java.lang.String, declaredAnnotations=[]}, Parameter{index=1, type=java.lang.String, declaredAnnotations=[]}, Parameter{index=2, type=java.lang.String, declaredAnnotations=[]}])
Arguments: []
</failure>
  </testcase>
  <testcase name="UpdateSLItemTest" classname="office.sirion.suite.clientAdmin.UpdateSLItem" time="13.469">
    <failure message="&#10;Data provider mismatch&#10;Method: UpdateSLItemTest([Parameter{index=0, type=java.lang.String, declaredAnnotations=[]}, Parameter{index=1, type=java.lang.String, declaredAnnotations=[]}, Parameter{index=2, type=java.lang.String, declaredAnnotations=[]}, Parameter{index=3, type=java.lang.String, declaredAnnotations=[]}, Parameter{index=4, type=java.lang.String, declaredAnnotations=[]}])&#10;Arguments: []" type="org.testng.internal.reflect.MethodMatcherException">org.testng.internal.reflect.MethodMatcherException: 

Data provider mismatch
Method: UpdateSLItemTest([Parameter{index=0, type=java.lang.String, declaredAnnotations=[]}, Parameter{index=1, type=java.lang.String, declaredAnnotations=[]}, Parameter{index=2, type=java.lang.String, declaredAnnotations=[]}, Parameter{index=3, type=java.lang.String, declaredAnnotations=[]}, Parameter{index=4, type=java.lang.String, declaredAnnotations=[]}])
Arguments: []
</failure>
  </testcase>
  <testcase name="reportTestResult" classname="office.sirion.suite.clientAdmin.UpdateContractPaper" time="0">
    <skipped/>
  </testcase>
  <testcase name="reportTestResult" classname="office.sirion.suite.clientAdmin.UpdateSLItem" time="0">
    <skipped/>
  </testcase>
  <testcase name="checkTestSkip" classname="office.sirion.suite.clientAdmin.UpdateVendorClassification" time="0">
    <skipped/>
  </testcase>
  <testcase name="UpdateVendorClassificationTest" classname="office.sirion.suite.clientAdmin.UpdateVendorClassification" time="13.47">
    <failure message="&#10;Data provider mismatch&#10;Method: UpdateVendorClassificationTest([Parameter{index=0, type=java.lang.String, declaredAnnotations=[]}, Parameter{index=1, type=java.lang.String, declaredAnnotations=[]}, Parameter{index=2, type=java.lang.String, declaredAnnotations=[]}])&#10;Arguments: []" type="org.testng.internal.reflect.MethodMatcherException">org.testng.internal.reflect.MethodMatcherException: 

Data provider mismatch
Method: UpdateVendorClassificationTest([Parameter{index=0, type=java.lang.String, declaredAnnotations=[]}, Parameter{index=1, type=java.lang.String, declaredAnnotations=[]}, Parameter{index=2, type=java.lang.String, declaredAnnotations=[]}])
Arguments: []
</failure>
  </testcase>
  <testcase name="reportTestResult" classname="office.sirion.suite.clientAdmin.UpdateVendorClassification" time="0">
    <skipped/>
  </testcase>
  <testcase name="checkTestSkip" classname="office.sirion.suite.clientAdmin.UpdateTermType" time="0">
    <skipped/>
  </testcase>
  <testcase name="checkTestSkip" classname="office.sirion.suite.clientAdmin.UpdateContractType" time="0">
    <skipped/>
  </testcase>
  <testcase name="UpdateTermTypeTest" classname="office.sirion.suite.clientAdmin.UpdateTermType" time="13.47">
    <failure message="&#10;Data provider mismatch&#10;Method: UpdateTermTypeTest([Parameter{index=0, type=java.lang.String, declaredAnnotations=[]}, Parameter{index=1, type=java.lang.String, declaredAnnotations=[]}, Parameter{index=2, type=java.lang.String, declaredAnnotations=[]}])&#10;Arguments: []" type="org.testng.internal.reflect.MethodMatcherException">org.testng.internal.reflect.MethodMatcherException: 

Data provider mismatch
Method: UpdateTermTypeTest([Parameter{index=0, type=java.lang.String, declaredAnnotations=[]}, Parameter{index=1, type=java.lang.String, declaredAnnotations=[]}, Parameter{index=2, type=java.lang.String, declaredAnnotations=[]}])
Arguments: []
</failure>
  </testcase>
  <testcase name="UpdateTermTypeTest" classname="office.sirion.suite.clientAdmin.UpdateContractType" time="13.47">
    <failure message="&#10;Data provider mismatch&#10;Method: UpdateTermTypeTest([Parameter{index=0, type=java.lang.String, declaredAnnotations=[]}, Parameter{index=1, type=java.lang.String, declaredAnnotations=[]}, Parameter{index=2, type=java.lang.String, declaredAnnotations=[]}])&#10;Arguments: []" type="org.testng.internal.reflect.MethodMatcherException">org.testng.internal.reflect.MethodMatcherException: 

Data provider mismatch
Method: UpdateTermTypeTest([Parameter{index=0, type=java.lang.String, declaredAnnotations=[]}, Parameter{index=1, type=java.lang.String, declaredAnnotations=[]}, Parameter{index=2, type=java.lang.String, declaredAnnotations=[]}])
Arguments: []
</failure>
  </testcase>
  <testcase name="reportTestResult" classname="office.sirion.suite.clientAdmin.UpdateTermType" time="0">
    <skipped/>
  </testcase>
  <testcase name="reportTestResult" classname="office.sirion.suite.clientAdmin.UpdateContractType" time="0">
    <skipped/>
  </testcase>
  <testcase name="checkTestSkip" classname="office.sirion.suite.clientAdmin.UpdateActionType" time="0">
    <skipped/>
  </testcase>
  <testcase name="checkTestSkip" classname="office.sirion.suite.clientAdmin.UpdateCRType" time="0">
    <skipped/>
  </testcase>
  <testcase name="checkTestSkip" classname="office.sirion.suite.clientAdmin.UpdateIssueType" time="0">
    <skipped/>
  </testcase>
  <testcase name="UpdateCRTypeTest" classname="office.sirion.suite.clientAdmin.UpdateCRType" time="13.47">
    <failure message="&#10;Data provider mismatch&#10;Method: UpdateCRTypeTest([Parameter{index=0, type=java.lang.String, declaredAnnotations=[]}, Parameter{index=1, type=java.lang.String, declaredAnnotations=[]}, Parameter{index=2, type=java.lang.String, declaredAnnotations=[]}])&#10;Arguments: []" type="org.testng.internal.reflect.MethodMatcherException">org.testng.internal.reflect.MethodMatcherException: 

Data provider mismatch
Method: UpdateCRTypeTest([Parameter{index=0, type=java.lang.String, declaredAnnotations=[]}, Parameter{index=1, type=java.lang.String, declaredAnnotations=[]}, Parameter{index=2, type=java.lang.String, declaredAnnotations=[]}])
Arguments: []
</failure>
  </testcase>
  <testcase name="reportTestResult" classname="office.sirion.suite.clientAdmin.UpdateCRType" time="0">
    <skipped/>
  </testcase>
  <testcase name="UpdateIssueTypeTest" classname="office.sirion.suite.clientAdmin.UpdateIssueType" time="13.47">
    <failure message="&#10;Data provider mismatch&#10;Method: UpdateIssueTypeTest([Parameter{index=0, type=java.lang.String, declaredAnnotations=[]}, Parameter{index=1, type=java.lang.String, declaredAnnotations=[]}, Parameter{index=2, type=java.lang.String, declaredAnnotations=[]}])&#10;Arguments: []" type="org.testng.internal.reflect.MethodMatcherException">org.testng.internal.reflect.MethodMatcherException: 

Data provider mismatch
Method: UpdateIssueTypeTest([Parameter{index=0, type=java.lang.String, declaredAnnotations=[]}, Parameter{index=1, type=java.lang.String, declaredAnnotations=[]}, Parameter{index=2, type=java.lang.String, declaredAnnotations=[]}])
Arguments: []
</failure>
  </testcase>
  <testcase name="reportTestResult" classname="office.sirion.suite.clientAdmin.UpdateIssueType" time="0">
    <skipped/>
  </testcase>
  <testcase name="UpdateActionTypeTest" classname="office.sirion.suite.clientAdmin.UpdateActionType" time="13.471">
    <failure message="&#10;Data provider mismatch&#10;Method: UpdateActionTypeTest([Parameter{index=0, type=java.lang.String, declaredAnnotations=[]}, Parameter{index=1, type=java.lang.String, declaredAnnotations=[]}, Parameter{index=2, type=java.lang.String, declaredAnnotations=[]}])&#10;Arguments: []" type="org.testng.internal.reflect.MethodMatcherException">org.testng.internal.reflect.MethodMatcherException: 

Data provider mismatch
Method: UpdateActionTypeTest([Parameter{index=0, type=java.lang.String, declaredAnnotations=[]}, Parameter{index=1, type=java.lang.String, declaredAnnotations=[]}, Parameter{index=2, type=java.lang.String, declaredAnnotations=[]}])
Arguments: []
</failure>
  </testcase>
  <testcase name="reportTestResult" classname="office.sirion.suite.clientAdmin.UpdateActionType" time="0">
    <skipped/>
  </testcase>
  <testcase name="checkTestSkip" classname="office.sirion.suite.clientAdmin.UpdateCRClass" time="0">
    <skipped/>
  </testcase>
  <testcase name="checkTestSkip" classname="office.sirion.suite.clientAdmin.UpdateWORType" time="0">
    <skipped/>
  </testcase>
  <testcase name="UpdateInterpretationTypeTest" classname="office.sirion.suite.clientAdmin.UpdateWORType" time="13.471">
    <failure message="&#10;Data provider mismatch&#10;Method: UpdateInterpretationTypeTest([Parameter{index=0, type=java.lang.String, declaredAnnotations=[]}, Parameter{index=1, type=java.lang.String, declaredAnnotations=[]}, Parameter{index=2, type=java.lang.String, declaredAnnotations=[]}])&#10;Arguments: []" type="org.testng.internal.reflect.MethodMatcherException">org.testng.internal.reflect.MethodMatcherException: 

Data provider mismatch
Method: UpdateInterpretationTypeTest([Parameter{index=0, type=java.lang.String, declaredAnnotations=[]}, Parameter{index=1, type=java.lang.String, declaredAnnotations=[]}, Parameter{index=2, type=java.lang.String, declaredAnnotations=[]}])
Arguments: []
</failure>
  </testcase>
  <testcase name="reportTestResult" classname="office.sirion.suite.clientAdmin.UpdateWORType" time="0">
    <skipped/>
  </testcase>
  <testcase name="UpdateCRClassTest" classname="office.sirion.suite.clientAdmin.UpdateCRClass" time="13.471">
    <failure message="&#10;Data provider mismatch&#10;Method: UpdateCRClassTest([Parameter{index=0, type=java.lang.String, declaredAnnotations=[]}, Parameter{index=1, type=java.lang.String, declaredAnnotations=[]}, Parameter{index=2, type=java.lang.String, declaredAnnotations=[]}])&#10;Arguments: []" type="org.testng.internal.reflect.MethodMatcherException">org.testng.internal.reflect.MethodMatcherException: 

Data provider mismatch
Method: UpdateCRClassTest([Parameter{index=0, type=java.lang.String, declaredAnnotations=[]}, Parameter{index=1, type=java.lang.String, declaredAnnotations=[]}, Parameter{index=2, type=java.lang.String, declaredAnnotations=[]}])
Arguments: []
</failure>
  </testcase>
  <testcase name="reportTestResult" classname="office.sirion.suite.clientAdmin.UpdateCRClass" time="0">
    <skipped/>
  </testcase>
  <testcase name="checkTestSkip" classname="office.sirion.suite.clientAdmin.UpdateInterpretationType" time="0">
    <skipped/>
  </testcase>
  <testcase name="checkTestSkip" classname="office.sirion.suite.clientAdmin.UpdateGovernanceBodyType" time="0">
    <skipped/>
  </testcase>
  <testcase name="UpdateInterpretationTypeTest" classname="office.sirion.suite.clientAdmin.UpdateInterpretationType" time="13.471">
    <failure message="&#10;Data provider mismatch&#10;Method: UpdateInterpretationTypeTest([Parameter{index=0, type=java.lang.String, declaredAnnotations=[]}, Parameter{index=1, type=java.lang.String, declaredAnnotations=[]}, Parameter{index=2, type=java.lang.String, declaredAnnotations=[]}])&#10;Arguments: []" type="org.testng.internal.reflect.MethodMatcherException">org.testng.internal.reflect.MethodMatcherException: 

Data provider mismatch
Method: UpdateInterpretationTypeTest([Parameter{index=0, type=java.lang.String, declaredAnnotations=[]}, Parameter{index=1, type=java.lang.String, declaredAnnotations=[]}, Parameter{index=2, type=java.lang.String, declaredAnnotations=[]}])
Arguments: []
</failure>
  </testcase>
  <testcase name="UpdateGovernanceBodyTypeTest" classname="office.sirion.suite.clientAdmin.UpdateGovernanceBodyType" time="13.471">
    <failure message="&#10;Data provider mismatch&#10;Method: UpdateGovernanceBodyTypeTest([Parameter{index=0, type=java.lang.String, declaredAnnotations=[]}, Parameter{index=1, type=java.lang.String, declaredAnnotations=[]}, Parameter{index=2, type=java.lang.String, declaredAnnotations=[]}])&#10;Arguments: []" type="org.testng.internal.reflect.MethodMatcherException">org.testng.internal.reflect.MethodMatcherException: 

Data provider mismatch
Method: UpdateGovernanceBodyTypeTest([Parameter{index=0, type=java.lang.String, declaredAnnotations=[]}, Parameter{index=1, type=java.lang.String, declaredAnnotations=[]}, Parameter{index=2, type=java.lang.String, declaredAnnotations=[]}])
Arguments: []
</failure>
  </testcase>
  <testcase name="reportTestResult" classname="office.sirion.suite.clientAdmin.UpdateInterpretationType" time="0">
    <skipped/>
  </testcase>
  <testcase name="reportTestResult" classname="office.sirion.suite.clientAdmin.UpdateGovernanceBodyType" time="0">
    <skipped/>
  </testcase>
  <testcase name="checkTestSkip" classname="office.sirion.suite.clientAdmin.UpdateUnitType" time="0">
    <skipped/>
  </testcase>
  <testcase name="UpdateUnitTypeTest" classname="office.sirion.suite.clientAdmin.UpdateUnitType" time="13.471">
    <failure message="&#10;Data provider mismatch&#10;Method: UpdateUnitTypeTest([Parameter{index=0, type=java.lang.String, declaredAnnotations=[]}, Parameter{index=1, type=java.lang.String, declaredAnnotations=[]}, Parameter{index=2, type=java.lang.String, declaredAnnotations=[]}])&#10;Arguments: []" type="org.testng.internal.reflect.MethodMatcherException">org.testng.internal.reflect.MethodMatcherException: 

Data provider mismatch
Method: UpdateUnitTypeTest([Parameter{index=0, type=java.lang.String, declaredAnnotations=[]}, Parameter{index=1, type=java.lang.String, declaredAnnotations=[]}, Parameter{index=2, type=java.lang.String, declaredAnnotations=[]}])
Arguments: []
</failure>
  </testcase>
  <testcase name="reportTestResult" classname="office.sirion.suite.clientAdmin.UpdateUnitType" time="0">
    <skipped/>
  </testcase>
  <testcase name="checkTestSkip" classname="office.sirion.suite.clientAdmin.UpdateAgreementType" time="0">
    <skipped/>
  </testcase>
  <testcase name="UpdateAgreementTypeTest" classname="office.sirion.suite.clientAdmin.UpdateAgreementType" time="13.472">
    <failure message="&#10;Data provider mismatch&#10;Method: UpdateAgreementTypeTest([Parameter{index=0, type=java.lang.String, declaredAnnotations=[]}, Parameter{index=1, type=java.lang.String, declaredAnnotations=[]}, Parameter{index=2, type=java.lang.String, declaredAnnotations=[]}])&#10;Arguments: []" type="org.testng.internal.reflect.MethodMatcherException">org.testng.internal.reflect.MethodMatcherException: 

Data provider mismatch
Method: UpdateAgreementTypeTest([Parameter{index=0, type=java.lang.String, declaredAnnotations=[]}, Parameter{index=1, type=java.lang.String, declaredAnnotations=[]}, Parameter{index=2, type=java.lang.String, declaredAnnotations=[]}])
Arguments: []
</failure>
  </testcase>
  <testcase name="reportTestResult" classname="office.sirion.suite.clientAdmin.UpdateAgreementType" time="0">
    <skipped/>
  </testcase>
  <testcase name="checkTestSkip" classname="office.sirion.suite.clientAdmin.UpdateClauseCategory" time="0">
    <skipped/>
  </testcase>
  <testcase name="checkTestSkip" classname="office.sirion.suite.clientAdmin.UpdateClauseType" time="0">
    <skipped/>
  </testcase>
  <testcase name="UpdateClauseCategoryTest" classname="office.sirion.suite.clientAdmin.UpdateClauseCategory" time="13.472">
    <failure message="&#10;Data provider mismatch&#10;Method: UpdateClauseCategoryTest([Parameter{index=0, type=java.lang.String, declaredAnnotations=[]}, Parameter{index=1, type=java.lang.String, declaredAnnotations=[]}, Parameter{index=2, type=java.lang.String, declaredAnnotations=[]}])&#10;Arguments: []" type="org.testng.internal.reflect.MethodMatcherException">org.testng.internal.reflect.MethodMatcherException: 

Data provider mismatch
Method: UpdateClauseCategoryTest([Parameter{index=0, type=java.lang.String, declaredAnnotations=[]}, Parameter{index=1, type=java.lang.String, declaredAnnotations=[]}, Parameter{index=2, type=java.lang.String, declaredAnnotations=[]}])
Arguments: []
</failure>
  </testcase>
  <testcase name="reportTestResult" classname="office.sirion.suite.clientAdmin.UpdateClauseCategory" time="0">
    <skipped/>
  </testcase>
  <testcase name="UpdateClauseTypeTest" classname="office.sirion.suite.clientAdmin.UpdateClauseType" time="13.472">
    <failure message="&#10;Data provider mismatch&#10;Method: UpdateClauseTypeTest([Parameter{index=0, type=java.lang.String, declaredAnnotations=[]}, Parameter{index=1, type=java.lang.String, declaredAnnotations=[]}, Parameter{index=2, type=java.lang.String, declaredAnnotations=[]}])&#10;Arguments: []" type="org.testng.internal.reflect.MethodMatcherException">org.testng.internal.reflect.MethodMatcherException: 

Data provider mismatch
Method: UpdateClauseTypeTest([Parameter{index=0, type=java.lang.String, declaredAnnotations=[]}, Parameter{index=1, type=java.lang.String, declaredAnnotations=[]}, Parameter{index=2, type=java.lang.String, declaredAnnotations=[]}])
Arguments: []
</failure>
  </testcase>
  <testcase name="reportTestResult" classname="office.sirion.suite.clientAdmin.UpdateClauseType" time="0">
    <skipped/>
  </testcase>
  <testcase name="checkTestSkip" classname="office.sirion.suite.clientAdmin.UpdateCompanyPosition" time="0">
    <skipped/>
  </testcase>
  <testcase name="UpdateCompanyPositionTest" classname="office.sirion.suite.clientAdmin.UpdateCompanyPosition" time="13.472">
    <failure message="&#10;Data provider mismatch&#10;Method: UpdateCompanyPositionTest([Parameter{index=0, type=java.lang.String, declaredAnnotations=[]}, Parameter{index=1, type=java.lang.String, declaredAnnotations=[]}, Parameter{index=2, type=java.lang.String, declaredAnnotations=[]}])&#10;Arguments: []" type="org.testng.internal.reflect.MethodMatcherException">org.testng.internal.reflect.MethodMatcherException: 

Data provider mismatch
Method: UpdateCompanyPositionTest([Parameter{index=0, type=java.lang.String, declaredAnnotations=[]}, Parameter{index=1, type=java.lang.String, declaredAnnotations=[]}, Parameter{index=2, type=java.lang.String, declaredAnnotations=[]}])
Arguments: []
</failure>
  </testcase>
  <testcase name="reportTestResult" classname="office.sirion.suite.clientAdmin.UpdateCompanyPosition" time="0">
    <skipped/>
  </testcase>
  <testcase name="checkTestSkip" classname="office.sirion.suite.clientAdmin.UpdateIndustryType" time="0">
    <skipped/>
  </testcase>
  <testcase name="checkTestSkip" classname="office.sirion.suite.clientAdmin.UpdateRiskType" time="0">
    <skipped/>
  </testcase>
  <testcase name="UpdateRiskTypeTest" classname="office.sirion.suite.clientAdmin.UpdateRiskType" time="13.472">
    <failure message="&#10;Data provider mismatch&#10;Method: UpdateRiskTypeTest([Parameter{index=0, type=java.lang.String, declaredAnnotations=[]}, Parameter{index=1, type=java.lang.String, declaredAnnotations=[]}, Parameter{index=2, type=java.lang.String, declaredAnnotations=[]}])&#10;Arguments: []" type="org.testng.internal.reflect.MethodMatcherException">org.testng.internal.reflect.MethodMatcherException: 

Data provider mismatch
Method: UpdateRiskTypeTest([Parameter{index=0, type=java.lang.String, declaredAnnotations=[]}, Parameter{index=1, type=java.lang.String, declaredAnnotations=[]}, Parameter{index=2, type=java.lang.String, declaredAnnotations=[]}])
Arguments: []
</failure>
  </testcase>
  <testcase name="UpdateIndustryTypeTest" classname="office.sirion.suite.clientAdmin.UpdateIndustryType" time="13.473">
    <failure message="&#10;Data provider mismatch&#10;Method: UpdateIndustryTypeTest([Parameter{index=0, type=java.lang.String, declaredAnnotations=[]}, Parameter{index=1, type=java.lang.String, declaredAnnotations=[]}, Parameter{index=2, type=java.lang.String, declaredAnnotations=[]}])&#10;Arguments: []" type="org.testng.internal.reflect.MethodMatcherException">org.testng.internal.reflect.MethodMatcherException: 

Data provider mismatch
Method: UpdateIndustryTypeTest([Parameter{index=0, type=java.lang.String, declaredAnnotations=[]}, Parameter{index=1, type=java.lang.String, declaredAnnotations=[]}, Parameter{index=2, type=java.lang.String, declaredAnnotations=[]}])
Arguments: []
</failure>
  </testcase>
  <testcase name="reportTestResult" classname="office.sirion.suite.clientAdmin.UpdateRiskType" time="0">
    <skipped/>
  </testcase>
  <testcase name="reportTestResult" classname="office.sirion.suite.clientAdmin.UpdateIndustryType" time="0">
    <skipped/>
  </testcase>
  <testcase name="checkTestSkip" classname="office.sirion.suite.clientAdmin.UpdateTransactionType" time="0">
    <skipped/>
  </testcase>
  <testcase name="checkTestSkip" classname="office.sirion.suite.clientAdmin.UpdateTemplateCategory" time="0">
    <skipped/>
  </testcase>
  <testcase name="UpdateTemplateCategoryTest" classname="office.sirion.suite.clientAdmin.UpdateTemplateCategory" time="13.473">
    <failure message="&#10;Data provider mismatch&#10;Method: UpdateTemplateCategoryTest([Parameter{index=0, type=java.lang.String, declaredAnnotations=[]}, Parameter{index=1, type=java.lang.String, declaredAnnotations=[]}, Parameter{index=2, type=java.lang.String, declaredAnnotations=[]}])&#10;Arguments: []" type="org.testng.internal.reflect.MethodMatcherException">org.testng.internal.reflect.MethodMatcherException: 

Data provider mismatch
Method: UpdateTemplateCategoryTest([Parameter{index=0, type=java.lang.String, declaredAnnotations=[]}, Parameter{index=1, type=java.lang.String, declaredAnnotations=[]}, Parameter{index=2, type=java.lang.String, declaredAnnotations=[]}])
Arguments: []
</failure>
  </testcase>
  <testcase name="checkTestSkip" classname="office.sirion.suite.clientAdmin.UpdatePaperType" time="0">
    <skipped/>
  </testcase>
  <testcase name="reportTestResult" classname="office.sirion.suite.clientAdmin.UpdateTemplateCategory" time="0">
    <skipped/>
  </testcase>
  <testcase name="UpdateTransactionTypeTest" classname="office.sirion.suite.clientAdmin.UpdateTransactionType" time="13.473">
    <failure message="&#10;Data provider mismatch&#10;Method: UpdateTransactionTypeTest([Parameter{index=0, type=java.lang.String, declaredAnnotations=[]}, Parameter{index=1, type=java.lang.String, declaredAnnotations=[]}, Parameter{index=2, type=java.lang.String, declaredAnnotations=[]}])&#10;Arguments: []" type="org.testng.internal.reflect.MethodMatcherException">org.testng.internal.reflect.MethodMatcherException: 

Data provider mismatch
Method: UpdateTransactionTypeTest([Parameter{index=0, type=java.lang.String, declaredAnnotations=[]}, Parameter{index=1, type=java.lang.String, declaredAnnotations=[]}, Parameter{index=2, type=java.lang.String, declaredAnnotations=[]}])
Arguments: []
</failure>
  </testcase>
  <testcase name="reportTestResult" classname="office.sirion.suite.clientAdmin.UpdateTransactionType" time="0">
    <skipped/>
  </testcase>
  <testcase name="UpdatePaperTypeTest" classname="office.sirion.suite.clientAdmin.UpdatePaperType" time="13.473">
    <failure message="&#10;Data provider mismatch&#10;Method: UpdatePaperTypeTest([Parameter{index=0, type=java.lang.String, declaredAnnotations=[]}, Parameter{index=1, type=java.lang.String, declaredAnnotations=[]}, Parameter{index=2, type=java.lang.String, declaredAnnotations=[]}])&#10;Arguments: []" type="org.testng.internal.reflect.MethodMatcherException">org.testng.internal.reflect.MethodMatcherException: 

Data provider mismatch
Method: UpdatePaperTypeTest([Parameter{index=0, type=java.lang.String, declaredAnnotations=[]}, Parameter{index=1, type=java.lang.String, declaredAnnotations=[]}, Parameter{index=2, type=java.lang.String, declaredAnnotations=[]}])
Arguments: []
</failure>
  </testcase>
  <testcase name="reportTestResult" classname="office.sirion.suite.clientAdmin.UpdatePaperType" time="0">
    <skipped/>
  </testcase>
  <testcase name="checkTestSkip" classname="office.sirion.suite.clientAdmin.UpdateBusinessUnit" time="0">
    <skipped/>
  </testcase>
  <testcase name="UpdateBusinessUnitTest" classname="office.sirion.suite.clientAdmin.UpdateBusinessUnit" time="13.473">
    <failure message="&#10;Data provider mismatch&#10;Method: UpdateBusinessUnitTest([Parameter{index=0, type=java.lang.String, declaredAnnotations=[]}, Parameter{index=1, type=java.lang.String, declaredAnnotations=[]}, Parameter{index=2, type=java.lang.String, declaredAnnotations=[]}])&#10;Arguments: []" type="org.testng.internal.reflect.MethodMatcherException">org.testng.internal.reflect.MethodMatcherException: 

Data provider mismatch
Method: UpdateBusinessUnitTest([Parameter{index=0, type=java.lang.String, declaredAnnotations=[]}, Parameter{index=1, type=java.lang.String, declaredAnnotations=[]}, Parameter{index=2, type=java.lang.String, declaredAnnotations=[]}])
Arguments: []
</failure>
  </testcase>
  <testcase name="reportTestResult" classname="office.sirion.suite.clientAdmin.UpdateBusinessUnit" time="0">
    <skipped/>
  </testcase>
  <testcase name="checkTestSkip" classname="office.sirion.suite.clientAdmin.UpdateBusinessLine" time="0">
    <skipped/>
  </testcase>
  <testcase name="UpdateBusinessLineTest" classname="office.sirion.suite.clientAdmin.UpdateBusinessLine" time="13.474">
    <failure message="&#10;Data provider mismatch&#10;Method: UpdateBusinessLineTest([Parameter{index=0, type=java.lang.String, declaredAnnotations=[]}, Parameter{index=1, type=java.lang.String, declaredAnnotations=[]}, Parameter{index=2, type=java.lang.String, declaredAnnotations=[]}])&#10;Arguments: []" type="org.testng.internal.reflect.MethodMatcherException">org.testng.internal.reflect.MethodMatcherException: 

Data provider mismatch
Method: UpdateBusinessLineTest([Parameter{index=0, type=java.lang.String, declaredAnnotations=[]}, Parameter{index=1, type=java.lang.String, declaredAnnotations=[]}, Parameter{index=2, type=java.lang.String, declaredAnnotations=[]}])
Arguments: []
</failure>
  </testcase>
  <testcase name="reportTestResult" classname="office.sirion.suite.clientAdmin.UpdateBusinessLine" time="0">
    <skipped/>
  </testcase>
  <testcase name="checkTestSkip" classname="office.sirion.suite.clientAdmin.UpdateDiscrepancyReasonType" time="0">
    <skipped/>
  </testcase>
  <testcase name="UpdateDiscrepancyReasonTypeTest" classname="office.sirion.suite.clientAdmin.UpdateDiscrepancyReasonType" time="13.474">
    <failure message="&#10;Data provider mismatch&#10;Method: UpdateDiscrepancyReasonTypeTest([Parameter{index=0, type=java.lang.String, declaredAnnotations=[]}, Parameter{index=1, type=java.lang.String, declaredAnnotations=[]}, Parameter{index=2, type=java.lang.String, declaredAnnotations=[]}])&#10;Arguments: []" type="org.testng.internal.reflect.MethodMatcherException">org.testng.internal.reflect.MethodMatcherException: 

Data provider mismatch
Method: UpdateDiscrepancyReasonTypeTest([Parameter{index=0, type=java.lang.String, declaredAnnotations=[]}, Parameter{index=1, type=java.lang.String, declaredAnnotations=[]}, Parameter{index=2, type=java.lang.String, declaredAnnotations=[]}])
Arguments: []
</failure>
  </testcase>
  <testcase name="reportTestResult" classname="office.sirion.suite.clientAdmin.UpdateDiscrepancyReasonType" time="0">
    <skipped/>
  </testcase>
  <testcase name="checkTestSkip" classname="office.sirion.suite.clientAdmin.NotificationAlert" time="0">
    <skipped/>
  </testcase>
  <testcase name="NotificationAlertCreation" classname="office.sirion.suite.clientAdmin.NotificationAlert" time="0">
    <skipped/>
  </testcase>
  <testcase name="NotificationAlertCreation" classname="office.sirion.suite.clientAdmin.NotificationAlert" time="0">
    <skipped/>
  </testcase>
  <testcase name="reportDataSetResult" classname="office.sirion.suite.clientAdmin.NotificationAlert" time="0">
    <skipped/>
  </testcase>
  <testcase name="reportDataSetResult" classname="office.sirion.suite.clientAdmin.NotificationAlert" time="0">
    <skipped/>
  </testcase>
  <testcase name="checkTestSkip" classname="office.sirion.suite.clientAdmin.PasswordPolicy" time="0">
    <skipped/>
  </testcase>
  <testcase name="reportTestResult" classname="office.sirion.suite.clientAdmin.NotificationAlert" time="0">
    <skipped/>
  </testcase>
  <testcase name="PasswordPolicyTest" classname="office.sirion.suite.clientAdmin.PasswordPolicy" time="13.474">
    <failure message="&#10;Data provider mismatch&#10;Method: PasswordPolicyTest([Parameter{index=0, type=java.lang.String, declaredAnnotations=[]}, Parameter{index=1, type=java.lang.String, declaredAnnotations=[]}, Parameter{index=2, type=java.lang.String, declaredAnnotations=[]}, Parameter{index=3, type=java.lang.String, declaredAnnotations=[]}, Parameter{index=4, type=java.lang.String, declaredAnnotations=[]}, Parameter{index=5, type=java.lang.String, declaredAnnotations=[]}, Parameter{index=6, type=java.lang.String, declaredAnnotations=[]}, Parameter{index=7, type=java.lang.String, declaredAnnotations=[]}, Parameter{index=8, type=java.lang.String, declaredAnnotations=[]}, Parameter{index=9, type=java.lang.String, declaredAnnotations=[]}, Parameter{index=10, type=java.lang.String, declaredAnnotations=[]}, Parameter{index=11, type=java.lang.String, declaredAnnotations=[]}, Parameter{index=12, type=java.lang.String, declaredAnnotations=[]}, Parameter{index=13, type=java.lang.String, declaredAnnotations=[]}, Parameter{index=14, type=java.lang.String, declaredAnnotations=[]}, Parameter{index=15, type=java.lang.String, declaredAnnotations=[]}, Parameter{index=16, type=java.lang.String, declaredAnnotations=[]}, Parameter{index=17, type=java.lang.String, declaredAnnotations=[]}])&#10;Arguments: [(java.lang.String) No,(java.lang.String) 30.0,(java.lang.String) 30.0,(java.lang.String) 30.0,(java.lang.String) No,(java.lang.String) 5.0,(java.lang.String) 8.0,(java.lang.String) Must mix alpha and numeric characters,(java.lang.String) Cannot Contain Password,(java.lang.String) 20.0,(java.lang.String) No,(java.lang.String) 60.0,(java.lang.String) No,(java.lang.String) 20.0,(java.lang.String) 180.0,(java.lang.String) No,(java.lang.String) Yes,(java.lang.String) Auto reset users passwords,(java.lang.String) ]" type="org.testng.internal.reflect.MethodMatcherException">org.testng.internal.reflect.MethodMatcherException: 

Data provider mismatch
Method: PasswordPolicyTest([Parameter{index=0, type=java.lang.String, declaredAnnotations=[]}, Parameter{index=1, type=java.lang.String, declaredAnnotations=[]}, Parameter{index=2, type=java.lang.String, declaredAnnotations=[]}, Parameter{index=3, type=java.lang.String, declaredAnnotations=[]}, Parameter{index=4, type=java.lang.String, declaredAnnotations=[]}, Parameter{index=5, type=java.lang.String, declaredAnnotations=[]}, Parameter{index=6, type=java.lang.String, declaredAnnotations=[]}, Parameter{index=7, type=java.lang.String, declaredAnnotations=[]}, Parameter{index=8, type=java.lang.String, declaredAnnotations=[]}, Parameter{index=9, type=java.lang.String, declaredAnnotations=[]}, Parameter{index=10, type=java.lang.String, declaredAnnotations=[]}, Parameter{index=11, type=java.lang.String, declaredAnnotations=[]}, Parameter{index=12, type=java.lang.String, declaredAnnotations=[]}, Parameter{index=13, type=java.lang.String, declaredAnnotations=[]}, Parameter{index=14, type=java.lang.String, declaredAnnotations=[]}, Parameter{index=15, type=java.lang.String, declaredAnnotations=[]}, Parameter{index=16, type=java.lang.String, declaredAnnotations=[]}, Parameter{index=17, type=java.lang.String, declaredAnnotations=[]}])
Arguments: [(java.lang.String) No,(java.lang.String) 30.0,(java.lang.String) 30.0,(java.lang.String) 30.0,(java.lang.String) No,(java.lang.String) 5.0,(java.lang.String) 8.0,(java.lang.String) Must mix alpha and numeric characters,(java.lang.String) Cannot Contain Password,(java.lang.String) 20.0,(java.lang.String) No,(java.lang.String) 60.0,(java.lang.String) No,(java.lang.String) 20.0,(java.lang.String) 180.0,(java.lang.String) No,(java.lang.String) Yes,(java.lang.String) Auto reset users passwords,(java.lang.String) ]
</failure>
  </testcase>
  <testcase name="reportTestResult" classname="office.sirion.suite.clientAdmin.PasswordPolicy" time="0">
    <skipped/>
  </testcase>
  <testcase name="checkSuiteClosure" classname="office.sirion.suite.clientAdmin.PasswordPolicy" time="0">
    <skipped/>
  </testcase>
</testsuite>