<?xml version="1.0" encoding="UTF-8"?>
<!-- Generated by org.testng.reporters.JUnitReportReporter -->
<testsuite skipped="0" hostname="SL-ENG77-52LJL" name="office.sirion.suite.clientAdmin.NotificationAlert" tests="1" failures="0" timestamp="30 Apr 2019 08:03:31 GMT" time="0.001" errors="1">
  <testcase name="NotificationAlertCreation" time="0.001" classname="office.sirion.suite.clientAdmin.NotificationAlert">
    <error type="org.testng.internal.reflect.MethodMatcherException" message="
Data provider mismatch
Method: NotificationAlertCreation([Parameter{index=0, type=java.lang.String, declaredAnnotations=[]}, Parameter{index=1, type=java.lang.String, declaredAnnotations=[]}, Parameter{index=2, type=java.lang.String, declaredAnnotations=[]}, Parameter{index=3, type=java.lang.String, declaredAnnotations=[]}, Parameter{index=4, type=java.lang.String, declaredAnnotations=[]}, Parameter{index=5, type=java.lang.String, declaredAnnotations=[]}, Parameter{index=6, type=java.lang.String, declaredAnnotations=[]}, Parameter{index=7, type=java.lang.String, declaredAnnotations=[]}, Parameter{index=8, type=java.lang.String, declaredAnnotations=[]}, Parameter{index=9, type=java.lang.String, declaredAnnotations=[]}, Parameter{index=10, type=java.lang.String, declaredAnnotations=[]}, Parameter{index=11, type=java.lang.String, declaredAnnotations=[]}, Parameter{index=12, type=java.lang.String, declaredAnnotations=[]}, Parameter{index=13, type=java.lang.String, declaredAnnotations=[]}, Parameter{index=14, type=java.lang.String, declaredAnnotations=[]}, Parameter{index=15, type=java.lang.String, declaredAnnotations=[]}, Parameter{index=16, type=java.lang.String, declaredAnnotations=[]}, Parameter{index=17, type=java.lang.String, declaredAnnotations=[]}, Parameter{index=18, type=java.lang.String, declaredAnnotations=[]}, Parameter{index=19, type=java.lang.String, declaredAnnotations=[]}, Parameter{index=20, type=java.lang.String, declaredAnnotations=[]}, Parameter{index=21, type=java.lang.String, declaredAnnotations=[]}, Parameter{index=22, type=java.lang.String, declaredAnnotations=[]}, Parameter{index=23, type=java.lang.String, declaredAnnotations=[]}, Parameter{index=24, type=java.lang.String, declaredAnnotations=[]}, Parameter{index=25, type=java.lang.String, declaredAnnotations=[]}, Parameter{index=26, type=java.lang.String, declaredAnnotations=[]}, Parameter{index=27, type=java.lang.String, declaredAnnotations=[]}, Parameter{index=28, type=java.lang.String, declaredAnnotations=[]}, Parameter{index=29, type=java.lang.String, declaredAnnotations=[]}, Parameter{index=30, type=java.lang.String, declaredAnnotations=[]}, Parameter{index=31, type=java.lang.String, declaredAnnotations=[]}, Parameter{index=32, type=java.lang.String, declaredAnnotations=[]}, Parameter{index=33, type=java.lang.String, declaredAnnotations=[]}, Parameter{index=34, type=java.lang.String, declaredAnnotations=[]}, Parameter{index=35, type=java.lang.String, declaredAnnotations=[]}, Parameter{index=36, type=java.lang.String, declaredAnnotations=[]}, Parameter{index=37, type=java.lang.String, declaredAnnotations=[]}, Parameter{index=38, type=java.lang.String, declaredAnnotations=[]}, Parameter{index=39, type=java.lang.String, declaredAnnotations=[]}, Parameter{index=40, type=java.lang.String, declaredAnnotations=[]}, Parameter{index=41, type=java.lang.String, declaredAnnotations=[]}, Parameter{index=42, type=java.lang.String, declaredAnnotations=[]}, Parameter{index=43, type=java.lang.String, declaredAnnotations=[]}, Parameter{index=44, type=java.lang.String, declaredAnnotations=[]}, Parameter{index=45, type=java.lang.String, declaredAnnotations=[]}, Parameter{index=46, type=java.lang.String, declaredAnnotations=[]}, Parameter{index=47, type=java.lang.String, declaredAnnotations=[]}, Parameter{index=48, type=java.lang.String, declaredAnnotations=[]}, Parameter{index=49, type=java.lang.String, declaredAnnotations=[]}, Parameter{index=50, type=java.lang.String, declaredAnnotations=[]}, Parameter{index=51, type=java.lang.String, declaredAnnotations=[]}, Parameter{index=52, type=java.lang.String, declaredAnnotations=[]}, Parameter{index=53, type=java.lang.String, declaredAnnotations=[]}, Parameter{index=54, type=java.lang.String, declaredAnnotations=[]}, Parameter{index=55, type=java.lang.String, declaredAnnotations=[]}, Parameter{index=56, type=java.lang.String, declaredAnnotations=[]}, Parameter{index=57, type=java.lang.String, declaredAnnotations=[]}, Parameter{index=58, type=java.lang.String, declaredAnnotations=[]}, Parameter{index=59, type=java.lang.String, declaredAnnotations=[]}])
Arguments: [(java.lang.String) Contracts,(java.lang.String) Test_contract_manual_type_alert,(java.lang.String) Manual,(java.lang.String) [${Tier}==&#039;Tier - 2&#039;],(java.lang.String) Contract Manager,(java.lang.String) Contract Notification Alert Manual (Individual),(java.lang.String) ,(java.lang.String) ,(java.lang.String) ,(java.lang.String) ,(java.lang.String) ,(java.lang.String) ,(java.lang.String) ,(java.lang.String) ,(java.lang.String) ,(java.lang.String) ,(java.lang.String) ,(java.lang.String) ,(java.lang.String) ,(java.lang.String) ,(java.lang.String) ,(java.lang.String) ,(java.lang.String) ,(java.lang.String) ,(java.lang.String) ,(java.lang.String) ,(java.lang.String) ,(java.lang.String) ,(java.lang.String) ,(java.lang.String) ,(java.lang.String) ,(java.lang.String) ,(java.lang.String) ,(java.lang.String) ,(java.lang.String) ,(java.lang.String) ,(java.lang.String) ,(java.lang.String) ,(java.lang.String) ,(java.lang.String) ,(java.lang.String) ,(java.lang.String) ,(java.lang.String) ,(java.lang.String) ,(java.lang.String) ,(java.lang.String) ,(java.lang.String) ,(java.lang.String) ,(java.lang.String) ,(java.lang.String) ,(java.lang.String) ,(java.lang.String) ,(java.lang.String) ,(java.lang.String) ,(java.lang.String) ,(java.lang.String) ,(java.lang.String) ,(java.lang.String) ,(java.lang.String) ]">
      <![CDATA[org.testng.internal.reflect.MethodMatcherException: 
Data provider mismatch
Method: NotificationAlertCreation([Parameter{index=0, type=java.lang.String, declaredAnnotations=[]}, Parameter{index=1, type=java.lang.String, declaredAnnotations=[]}, Parameter{index=2, type=java.lang.String, declaredAnnotations=[]}, Parameter{index=3, type=java.lang.String, declaredAnnotations=[]}, Parameter{index=4, type=java.lang.String, declaredAnnotations=[]}, Parameter{index=5, type=java.lang.String, declaredAnnotations=[]}, Parameter{index=6, type=java.lang.String, declaredAnnotations=[]}, Parameter{index=7, type=java.lang.String, declaredAnnotations=[]}, Parameter{index=8, type=java.lang.String, declaredAnnotations=[]}, Parameter{index=9, type=java.lang.String, declaredAnnotations=[]}, Parameter{index=10, type=java.lang.String, declaredAnnotations=[]}, Parameter{index=11, type=java.lang.String, declaredAnnotations=[]}, Parameter{index=12, type=java.lang.String, declaredAnnotations=[]}, Parameter{index=13, type=java.lang.String, declaredAnnotations=[]}, Parameter{index=14, type=java.lang.String, declaredAnnotations=[]}, Parameter{index=15, type=java.lang.String, declaredAnnotations=[]}, Parameter{index=16, type=java.lang.String, declaredAnnotations=[]}, Parameter{index=17, type=java.lang.String, declaredAnnotations=[]}, Parameter{index=18, type=java.lang.String, declaredAnnotations=[]}, Parameter{index=19, type=java.lang.String, declaredAnnotations=[]}, Parameter{index=20, type=java.lang.String, declaredAnnotations=[]}, Parameter{index=21, type=java.lang.String, declaredAnnotations=[]}, Parameter{index=22, type=java.lang.String, declaredAnnotations=[]}, Parameter{index=23, type=java.lang.String, declaredAnnotations=[]}, Parameter{index=24, type=java.lang.String, declaredAnnotations=[]}, Parameter{index=25, type=java.lang.String, declaredAnnotations=[]}, Parameter{index=26, type=java.lang.String, declaredAnnotations=[]}, Parameter{index=27, type=java.lang.String, declaredAnnotations=[]}, Parameter{index=28, type=java.lang.String, declaredAnnotations=[]}, Parameter{index=29, type=java.lang.String, declaredAnnotations=[]}, Parameter{index=30, type=java.lang.String, declaredAnnotations=[]}, Parameter{index=31, type=java.lang.String, declaredAnnotations=[]}, Parameter{index=32, type=java.lang.String, declaredAnnotations=[]}, Parameter{index=33, type=java.lang.String, declaredAnnotations=[]}, Parameter{index=34, type=java.lang.String, declaredAnnotations=[]}, Parameter{index=35, type=java.lang.String, declaredAnnotations=[]}, Parameter{index=36, type=java.lang.String, declaredAnnotations=[]}, Parameter{index=37, type=java.lang.String, declaredAnnotations=[]}, Parameter{index=38, type=java.lang.String, declaredAnnotations=[]}, Parameter{index=39, type=java.lang.String, declaredAnnotations=[]}, Parameter{index=40, type=java.lang.String, declaredAnnotations=[]}, Parameter{index=41, type=java.lang.String, declaredAnnotations=[]}, Parameter{index=42, type=java.lang.String, declaredAnnotations=[]}, Parameter{index=43, type=java.lang.String, declaredAnnotations=[]}, Parameter{index=44, type=java.lang.String, declaredAnnotations=[]}, Parameter{index=45, type=java.lang.String, declaredAnnotations=[]}, Parameter{index=46, type=java.lang.String, declaredAnnotations=[]}, Parameter{index=47, type=java.lang.String, declaredAnnotations=[]}, Parameter{index=48, type=java.lang.String, declaredAnnotations=[]}, Parameter{index=49, type=java.lang.String, declaredAnnotations=[]}, Parameter{index=50, type=java.lang.String, declaredAnnotations=[]}, Parameter{index=51, type=java.lang.String, declaredAnnotations=[]}, Parameter{index=52, type=java.lang.String, declaredAnnotations=[]}, Parameter{index=53, type=java.lang.String, declaredAnnotations=[]}, Parameter{index=54, type=java.lang.String, declaredAnnotations=[]}, Parameter{index=55, type=java.lang.String, declaredAnnotations=[]}, Parameter{index=56, type=java.lang.String, declaredAnnotations=[]}, Parameter{index=57, type=java.lang.String, declaredAnnotations=[]}, Parameter{index=58, type=java.lang.String, declaredAnnotations=[]}, Parameter{index=59, type=java.lang.String, declaredAnnotations=[]}])
Arguments: [(java.lang.String) Contracts,(java.lang.String) Test_contract_manual_type_alert,(java.lang.String) Manual,(java.lang.String) [${Tier}=='Tier - 2'],(java.lang.String) Contract Manager,(java.lang.String) Contract Notification Alert Manual (Individual),(java.lang.String) ,(java.lang.String) ,(java.lang.String) ,(java.lang.String) ,(java.lang.String) ,(java.lang.String) ,(java.lang.String) ,(java.lang.String) ,(java.lang.String) ,(java.lang.String) ,(java.lang.String) ,(java.lang.String) ,(java.lang.String) ,(java.lang.String) ,(java.lang.String) ,(java.lang.String) ,(java.lang.String) ,(java.lang.String) ,(java.lang.String) ,(java.lang.String) ,(java.lang.String) ,(java.lang.String) ,(java.lang.String) ,(java.lang.String) ,(java.lang.String) ,(java.lang.String) ,(java.lang.String) ,(java.lang.String) ,(java.lang.String) ,(java.lang.String) ,(java.lang.String) ,(java.lang.String) ,(java.lang.String) ,(java.lang.String) ,(java.lang.String) ,(java.lang.String) ,(java.lang.String) ,(java.lang.String) ,(java.lang.String) ,(java.lang.String) ,(java.lang.String) ,(java.lang.String) ,(java.lang.String) ,(java.lang.String) ,(java.lang.String) ,(java.lang.String) ,(java.lang.String) ,(java.lang.String) ,(java.lang.String) ,(java.lang.String) ,(java.lang.String) ,(java.lang.String) ,(java.lang.String) ]
at org.testng.internal.reflect.DataProviderMethodMatcher.getConformingArguments(DataProviderMethodMatcher.java:45)
at org.testng.internal.Parameters.injectParameters(Parameters.java:796)
at org.testng.internal.Invoker.invokeTestMethods(Invoker.java:983)
at org.testng.internal.TestMethodWorker.invokeTestMethods(TestMethodWorker.java:125)
at org.testng.internal.TestMethodWorker.run(TestMethodWorker.java:109)
at org.testng.TestRunner.privateRun(TestRunner.java:648)
at org.testng.TestRunner.run(TestRunner.java:505)
at org.testng.SuiteRunner.runTest(SuiteRunner.java:455)
at org.testng.SuiteRunner.access$000(SuiteRunner.java:40)
at org.testng.SuiteRunner$SuiteWorker.run(SuiteRunner.java:489)
at org.testng.internal.thread.ThreadUtil$1.call(ThreadUtil.java:52)
at java.util.concurrent.FutureTask.run(Unknown Source)
at java.util.concurrent.ThreadPoolExecutor.runWorker(Unknown Source)
at java.util.concurrent.ThreadPoolExecutor$Worker.run(Unknown Source)
at java.lang.Thread.run(Unknown Source)
]]>
    </error>
  </testcase> <!-- NotificationAlertCreation -->
</testsuite> <!-- office.sirion.suite.clientAdmin.NotificationAlert -->
