<?xml version="1.0" encoding="UTF-8"?>
<!-- Generated by org.testng.reporters.JUnitReportReporter -->
<testsuite skipped="0" hostname="SL-ENG77-52LJL" name="office.sirion.suite.issue.IssueWorkflow" tests="1" failures="0" timestamp="06 Feb 2019 15:21:22 GMT" time="266.260" errors="0">
  <testcase name="IssueWorkflowTest" time="266.260" classname="office.sirion.suite.issue.IssueWorkflow"/>
</testsuite> <!-- office.sirion.suite.issue.IssueWorkflow -->
