<?xml version="1.0" encoding="UTF-8"?>
<!-- Generated by org.testng.reporters.JUnitReportReporter -->
<testsuite skipped="0" hostname="SL-ENG77-52LJL" name="office.sirion.suite.clientAdmin.OrganizationProperties" tests="1" failures="0" timestamp="30 Apr 2019 08:03:32 GMT" time="0.002" errors="1">
  <testcase name="OrganizationPropertiesTest" time="0.002" classname="office.sirion.suite.clientAdmin.OrganizationProperties">
    <error type="org.testng.internal.reflect.MethodMatcherException" message="
Data provider mismatch
Method: OrganizationPropertiesTest([Parameter{index=0, type=java.lang.String, declaredAnnotations=[]}, Parameter{index=1, type=java.lang.String, declaredAnnotations=[]}, Parameter{index=2, type=java.lang.String, declaredAnnotations=[]}, Parameter{index=3, type=java.lang.String, declaredAnnotations=[]}, Parameter{index=4, type=java.lang.String, declaredAnnotations=[]}, Parameter{index=5, type=java.lang.String, declaredAnnotations=[]}, Parameter{index=6, type=java.lang.String, declaredAnnotations=[]}, Parameter{index=7, type=java.lang.String, declaredAnnotations=[]}, Parameter{index=8, type=java.lang.String, declaredAnnotations=[]}, Parameter{index=9, type=java.lang.String, declaredAnnotations=[]}, Parameter{index=10, type=java.lang.String, declaredAnnotations=[]}, Parameter{index=11, type=java.lang.String, declaredAnnotations=[]}, Parameter{index=12, type=java.lang.String, declaredAnnotations=[]}, Parameter{index=13, type=java.lang.String, declaredAnnotations=[]}, Parameter{index=14, type=java.lang.String, declaredAnnotations=[]}, Parameter{index=15, type=java.lang.String, declaredAnnotations=[]}, Parameter{index=16, type=java.lang.String, declaredAnnotations=[]}, Parameter{index=17, type=java.lang.String, declaredAnnotations=[]}, Parameter{index=18, type=java.lang.String, declaredAnnotations=[]}, Parameter{index=19, type=java.lang.String, declaredAnnotations=[]}, Parameter{index=20, type=java.lang.String, declaredAnnotations=[]}, Parameter{index=21, type=java.lang.String, declaredAnnotations=[]}, Parameter{index=22, type=java.lang.String, declaredAnnotations=[]}, Parameter{index=23, type=java.lang.String, declaredAnnotations=[]}, Parameter{index=24, type=java.lang.String, declaredAnnotations=[]}, Parameter{index=25, type=java.lang.String, declaredAnnotations=[]}, Parameter{index=26, type=java.lang.String, declaredAnnotations=[]}, Parameter{index=27, type=java.lang.String, declaredAnnotations=[]}, Parameter{index=28, type=java.lang.String, declaredAnnotations=[]}, Parameter{index=29, type=java.lang.String, declaredAnnotations=[]}, Parameter{index=30, type=java.lang.String, declaredAnnotations=[]}, Parameter{index=31, type=java.lang.String, declaredAnnotations=[]}, Parameter{index=32, type=java.lang.String, declaredAnnotations=[]}, Parameter{index=33, type=java.lang.String, declaredAnnotations=[]}, Parameter{index=34, type=java.lang.String, declaredAnnotations=[]}, Parameter{index=35, type=java.lang.String, declaredAnnotations=[]}, Parameter{index=36, type=java.lang.String, declaredAnnotations=[]}, Parameter{index=37, type=java.lang.String, declaredAnnotations=[]}, Parameter{index=38, type=java.lang.String, declaredAnnotations=[]}, Parameter{index=39, type=java.lang.String, declaredAnnotations=[]}, Parameter{index=40, type=java.lang.String, declaredAnnotations=[]}, Parameter{index=41, type=java.lang.String, declaredAnnotations=[]}, Parameter{index=42, type=java.lang.String, declaredAnnotations=[]}, Parameter{index=43, type=java.lang.String, declaredAnnotations=[]}, Parameter{index=44, type=java.lang.String, declaredAnnotations=[]}, Parameter{index=45, type=java.lang.String, declaredAnnotations=[]}, Parameter{index=46, type=java.lang.String, declaredAnnotations=[]}, Parameter{index=47, type=java.lang.String, declaredAnnotations=[]}, Parameter{index=48, type=java.lang.String, declaredAnnotations=[]}, Parameter{index=49, type=java.lang.String, declaredAnnotations=[]}, Parameter{index=50, type=java.lang.String, declaredAnnotations=[]}, Parameter{index=51, type=java.lang.String, declaredAnnotations=[]}, Parameter{index=52, type=java.lang.String, declaredAnnotations=[]}, Parameter{index=53, type=java.lang.String, declaredAnnotations=[]}])
Arguments: [(java.lang.String) admin@sirionqa.office,(java.lang.String) admin123,(java.lang.String) D:/phase2-data/Attachments/,(java.lang.String) file,(java.lang.String) Entity,(java.lang.String) imap,(java.lang.String) 192.168.2.115,(java.lang.String) CONFIDENTIALITY AND DISCLAIMER
The information in this document is proprietary and confidential and is provided upon the recipient&#039;s promise to keep such information confidential. In no event may this information be supplied to third parties without &lt;Client&#039;s Name&gt;&#039;s prior written consent.
The following notice shall be reproduced on any copies permitted to be made:
&lt;Client&#039;s Name&gt; Confidential &amp; Proprietary. All rights reserved.,(java.lang.String) &lt;Client&#039;s Name&gt; Confidential &amp; Proprietary. All rights reserved. This report is for &lt;Client&#039;s Name&gt; internal administrative purpose only.,(java.lang.String) CONFIDENTIALITY AND DISCLAIMER
This is a system generated report that contains server timestamps. Please note that if you have not received this email directly from &lt;a href=&#039;mailto: abc@xyz.com&#039;&gt;abc@xyz.com&lt;/a&gt;, the contained information may have been altered by the sender.,(java.lang.String) ,(java.lang.String) ,(java.lang.String) ,(java.lang.String) MMM-dd-yyyy,(java.lang.String) MMM-dd-yyyy hh:mm:ss a z,(java.lang.String) MMM-dd-yyyy hh:mm a z,(java.lang.String) MMM-yyyy,(java.lang.String) yyyyMMMdd,(java.lang.String) MMM-yy,(java.lang.String) MMM-dd-yyyy kk:mm:ss,(java.lang.String) admin.mcd.gladiator@sirionqa.office,(java.lang.String) admin.mcd.gladiator@sirionqa.office,(java.lang.String) admin.mcd.gladiator@sirionqa.office,(java.lang.String) admin.mcd.gladiator@sirionqa.office,(java.lang.String) admin.mcd.gladiator@sirionqa.office,(java.lang.String) 143.0,(java.lang.String) admin@sirionqa.office,(java.lang.String) admin123,(java.lang.String) 192.168.2.115,(java.lang.String) 25.0,(java.lang.String) true,(java.lang.String) 25000.0,(java.lang.String) 25000.0,(java.lang.String) FALSE,(java.lang.String) FALSE,(java.lang.String) false,(java.lang.String) http://wso2.org/claims/organization,(java.lang.String) dd-yyyy-MMM hh:mm:ss z,(java.lang.String) 5000.0,(java.lang.String) MMM-yyyy-dd hh:mm:ss z,(java.lang.String) MCD Autodev Weekly Reminder,(java.lang.String) false,(java.lang.String) 5000.0,(java.lang.String) fIXZ1mvA9rE27NTCISrnPwlR,(java.lang.String) bid,(java.lang.String) 2.0,(java.lang.String) 24 Hour,(java.lang.String) 50.0,(java.lang.String) 8.0,(java.lang.String) ,(java.lang.String) 1.0,(java.lang.String) NO,(java.lang.String) ]">
      <![CDATA[org.testng.internal.reflect.MethodMatcherException: 
Data provider mismatch
Method: OrganizationPropertiesTest([Parameter{index=0, type=java.lang.String, declaredAnnotations=[]}, Parameter{index=1, type=java.lang.String, declaredAnnotations=[]}, Parameter{index=2, type=java.lang.String, declaredAnnotations=[]}, Parameter{index=3, type=java.lang.String, declaredAnnotations=[]}, Parameter{index=4, type=java.lang.String, declaredAnnotations=[]}, Parameter{index=5, type=java.lang.String, declaredAnnotations=[]}, Parameter{index=6, type=java.lang.String, declaredAnnotations=[]}, Parameter{index=7, type=java.lang.String, declaredAnnotations=[]}, Parameter{index=8, type=java.lang.String, declaredAnnotations=[]}, Parameter{index=9, type=java.lang.String, declaredAnnotations=[]}, Parameter{index=10, type=java.lang.String, declaredAnnotations=[]}, Parameter{index=11, type=java.lang.String, declaredAnnotations=[]}, Parameter{index=12, type=java.lang.String, declaredAnnotations=[]}, Parameter{index=13, type=java.lang.String, declaredAnnotations=[]}, Parameter{index=14, type=java.lang.String, declaredAnnotations=[]}, Parameter{index=15, type=java.lang.String, declaredAnnotations=[]}, Parameter{index=16, type=java.lang.String, declaredAnnotations=[]}, Parameter{index=17, type=java.lang.String, declaredAnnotations=[]}, Parameter{index=18, type=java.lang.String, declaredAnnotations=[]}, Parameter{index=19, type=java.lang.String, declaredAnnotations=[]}, Parameter{index=20, type=java.lang.String, declaredAnnotations=[]}, Parameter{index=21, type=java.lang.String, declaredAnnotations=[]}, Parameter{index=22, type=java.lang.String, declaredAnnotations=[]}, Parameter{index=23, type=java.lang.String, declaredAnnotations=[]}, Parameter{index=24, type=java.lang.String, declaredAnnotations=[]}, Parameter{index=25, type=java.lang.String, declaredAnnotations=[]}, Parameter{index=26, type=java.lang.String, declaredAnnotations=[]}, Parameter{index=27, type=java.lang.String, declaredAnnotations=[]}, Parameter{index=28, type=java.lang.String, declaredAnnotations=[]}, Parameter{index=29, type=java.lang.String, declaredAnnotations=[]}, Parameter{index=30, type=java.lang.String, declaredAnnotations=[]}, Parameter{index=31, type=java.lang.String, declaredAnnotations=[]}, Parameter{index=32, type=java.lang.String, declaredAnnotations=[]}, Parameter{index=33, type=java.lang.String, declaredAnnotations=[]}, Parameter{index=34, type=java.lang.String, declaredAnnotations=[]}, Parameter{index=35, type=java.lang.String, declaredAnnotations=[]}, Parameter{index=36, type=java.lang.String, declaredAnnotations=[]}, Parameter{index=37, type=java.lang.String, declaredAnnotations=[]}, Parameter{index=38, type=java.lang.String, declaredAnnotations=[]}, Parameter{index=39, type=java.lang.String, declaredAnnotations=[]}, Parameter{index=40, type=java.lang.String, declaredAnnotations=[]}, Parameter{index=41, type=java.lang.String, declaredAnnotations=[]}, Parameter{index=42, type=java.lang.String, declaredAnnotations=[]}, Parameter{index=43, type=java.lang.String, declaredAnnotations=[]}, Parameter{index=44, type=java.lang.String, declaredAnnotations=[]}, Parameter{index=45, type=java.lang.String, declaredAnnotations=[]}, Parameter{index=46, type=java.lang.String, declaredAnnotations=[]}, Parameter{index=47, type=java.lang.String, declaredAnnotations=[]}, Parameter{index=48, type=java.lang.String, declaredAnnotations=[]}, Parameter{index=49, type=java.lang.String, declaredAnnotations=[]}, Parameter{index=50, type=java.lang.String, declaredAnnotations=[]}, Parameter{index=51, type=java.lang.String, declaredAnnotations=[]}, Parameter{index=52, type=java.lang.String, declaredAnnotations=[]}, Parameter{index=53, type=java.lang.String, declaredAnnotations=[]}])
Arguments: [(java.lang.String) admin@sirionqa.office,(java.lang.String) admin123,(java.lang.String) D:/phase2-data/Attachments/,(java.lang.String) file,(java.lang.String) Entity,(java.lang.String) imap,(java.lang.String) 192.168.2.115,(java.lang.String) CONFIDENTIALITY AND DISCLAIMER
The information in this document is proprietary and confidential and is provided upon the recipient's promise to keep such information confidential. In no event may this information be supplied to third parties without <Client's Name>'s prior written consent.
The following notice shall be reproduced on any copies permitted to be made:
<Client's Name> Confidential & Proprietary. All rights reserved.,(java.lang.String) <Client's Name> Confidential & Proprietary. All rights reserved. This report is for <Client's Name> internal administrative purpose only.,(java.lang.String) CONFIDENTIALITY AND DISCLAIMER
This is a system generated report that contains server timestamps. Please note that if you have not received this email directly from <a href='mailto: abc@xyz.com'>abc@xyz.com</a>, the contained information may have been altered by the sender.,(java.lang.String) ,(java.lang.String) ,(java.lang.String) ,(java.lang.String) MMM-dd-yyyy,(java.lang.String) MMM-dd-yyyy hh:mm:ss a z,(java.lang.String) MMM-dd-yyyy hh:mm a z,(java.lang.String) MMM-yyyy,(java.lang.String) yyyyMMMdd,(java.lang.String) MMM-yy,(java.lang.String) MMM-dd-yyyy kk:mm:ss,(java.lang.String) admin.mcd.gladiator@sirionqa.office,(java.lang.String) admin.mcd.gladiator@sirionqa.office,(java.lang.String) admin.mcd.gladiator@sirionqa.office,(java.lang.String) admin.mcd.gladiator@sirionqa.office,(java.lang.String) admin.mcd.gladiator@sirionqa.office,(java.lang.String) 143.0,(java.lang.String) admin@sirionqa.office,(java.lang.String) admin123,(java.lang.String) 192.168.2.115,(java.lang.String) 25.0,(java.lang.String) true,(java.lang.String) 25000.0,(java.lang.String) 25000.0,(java.lang.String) FALSE,(java.lang.String) FALSE,(java.lang.String) false,(java.lang.String) http://wso2.org/claims/organization,(java.lang.String) dd-yyyy-MMM hh:mm:ss z,(java.lang.String) 5000.0,(java.lang.String) MMM-yyyy-dd hh:mm:ss z,(java.lang.String) MCD Autodev Weekly Reminder,(java.lang.String) false,(java.lang.String) 5000.0,(java.lang.String) fIXZ1mvA9rE27NTCISrnPwlR,(java.lang.String) bid,(java.lang.String) 2.0,(java.lang.String) 24 Hour,(java.lang.String) 50.0,(java.lang.String) 8.0,(java.lang.String) ,(java.lang.String) 1.0,(java.lang.String) NO,(java.lang.String) ]
at org.testng.internal.reflect.DataProviderMethodMatcher.getConformingArguments(DataProviderMethodMatcher.java:45)
at org.testng.internal.Parameters.injectParameters(Parameters.java:796)
at org.testng.internal.Invoker.invokeTestMethods(Invoker.java:983)
at org.testng.internal.TestMethodWorker.invokeTestMethods(TestMethodWorker.java:125)
at org.testng.internal.TestMethodWorker.run(TestMethodWorker.java:109)
at org.testng.TestRunner.privateRun(TestRunner.java:648)
at org.testng.TestRunner.run(TestRunner.java:505)
at org.testng.SuiteRunner.runTest(SuiteRunner.java:455)
at org.testng.SuiteRunner.access$000(SuiteRunner.java:40)
at org.testng.SuiteRunner$SuiteWorker.run(SuiteRunner.java:489)
at org.testng.internal.thread.ThreadUtil$1.call(ThreadUtil.java:52)
at java.util.concurrent.FutureTask.run(Unknown Source)
at java.util.concurrent.ThreadPoolExecutor.runWorker(Unknown Source)
at java.util.concurrent.ThreadPoolExecutor$Worker.run(Unknown Source)
at java.lang.Thread.run(Unknown Source)
]]>
    </error>
  </testcase> <!-- OrganizationPropertiesTest -->
</testsuite> <!-- office.sirion.suite.clientAdmin.OrganizationProperties -->
