<?xml version="1.0" encoding="UTF-8"?>
<!-- Generated by org.testng.reporters.JUnitReportReporter -->
<testsuite hostname="SL-ENG77-DMDXL" failures="0" tests="2" name="office.sirion.suite.clientAdmin.ServiceCategory" time="0.000" errors="0" timestamp="20 Apr 2020 11:08:08 GMT" skipped="2">
  <testcase classname="office.sirion.suite.clientAdmin.ServiceCategory" name="ServiceCategoryCreation" time="0.000">
    <skipped/>
  </testcase> <!-- ServiceCategoryCreation -->
  <testcase classname="office.sirion.suite.clientAdmin.ServiceCategory" name="ServiceCategoryCreation" time="0.000">
    <skipped/>
  </testcase> <!-- ServiceCategoryCreation -->
</testsuite> <!-- office.sirion.suite.clientAdmin.ServiceCategory -->
