<?xml version="1.0" encoding="UTF-8"?>
<!-- Generated by org.testng.reporters.JUnitReportReporter -->
<testsuite hostname="SL-ENG77-DMDXL" failures="0" tests="8" name="office.sirion.suite.clientAdmin.Service" time="0.000" errors="0" timestamp="20 Apr 2020 11:08:08 GMT" skipped="8">
  <testcase classname="office.sirion.suite.clientAdmin.Service" name="ServiceCreation" time="0.000">
    <skipped/>
  </testcase> <!-- ServiceCreation -->
  <testcase classname="office.sirion.suite.clientAdmin.Service" name="ServiceCreation" time="0.000">
    <skipped/>
  </testcase> <!-- ServiceCreation -->
  <testcase classname="office.sirion.suite.clientAdmin.Service" name="ServiceCreation" time="0.000">
    <skipped/>
  </testcase> <!-- ServiceCreation -->
  <testcase classname="office.sirion.suite.clientAdmin.Service" name="ServiceCreation" time="0.000">
    <skipped/>
  </testcase> <!-- ServiceCreation -->
  <testcase classname="office.sirion.suite.clientAdmin.Service" name="ServiceCreation" time="0.000">
    <skipped/>
  </testcase> <!-- ServiceCreation -->
  <testcase classname="office.sirion.suite.clientAdmin.Service" name="ServiceCreation" time="0.000">
    <skipped/>
  </testcase> <!-- ServiceCreation -->
  <testcase classname="office.sirion.suite.clientAdmin.Service" name="ServiceCreation" time="0.000">
    <skipped/>
  </testcase> <!-- ServiceCreation -->
  <testcase classname="office.sirion.suite.clientAdmin.Service" name="ServiceCreation" time="0.000">
    <skipped/>
  </testcase> <!-- ServiceCreation -->
</testsuite> <!-- office.sirion.suite.clientAdmin.Service -->
